0:	| -1	| -1	| -1	| -1	| -1	| -1	| -1	| -1	|: page requested: 0 :  miss
1:	| 0	| -1	| -1	| -1	| -1	| -1	| -1	| -1	|: page requested: 1 :  miss
2:	| 1	| -1	| -1	| -1	| -1	| -1	| -1	| -1	|: page requested: 2 :  miss
3:	| 1	| 2	| -1	| -1	| -1	| -1	| -1	| -1	|: page requested: 3 :  miss
4:	| 1	| 2	| 3	| -1	| -1	| -1	| -1	| -1	|: page requested: 4 :  miss
5:	| 1	| 2	| 3	| 4	| -1	| -1	| -1	| -1	|: page requested: 5 :  miss
6:	| 1	| 2	| 3	| 4	| 5	| -1	| -1	| -1	|: page requested: 6 :  miss
7:	| 1	| 2	| 3	| 4	| 5	| 6	| -1	| -1	|: page requested: 7 :  miss
8:	| 1	| 2	| 3	| 4	| 5	| 6	| 7	| -1	|: page requested: 8 :  miss
9:	| 1	| 2	| 3	| 4	| 5	| 6	| 7	| 8	|: page requested: 9 :  miss
10:	| 9	| 2	| 3	| 4	| 5	| 6	| 7	| 8	|: page requested: 10 :  miss
11:	| 9	| 10	| 3	| 4	| 5	| 6	| 7	| 8	|: page requested: 11 :  miss
12:	| 9	| 10	| 11	| 4	| 5	| 6	| 7	| 8	|: page requested: 12 :  miss
13:	| 9	| 10	| 11	| 12	| 5	| 6	| 7	| 8	|: page requested: 13 :  miss
14:	| 9	| 10	| 11	| 12	| 13	| 6	| 7	| 8	|: page requested: 14 :  miss
15:	| 9	| 10	| 11	| 12	| 13	| 14	| 7	| 8	|: page requested: 15 :  miss
16:	| 9	| 10	| 11	| 12	| 13	| 14	| 15	| 8	|: page requested: 16 :  miss
17:	| 9	| 10	| 11	| 12	| 13	| 14	| 15	| 16	|: page requested: 17 :  miss
18:	| 17	| 10	| 11	| 12	| 13	| 14	| 15	| 16	|: page requested: 18 :  miss
19:	| 17	| 18	| 11	| 12	| 13	| 14	| 15	| 16	|: page requested: 19 :  miss
20:	| 17	| 18	| 19	| 12	| 13	| 14	| 15	| 16	|: page requested: 20 :  miss
21:	| 17	| 18	| 19	| 20	| 13	| 14	| 15	| 16	|: page requested: 21 :  miss
22:	| 17	| 18	| 19	| 20	| 21	| 14	| 15	| 16	|: page requested: 22 :  miss
23:	| 17	| 18	| 19	| 20	| 21	| 22	| 15	| 16	|: page requested: 23 :  miss
24:	| 17	| 18	| 19	| 20	| 21	| 22	| 23	| 16	|: page requested: 24 :  miss
25:	| 17	| 18	| 19	| 20	| 21	| 22	| 23	| 24	|: page requested: 25 :  miss
26:	| 25	| 18	| 19	| 20	| 21	| 22	| 23	| 24	|: page requested: 26 :  miss
27:	| 25	| 26	| 19	| 20	| 21	| 22	| 23	| 24	|: page requested: 27 :  miss
28:	| 25	| 26	| 27	| 20	| 21	| 22	| 23	| 24	|: page requested: 28 :  miss
29:	| 25	| 26	| 27	| 28	| 21	| 22	| 23	| 24	|: page requested: 29 :  miss
30:	| 25	| 26	| 27	| 28	| 29	| 22	| 23	| 24	|: page requested: 30 :  miss
31:	| 25	| 26	| 27	| 28	| 29	| 30	| 23	| 24	|: page requested: 31 :  miss
32:	| 25	| 26	| 27	| 28	| 29	| 30	| 31	| 24	|: page requested: 0 :  miss
33:	| 25	| 26	| 27	| 28	| 29	| 30	| 31	| 0	|: page requested: 1 :  miss
34:	| 1	| 26	| 27	| 28	| 29	| 30	| 31	| 0	|: page requested: 2 :  miss
35:	| 1	| 2	| 27	| 28	| 29	| 30	| 31	| 0	|: page requested: 3 :  miss
36:	| 1	| 2	| 3	| 28	| 29	| 30	| 31	| 0	|: page requested: 4 :  miss
37:	| 1	| 2	| 3	| 4	| 29	| 30	| 31	| 0	|: page requested: 5 :  miss
38:	| 1	| 2	| 3	| 4	| 5	| 30	| 31	| 0	|: page requested: 6 :  miss
39:	| 1	| 2	| 3	| 4	| 5	| 6	| 31	| 0	|: page requested: 7 :  miss
40:	| 1	| 2	| 3	| 4	| 5	| 6	| 7	| 0	|: page requested: 8 :  miss
41:	| 1	| 2	| 3	| 4	| 5	| 6	| 7	| 8	|: page requested: 9 :  miss
42:	| 9	| 2	| 3	| 4	| 5	| 6	| 7	| 8	|: page requested: 10 :  miss
43:	| 9	| 10	| 3	| 4	| 5	| 6	| 7	| 8	|: page requested: 11 :  miss
44:	| 9	| 10	| 11	| 4	| 5	| 6	| 7	| 8	|: page requested: 12 :  miss
45:	| 9	| 10	| 11	| 12	| 5	| 6	| 7	| 8	|: page requested: 13 :  miss
46:	| 9	| 10	| 11	| 12	| 13	| 6	| 7	| 8	|: page requested: 14 :  miss
47:	| 9	| 10	| 11	| 12	| 13	| 14	| 7	| 8	|: page requested: 15 :  miss
48:	| 9	| 10	| 11	| 12	| 13	| 14	| 15	| 8	|: page requested: 16 :  miss
49:	| 9	| 10	| 11	| 12	| 13	| 14	| 15	| 16	|: page requested: 17 :  miss
50:	| 17	| 10	| 11	| 12	| 13	| 14	| 15	| 16	|: page requested: 18 :  miss
51:	| 17	| 18	| 11	| 12	| 13	| 14	| 15	| 16	|: page requested: 19 :  miss
52:	| 17	| 18	| 19	| 12	| 13	| 14	| 15	| 16	|: page requested: 20 :  miss
53:	| 17	| 18	| 19	| 20	| 13	| 14	| 15	| 16	|: page requested: 21 :  miss
54:	| 17	| 18	| 19	| 20	| 21	| 14	| 15	| 16	|: page requested: 22 :  miss
55:	| 17	| 18	| 19	| 20	| 21	| 22	| 15	| 16	|: page requested: 23 :  miss
56:	| 17	| 18	| 19	| 20	| 21	| 22	| 23	| 16	|: page requested: 24 :  miss
57:	| 17	| 18	| 19	| 20	| 21	| 22	| 23	| 24	|: page requested: 25 :  miss
58:	| 25	| 18	| 19	| 20	| 21	| 22	| 23	| 24	|: page requested: 26 :  miss
59:	| 25	| 26	| 19	| 20	| 21	| 22	| 23	| 24	|: page requested: 27 :  miss
60:	| 25	| 26	| 27	| 20	| 21	| 22	| 23	| 24	|: page requested: 28 :  miss
61:	| 25	| 26	| 27	| 28	| 21	| 22	| 23	| 24	|: page requested: 29 :  miss
62:	| 25	| 26	| 27	| 28	| 29	| 22	| 23	| 24	|: page requested: 30 :  miss
63:	| 25	| 26	| 27	| 28	| 29	| 30	| 23	| 24	|: page requested: 31 :  miss
64:	| 25	| 26	| 27	| 28	| 29	| 30	| 31	| 24	|: page requested: 0 :  miss
65:	| 25	| 26	| 27	| 28	| 29	| 30	| 31	| 0	|: page requested: 1 :  miss
66:	| 1	| 26	| 27	| 28	| 29	| 30	| 31	| 0	|: page requested: 2 :  miss
67:	| 1	| 2	| 27	| 28	| 29	| 30	| 31	| 0	|: page requested: 3 :  miss
68:	| 1	| 2	| 3	| 28	| 29	| 30	| 31	| 0	|: page requested: 4 :  miss
69:	| 1	| 2	| 3	| 4	| 29	| 30	| 31	| 0	|: page requested: 5 :  miss
70:	| 1	| 2	| 3	| 4	| 5	| 30	| 31	| 0	|: page requested: 6 :  miss
71:	| 1	| 2	| 3	| 4	| 5	| 6	| 31	| 0	|: page requested: 7 :  miss
72:	| 1	| 2	| 3	| 4	| 5	| 6	| 7	| 0	|: page requested: 8 :  miss
73:	| 1	| 2	| 3	| 4	| 5	| 6	| 7	| 8	|: page requested: 9 :  miss
74:	| 9	| 2	| 3	| 4	| 5	| 6	| 7	| 8	|: page requested: 10 :  miss
75:	| 9	| 10	| 3	| 4	| 5	| 6	| 7	| 8	|: page requested: 11 :  miss
76:	| 9	| 10	| 11	| 4	| 5	| 6	| 7	| 8	|: page requested: 12 :  miss
77:	| 9	| 10	| 11	| 12	| 5	| 6	| 7	| 8	|: page requested: 13 :  miss
78:	| 9	| 10	| 11	| 12	| 13	| 6	| 7	| 8	|: page requested: 14 :  miss
79:	| 9	| 10	| 11	| 12	| 13	| 14	| 7	| 8	|: page requested: 15 :  miss
80:	| 9	| 10	| 11	| 12	| 13	| 14	| 15	| 8	|: page requested: 16 :  miss
81:	| 9	| 10	| 11	| 12	| 13	| 14	| 15	| 16	|: page requested: 17 :  miss
82:	| 17	| 10	| 11	| 12	| 13	| 14	| 15	| 16	|: page requested: 18 :  miss
83:	| 17	| 18	| 11	| 12	| 13	| 14	| 15	| 16	|: page requested: 19 :  miss
84:	| 17	| 18	| 19	| 12	| 13	| 14	| 15	| 16	|: page requested: 20 :  miss
85:	| 17	| 18	| 19	| 20	| 13	| 14	| 15	| 16	|: page requested: 21 :  miss
86:	| 17	| 18	| 19	| 20	| 21	| 14	| 15	| 16	|: page requested: 22 :  miss
87:	| 17	| 18	| 19	| 20	| 21	| 22	| 15	| 16	|: page requested: 23 :  miss
88:	| 17	| 18	| 19	| 20	| 21	| 22	| 23	| 16	|: page requested: 24 :  miss
89:	| 17	| 18	| 19	| 20	| 21	| 22	| 23	| 24	|: page requested: 25 :  miss
90:	| 25	| 18	| 19	| 20	| 21	| 22	| 23	| 24	|: page requested: 26 :  miss
91:	| 25	| 26	| 19	| 20	| 21	| 22	| 23	| 24	|: page requested: 27 :  miss
92:	| 25	| 26	| 27	| 20	| 21	| 22	| 23	| 24	|: page requested: 28 :  miss
93:	| 25	| 26	| 27	| 28	| 21	| 22	| 23	| 24	|: page requested: 29 :  miss
94:	| 25	| 26	| 27	| 28	| 29	| 22	| 23	| 24	|: page requested: 30 :  miss
95:	| 25	| 26	| 27	| 28	| 29	| 30	| 23	| 24	|: page requested: 31 :  miss
96:	| 25	| 26	| 27	| 28	| 29	| 30	| 31	| 24	|: page requested: 0 :  miss
97:	| 25	| 26	| 27	| 28	| 29	| 30	| 31	| 0	|: page requested: 1 :  miss
98:	| 1	| 26	| 27	| 28	| 29	| 30	| 31	| 0	|: page requested: 2 :  miss
99:	| 1	| 2	| 27	| 28	| 29	| 30	| 31	| 0	|: page requested: 3 :  miss
100:	| 1	| 2	| 3	| 28	| 29	| 30	| 31	| 0	|: page requested: 4 :  miss
101:	| 1	| 2	| 3	| 4	| 29	| 30	| 31	| 0	|: page requested: 5 :  miss
102:	| 1	| 2	| 3	| 4	| 5	| 30	| 31	| 0	|: page requested: 6 :  miss
103:	| 1	| 2	| 3	| 4	| 5	| 6	| 31	| 0	|: page requested: 7 :  miss
104:	| 1	| 2	| 3	| 4	| 5	| 6	| 7	| 0	|: page requested: 8 :  miss
105:	| 1	| 2	| 3	| 4	| 5	| 6	| 7	| 8	|: page requested: 9 :  miss
106:	| 9	| 2	| 3	| 4	| 5	| 6	| 7	| 8	|: page requested: 10 :  miss
107:	| 9	| 10	| 3	| 4	| 5	| 6	| 7	| 8	|: page requested: 11 :  miss
108:	| 9	| 10	| 11	| 4	| 5	| 6	| 7	| 8	|: page requested: 12 :  miss
109:	| 9	| 10	| 11	| 12	| 5	| 6	| 7	| 8	|: page requested: 13 :  miss
110:	| 9	| 10	| 11	| 12	| 13	| 6	| 7	| 8	|: page requested: 14 :  miss
111:	| 9	| 10	| 11	| 12	| 13	| 14	| 7	| 8	|: page requested: 15 :  miss
112:	| 9	| 10	| 11	| 12	| 13	| 14	| 15	| 8	|: page requested: 16 :  miss
113:	| 9	| 10	| 11	| 12	| 13	| 14	| 15	| 16	|: page requested: 17 :  miss
114:	| 17	| 10	| 11	| 12	| 13	| 14	| 15	| 16	|: page requested: 18 :  miss
115:	| 17	| 18	| 11	| 12	| 13	| 14	| 15	| 16	|: page requested: 19 :  miss
116:	| 17	| 18	| 19	| 12	| 13	| 14	| 15	| 16	|: page requested: 20 :  miss
117:	| 17	| 18	| 19	| 20	| 13	| 14	| 15	| 16	|: page requested: 21 :  miss
118:	| 17	| 18	| 19	| 20	| 21	| 14	| 15	| 16	|: page requested: 22 :  miss
119:	| 17	| 18	| 19	| 20	| 21	| 22	| 15	| 16	|: page requested: 23 :  miss
120:	| 17	| 18	| 19	| 20	| 21	| 22	| 23	| 16	|: page requested: 24 :  miss
121:	| 17	| 18	| 19	| 20	| 21	| 22	| 23	| 24	|: page requested: 25 :  miss
122:	| 25	| 18	| 19	| 20	| 21	| 22	| 23	| 24	|: page requested: 26 :  miss
123:	| 25	| 26	| 19	| 20	| 21	| 22	| 23	| 24	|: page requested: 27 :  miss
124:	| 25	| 26	| 27	| 20	| 21	| 22	| 23	| 24	|: page requested: 28 :  miss
125:	| 25	| 26	| 27	| 28	| 21	| 22	| 23	| 24	|: page requested: 29 :  miss
126:	| 25	| 26	| 27	| 28	| 29	| 22	| 23	| 24	|: page requested: 30 :  miss
127:	| 25	| 26	| 27	| 28	| 29	| 30	| 23	| 24	|: page requested: 31 :  miss
128:	| 25	| 26	| 27	| 28	| 29	| 30	| 31	| 24	|: page requested: 0 :  miss
129:	| 25	| 26	| 27	| 28	| 29	| 30	| 31	| 0	|: page requested: 1 :  miss
130:	| 1	| 26	| 27	| 28	| 29	| 30	| 31	| 0	|: page requested: 2 :  miss
131:	| 1	| 2	| 27	| 28	| 29	| 30	| 31	| 0	|: page requested: 3 :  miss
132:	| 1	| 2	| 3	| 28	| 29	| 30	| 31	| 0	|: page requested: 4 :  miss
133:	| 1	| 2	| 3	| 4	| 29	| 30	| 31	| 0	|: page requested: 5 :  miss
134:	| 1	| 2	| 3	| 4	| 5	| 30	| 31	| 0	|: page requested: 6 :  miss
135:	| 1	| 2	| 3	| 4	| 5	| 6	| 31	| 0	|: page requested: 7 :  miss
136:	| 1	| 2	| 3	| 4	| 5	| 6	| 7	| 0	|: page requested: 8 :  miss
137:	| 1	| 2	| 3	| 4	| 5	| 6	| 7	| 8	|: page requested: 9 :  miss
138:	| 9	| 2	| 3	| 4	| 5	| 6	| 7	| 8	|: page requested: 10 :  miss
139:	| 9	| 10	| 3	| 4	| 5	| 6	| 7	| 8	|: page requested: 11 :  miss
140:	| 9	| 10	| 11	| 4	| 5	| 6	| 7	| 8	|: page requested: 12 :  miss
141:	| 9	| 10	| 11	| 12	| 5	| 6	| 7	| 8	|: page requested: 13 :  miss
142:	| 9	| 10	| 11	| 12	| 13	| 6	| 7	| 8	|: page requested: 14 :  miss
143:	| 9	| 10	| 11	| 12	| 13	| 14	| 7	| 8	|: page requested: 15 :  miss
144:	| 9	| 10	| 11	| 12	| 13	| 14	| 15	| 8	|: page requested: 16 :  miss
145:	| 9	| 10	| 11	| 12	| 13	| 14	| 15	| 16	|: page requested: 17 :  miss
146:	| 17	| 10	| 11	| 12	| 13	| 14	| 15	| 16	|: page requested: 18 :  miss
147:	| 17	| 18	| 11	| 12	| 13	| 14	| 15	| 16	|: page requested: 19 :  miss
148:	| 17	| 18	| 19	| 12	| 13	| 14	| 15	| 16	|: page requested: 20 :  miss
149:	| 17	| 18	| 19	| 20	| 13	| 14	| 15	| 16	|: page requested: 21 :  miss
150:	| 17	| 18	| 19	| 20	| 21	| 14	| 15	| 16	|: page requested: 22 :  miss
151:	| 17	| 18	| 19	| 20	| 21	| 22	| 15	| 16	|: page requested: 23 :  miss
152:	| 17	| 18	| 19	| 20	| 21	| 22	| 23	| 16	|: page requested: 24 :  miss
153:	| 17	| 18	| 19	| 20	| 21	| 22	| 23	| 24	|: page requested: 25 :  miss
154:	| 25	| 18	| 19	| 20	| 21	| 22	| 23	| 24	|: page requested: 26 :  miss
155:	| 25	| 26	| 19	| 20	| 21	| 22	| 23	| 24	|: page requested: 27 :  miss
156:	| 25	| 26	| 27	| 20	| 21	| 22	| 23	| 24	|: page requested: 28 :  miss
157:	| 25	| 26	| 27	| 28	| 21	| 22	| 23	| 24	|: page requested: 29 :  miss
158:	| 25	| 26	| 27	| 28	| 29	| 22	| 23	| 24	|: page requested: 30 :  miss
159:	| 25	| 26	| 27	| 28	| 29	| 30	| 23	| 24	|: page requested: 31 :  miss
160:	| 25	| 26	| 27	| 28	| 29	| 30	| 31	| 24	|: page requested: 0 :  miss
161:	| 25	| 26	| 27	| 28	| 29	| 30	| 31	| 0	|: page requested: 1 :  miss
162:	| 1	| 26	| 27	| 28	| 29	| 30	| 31	| 0	|: page requested: 2 :  miss
163:	| 1	| 2	| 27	| 28	| 29	| 30	| 31	| 0	|: page requested: 3 :  miss
164:	| 1	| 2	| 3	| 28	| 29	| 30	| 31	| 0	|: page requested: 4 :  miss
165:	| 1	| 2	| 3	| 4	| 29	| 30	| 31	| 0	|: page requested: 5 :  miss
166:	| 1	| 2	| 3	| 4	| 5	| 30	| 31	| 0	|: page requested: 6 :  miss
167:	| 1	| 2	| 3	| 4	| 5	| 6	| 31	| 0	|: page requested: 7 :  miss
168:	| 1	| 2	| 3	| 4	| 5	| 6	| 7	| 0	|: page requested: 8 :  miss
169:	| 1	| 2	| 3	| 4	| 5	| 6	| 7	| 8	|: page requested: 9 :  miss
170:	| 9	| 2	| 3	| 4	| 5	| 6	| 7	| 8	|: page requested: 10 :  miss
171:	| 9	| 10	| 3	| 4	| 5	| 6	| 7	| 8	|: page requested: 11 :  miss
172:	| 9	| 10	| 11	| 4	| 5	| 6	| 7	| 8	|: page requested: 12 :  miss
173:	| 9	| 10	| 11	| 12	| 5	| 6	| 7	| 8	|: page requested: 13 :  miss
174:	| 9	| 10	| 11	| 12	| 13	| 6	| 7	| 8	|: page requested: 14 :  miss
175:	| 9	| 10	| 11	| 12	| 13	| 14	| 7	| 8	|: page requested: 15 :  miss
176:	| 9	| 10	| 11	| 12	| 13	| 14	| 15	| 8	|: page requested: 16 :  miss
177:	| 9	| 10	| 11	| 12	| 13	| 14	| 15	| 16	|: page requested: 17 :  miss
178:	| 17	| 10	| 11	| 12	| 13	| 14	| 15	| 16	|: page requested: 18 :  miss
179:	| 17	| 18	| 11	| 12	| 13	| 14	| 15	| 16	|: page requested: 19 :  miss
180:	| 17	| 18	| 19	| 12	| 13	| 14	| 15	| 16	|: page requested: 20 :  miss
181:	| 17	| 18	| 19	| 20	| 13	| 14	| 15	| 16	|: page requested: 21 :  miss
182:	| 17	| 18	| 19	| 20	| 21	| 14	| 15	| 16	|: page requested: 22 :  miss
183:	| 17	| 18	| 19	| 20	| 21	| 22	| 15	| 16	|: page requested: 23 :  miss
184:	| 17	| 18	| 19	| 20	| 21	| 22	| 23	| 16	|: page requested: 24 :  miss
185:	| 17	| 18	| 19	| 20	| 21	| 22	| 23	| 24	|: page requested: 25 :  miss
186:	| 25	| 18	| 19	| 20	| 21	| 22	| 23	| 24	|: page requested: 26 :  miss
187:	| 25	| 26	| 19	| 20	| 21	| 22	| 23	| 24	|: page requested: 27 :  miss
188:	| 25	| 26	| 27	| 20	| 21	| 22	| 23	| 24	|: page requested: 28 :  miss
189:	| 25	| 26	| 27	| 28	| 21	| 22	| 23	| 24	|: page requested: 29 :  miss
190:	| 25	| 26	| 27	| 28	| 29	| 22	| 23	| 24	|: page requested: 30 :  miss
191:	| 25	| 26	| 27	| 28	| 29	| 30	| 23	| 24	|: page requested: 31 :  miss
192:	| 25	| 26	| 27	| 28	| 29	| 30	| 31	| 24	|: page requested: 0 :  miss
193:	| 25	| 26	| 27	| 28	| 29	| 30	| 31	| 0	|: page requested: 1 :  miss
194:	| 1	| 26	| 27	| 28	| 29	| 30	| 31	| 0	|: page requested: 2 :  miss
195:	| 1	| 2	| 27	| 28	| 29	| 30	| 31	| 0	|: page requested: 3 :  miss
196:	| 1	| 2	| 3	| 28	| 29	| 30	| 31	| 0	|: page requested: 4 :  miss
197:	| 1	| 2	| 3	| 4	| 29	| 30	| 31	| 0	|: page requested: 5 :  miss
198:	| 1	| 2	| 3	| 4	| 5	| 30	| 31	| 0	|: page requested: 6 :  miss
199:	| 1	| 2	| 3	| 4	| 5	| 6	| 31	| 0	|: page requested: 7 :  miss
200:	| 1	| 2	| 3	| 4	| 5	| 6	| 7	| 0	|: page requested: 8 :  miss
201:	| 1	| 2	| 3	| 4	| 5	| 6	| 7	| 8	|: page requested: 9 :  miss
202:	| 9	| 2	| 3	| 4	| 5	| 6	| 7	| 8	|: page requested: 10 :  miss
203:	| 9	| 10	| 3	| 4	| 5	| 6	| 7	| 8	|: page requested: 11 :  miss
204:	| 9	| 10	| 11	| 4	| 5	| 6	| 7	| 8	|: page requested: 12 :  miss
205:	| 9	| 10	| 11	| 12	| 5	| 6	| 7	| 8	|: page requested: 13 :  miss
206:	| 9	| 10	| 11	| 12	| 13	| 6	| 7	| 8	|: page requested: 14 :  miss
207:	| 9	| 10	| 11	| 12	| 13	| 14	| 7	| 8	|: page requested: 15 :  miss
208:	| 9	| 10	| 11	| 12	| 13	| 14	| 15	| 8	|: page requested: 16 :  miss
209:	| 9	| 10	| 11	| 12	| 13	| 14	| 15	| 16	|: page requested: 17 :  miss
210:	| 17	| 10	| 11	| 12	| 13	| 14	| 15	| 16	|: page requested: 18 :  miss
211:	| 17	| 18	| 11	| 12	| 13	| 14	| 15	| 16	|: page requested: 19 :  miss
212:	| 17	| 18	| 19	| 12	| 13	| 14	| 15	| 16	|: page requested: 20 :  miss
213:	| 17	| 18	| 19	| 20	| 13	| 14	| 15	| 16	|: page requested: 21 :  miss
214:	| 17	| 18	| 19	| 20	| 21	| 14	| 15	| 16	|: page requested: 22 :  miss
215:	| 17	| 18	| 19	| 20	| 21	| 22	| 15	| 16	|: page requested: 23 :  miss
216:	| 17	| 18	| 19	| 20	| 21	| 22	| 23	| 16	|: page requested: 24 :  miss
217:	| 17	| 18	| 19	| 20	| 21	| 22	| 23	| 24	|: page requested: 25 :  miss
218:	| 25	| 18	| 19	| 20	| 21	| 22	| 23	| 24	|: page requested: 26 :  miss
219:	| 25	| 26	| 19	| 20	| 21	| 22	| 23	| 24	|: page requested: 27 :  miss
220:	| 25	| 26	| 27	| 20	| 21	| 22	| 23	| 24	|: page requested: 28 :  miss
221:	| 25	| 26	| 27	| 28	| 21	| 22	| 23	| 24	|: page requested: 29 :  miss
222:	| 25	| 26	| 27	| 28	| 29	| 22	| 23	| 24	|: page requested: 30 :  miss
223:	| 25	| 26	| 27	| 28	| 29	| 30	| 23	| 24	|: page requested: 31 :  miss
224:	| 25	| 26	| 27	| 28	| 29	| 30	| 31	| 24	|: page requested: 0 :  miss
225:	| 25	| 26	| 27	| 28	| 29	| 30	| 31	| 0	|: page requested: 1 :  miss
226:	| 1	| 26	| 27	| 28	| 29	| 30	| 31	| 0	|: page requested: 2 :  miss
227:	| 1	| 2	| 27	| 28	| 29	| 30	| 31	| 0	|: page requested: 3 :  miss
228:	| 1	| 2	| 3	| 28	| 29	| 30	| 31	| 0	|: page requested: 4 :  miss
229:	| 1	| 2	| 3	| 4	| 29	| 30	| 31	| 0	|: page requested: 5 :  miss
230:	| 1	| 2	| 3	| 4	| 5	| 30	| 31	| 0	|: page requested: 6 :  miss
231:	| 1	| 2	| 3	| 4	| 5	| 6	| 31	| 0	|: page requested: 7 :  miss
232:	| 1	| 2	| 3	| 4	| 5	| 6	| 7	| 0	|: page requested: 8 :  miss
233:	| 1	| 2	| 3	| 4	| 5	| 6	| 7	| 8	|: page requested: 9 :  miss
234:	| 9	| 2	| 3	| 4	| 5	| 6	| 7	| 8	|: page requested: 10 :  miss
235:	| 9	| 10	| 3	| 4	| 5	| 6	| 7	| 8	|: page requested: 11 :  miss
236:	| 9	| 10	| 11	| 4	| 5	| 6	| 7	| 8	|: page requested: 12 :  miss
237:	| 9	| 10	| 11	| 12	| 5	| 6	| 7	| 8	|: page requested: 13 :  miss
238:	| 9	| 10	| 11	| 12	| 13	| 6	| 7	| 8	|: page requested: 14 :  miss
239:	| 9	| 10	| 11	| 12	| 13	| 14	| 7	| 8	|: page requested: 15 :  miss
240:	| 9	| 10	| 11	| 12	| 13	| 14	| 15	| 8	|: page requested: 16 :  miss
241:	| 9	| 10	| 11	| 12	| 13	| 14	| 15	| 16	|: page requested: 17 :  miss
242:	| 17	| 10	| 11	| 12	| 13	| 14	| 15	| 16	|: page requested: 18 :  miss
243:	| 17	| 18	| 11	| 12	| 13	| 14	| 15	| 16	|: page requested: 19 :  miss
244:	| 17	| 18	| 19	| 12	| 13	| 14	| 15	| 16	|: page requested: 20 :  miss
245:	| 17	| 18	| 19	| 20	| 13	| 14	| 15	| 16	|: page requested: 21 :  miss
246:	| 17	| 18	| 19	| 20	| 21	| 14	| 15	| 16	|: page requested: 22 :  miss
247:	| 17	| 18	| 19	| 20	| 21	| 22	| 15	| 16	|: page requested: 23 :  miss
248:	| 17	| 18	| 19	| 20	| 21	| 22	| 23	| 16	|: page requested: 24 :  miss
249:	| 17	| 18	| 19	| 20	| 21	| 22	| 23	| 24	|: page requested: 25 :  miss
250:	| 25	| 18	| 19	| 20	| 21	| 22	| 23	| 24	|: page requested: 26 :  miss
251:	| 25	| 26	| 19	| 20	| 21	| 22	| 23	| 24	|: page requested: 27 :  miss
252:	| 25	| 26	| 27	| 20	| 21	| 22	| 23	| 24	|: page requested: 28 :  miss
253:	| 25	| 26	| 27	| 28	| 21	| 22	| 23	| 24	|: page requested: 29 :  miss
254:	| 25	| 26	| 27	| 28	| 29	| 22	| 23	| 24	|: page requested: 30 :  miss
255:	| 25	| 26	| 27	| 28	| 29	| 30	| 23	| 24	|: page requested: 31 :  miss
256:	| 25	| 26	| 27	| 28	| 29	| 30	| 31	| 24	|: page requested: 0 :  miss
257:	| 25	| 26	| 27	| 28	| 29	| 30	| 31	| 0	|: page requested: 1 :  miss
258:	| 1	| 26	| 27	| 28	| 29	| 30	| 31	| 0	|: page requested: 2 :  miss
259:	| 1	| 2	| 27	| 28	| 29	| 30	| 31	| 0	|: page requested: 3 :  miss
260:	| 1	| 2	| 3	| 28	| 29	| 30	| 31	| 0	|: page requested: 4 :  miss
261:	| 1	| 2	| 3	| 4	| 29	| 30	| 31	| 0	|: page requested: 5 :  miss
262:	| 1	| 2	| 3	| 4	| 5	| 30	| 31	| 0	|: page requested: 6 :  miss
263:	| 1	| 2	| 3	| 4	| 5	| 6	| 31	| 0	|: page requested: 7 :  miss
264:	| 1	| 2	| 3	| 4	| 5	| 6	| 7	| 0	|: page requested: 8 :  miss
265:	| 1	| 2	| 3	| 4	| 5	| 6	| 7	| 8	|: page requested: 9 :  miss
266:	| 9	| 2	| 3	| 4	| 5	| 6	| 7	| 8	|: page requested: 10 :  miss
267:	| 9	| 10	| 3	| 4	| 5	| 6	| 7	| 8	|: page requested: 11 :  miss
268:	| 9	| 10	| 11	| 4	| 5	| 6	| 7	| 8	|: page requested: 12 :  miss
269:	| 9	| 10	| 11	| 12	| 5	| 6	| 7	| 8	|: page requested: 13 :  miss
270:	| 9	| 10	| 11	| 12	| 13	| 6	| 7	| 8	|: page requested: 14 :  miss
271:	| 9	| 10	| 11	| 12	| 13	| 14	| 7	| 8	|: page requested: 15 :  miss
272:	| 9	| 10	| 11	| 12	| 13	| 14	| 15	| 8	|: page requested: 16 :  miss
273:	| 9	| 10	| 11	| 12	| 13	| 14	| 15	| 16	|: page requested: 17 :  miss
274:	| 17	| 10	| 11	| 12	| 13	| 14	| 15	| 16	|: page requested: 18 :  miss
275:	| 17	| 18	| 11	| 12	| 13	| 14	| 15	| 16	|: page requested: 19 :  miss
276:	| 17	| 18	| 19	| 12	| 13	| 14	| 15	| 16	|: page requested: 20 :  miss
277:	| 17	| 18	| 19	| 20	| 13	| 14	| 15	| 16	|: page requested: 21 :  miss
278:	| 17	| 18	| 19	| 20	| 21	| 14	| 15	| 16	|: page requested: 22 :  miss
279:	| 17	| 18	| 19	| 20	| 21	| 22	| 15	| 16	|: page requested: 23 :  miss
280:	| 17	| 18	| 19	| 20	| 21	| 22	| 23	| 16	|: page requested: 24 :  miss
281:	| 17	| 18	| 19	| 20	| 21	| 22	| 23	| 24	|: page requested: 25 :  miss
282:	| 25	| 18	| 19	| 20	| 21	| 22	| 23	| 24	|: page requested: 26 :  miss
283:	| 25	| 26	| 19	| 20	| 21	| 22	| 23	| 24	|: page requested: 27 :  miss
284:	| 25	| 26	| 27	| 20	| 21	| 22	| 23	| 24	|: page requested: 28 :  miss
285:	| 25	| 26	| 27	| 28	| 21	| 22	| 23	| 24	|: page requested: 29 :  miss
286:	| 25	| 26	| 27	| 28	| 29	| 22	| 23	| 24	|: page requested: 30 :  miss
287:	| 25	| 26	| 27	| 28	| 29	| 30	| 23	| 24	|: page requested: 31 :  miss
288:	| 25	| 26	| 27	| 28	| 29	| 30	| 31	| 24	|: page requested: 0 :  miss
289:	| 25	| 26	| 27	| 28	| 29	| 30	| 31	| 0	|: page requested: 1 :  miss
290:	| 1	| 26	| 27	| 28	| 29	| 30	| 31	| 0	|: page requested: 2 :  miss
291:	| 1	| 2	| 27	| 28	| 29	| 30	| 31	| 0	|: page requested: 3 :  miss
292:	| 1	| 2	| 3	| 28	| 29	| 30	| 31	| 0	|: page requested: 4 :  miss
293:	| 1	| 2	| 3	| 4	| 29	| 30	| 31	| 0	|: page requested: 5 :  miss
294:	| 1	| 2	| 3	| 4	| 5	| 30	| 31	| 0	|: page requested: 6 :  miss
295:	| 1	| 2	| 3	| 4	| 5	| 6	| 31	| 0	|: page requested: 7 :  miss
296:	| 1	| 2	| 3	| 4	| 5	| 6	| 7	| 0	|: page requested: 8 :  miss
297:	| 1	| 2	| 3	| 4	| 5	| 6	| 7	| 8	|: page requested: 9 :  miss
298:	| 9	| 2	| 3	| 4	| 5	| 6	| 7	| 8	|: page requested: 10 :  miss
299:	| 9	| 10	| 3	| 4	| 5	| 6	| 7	| 8	|: page requested: 11 :  miss
300:	| 9	| 10	| 11	| 4	| 5	| 6	| 7	| 8	|: page requested: 12 :  miss
301:	| 9	| 10	| 11	| 12	| 5	| 6	| 7	| 8	|: page requested: 13 :  miss
302:	| 9	| 10	| 11	| 12	| 13	| 6	| 7	| 8	|: page requested: 14 :  miss
303:	| 9	| 10	| 11	| 12	| 13	| 14	| 7	| 8	|: page requested: 15 :  miss
304:	| 9	| 10	| 11	| 12	| 13	| 14	| 15	| 8	|: page requested: 16 :  miss
305:	| 9	| 10	| 11	| 12	| 13	| 14	| 15	| 16	|: page requested: 17 :  miss
306:	| 17	| 10	| 11	| 12	| 13	| 14	| 15	| 16	|: page requested: 18 :  miss
307:	| 17	| 18	| 11	| 12	| 13	| 14	| 15	| 16	|: page requested: 19 :  miss
308:	| 17	| 18	| 19	| 12	| 13	| 14	| 15	| 16	|: page requested: 20 :  miss
309:	| 17	| 18	| 19	| 20	| 13	| 14	| 15	| 16	|: page requested: 21 :  miss
310:	| 17	| 18	| 19	| 20	| 21	| 14	| 15	| 16	|: page requested: 22 :  miss
311:	| 17	| 18	| 19	| 20	| 21	| 22	| 15	| 16	|: page requested: 23 :  miss
312:	| 17	| 18	| 19	| 20	| 21	| 22	| 23	| 16	|: page requested: 24 :  miss
313:	| 17	| 18	| 19	| 20	| 21	| 22	| 23	| 24	|: page requested: 25 :  miss
314:	| 25	| 18	| 19	| 20	| 21	| 22	| 23	| 24	|: page requested: 26 :  miss
315:	| 25	| 26	| 19	| 20	| 21	| 22	| 23	| 24	|: page requested: 27 :  miss
316:	| 25	| 26	| 27	| 20	| 21	| 22	| 23	| 24	|: page requested: 28 :  miss
317:	| 25	| 26	| 27	| 28	| 21	| 22	| 23	| 24	|: page requested: 29 :  miss
318:	| 25	| 26	| 27	| 28	| 29	| 22	| 23	| 24	|: page requested: 30 :  miss
319:	| 25	| 26	| 27	| 28	| 29	| 30	| 23	| 24	|: page requested: 31 :  miss
320:	| 25	| 26	| 27	| 28	| 29	| 30	| 31	| 24	|: page requested: 0 :  miss
321:	| 25	| 26	| 27	| 28	| 29	| 30	| 31	| 0	|: page requested: 1 :  miss
322:	| 1	| 26	| 27	| 28	| 29	| 30	| 31	| 0	|: page requested: 2 :  miss
323:	| 1	| 2	| 27	| 28	| 29	| 30	| 31	| 0	|: page requested: 3 :  miss
324:	| 1	| 2	| 3	| 28	| 29	| 30	| 31	| 0	|: page requested: 4 :  miss
325:	| 1	| 2	| 3	| 4	| 29	| 30	| 31	| 0	|: page requested: 5 :  miss
326:	| 1	| 2	| 3	| 4	| 5	| 30	| 31	| 0	|: page requested: 6 :  miss
327:	| 1	| 2	| 3	| 4	| 5	| 6	| 31	| 0	|: page requested: 7 :  miss
328:	| 1	| 2	| 3	| 4	| 5	| 6	| 7	| 0	|: page requested: 8 :  miss
329:	| 1	| 2	| 3	| 4	| 5	| 6	| 7	| 8	|: page requested: 9 :  miss
330:	| 9	| 2	| 3	| 4	| 5	| 6	| 7	| 8	|: page requested: 10 :  miss
331:	| 9	| 10	| 3	| 4	| 5	| 6	| 7	| 8	|: page requested: 11 :  miss
332:	| 9	| 10	| 11	| 4	| 5	| 6	| 7	| 8	|: page requested: 12 :  miss
333:	| 9	| 10	| 11	| 12	| 5	| 6	| 7	| 8	|: page requested: 13 :  miss
334:	| 9	| 10	| 11	| 12	| 13	| 6	| 7	| 8	|: page requested: 14 :  miss
335:	| 9	| 10	| 11	| 12	| 13	| 14	| 7	| 8	|: page requested: 15 :  miss
336:	| 9	| 10	| 11	| 12	| 13	| 14	| 15	| 8	|: page requested: 16 :  miss
337:	| 9	| 10	| 11	| 12	| 13	| 14	| 15	| 16	|: page requested: 17 :  miss
338:	| 17	| 10	| 11	| 12	| 13	| 14	| 15	| 16	|: page requested: 18 :  miss
339:	| 17	| 18	| 11	| 12	| 13	| 14	| 15	| 16	|: page requested: 19 :  miss
340:	| 17	| 18	| 19	| 12	| 13	| 14	| 15	| 16	|: page requested: 20 :  miss
341:	| 17	| 18	| 19	| 20	| 13	| 14	| 15	| 16	|: page requested: 21 :  miss
342:	| 17	| 18	| 19	| 20	| 21	| 14	| 15	| 16	|: page requested: 22 :  miss
343:	| 17	| 18	| 19	| 20	| 21	| 22	| 15	| 16	|: page requested: 23 :  miss
344:	| 17	| 18	| 19	| 20	| 21	| 22	| 23	| 16	|: page requested: 24 :  miss
345:	| 17	| 18	| 19	| 20	| 21	| 22	| 23	| 24	|: page requested: 25 :  miss
346:	| 25	| 18	| 19	| 20	| 21	| 22	| 23	| 24	|: page requested: 26 :  miss
347:	| 25	| 26	| 19	| 20	| 21	| 22	| 23	| 24	|: page requested: 27 :  miss
348:	| 25	| 26	| 27	| 20	| 21	| 22	| 23	| 24	|: page requested: 28 :  miss
349:	| 25	| 26	| 27	| 28	| 21	| 22	| 23	| 24	|: page requested: 29 :  miss
350:	| 25	| 26	| 27	| 28	| 29	| 22	| 23	| 24	|: page requested: 30 :  miss
351:	| 25	| 26	| 27	| 28	| 29	| 30	| 23	| 24	|: page requested: 31 :  miss
352:	| 25	| 26	| 27	| 28	| 29	| 30	| 31	| 24	|: page requested: 0 :  miss
353:	| 25	| 26	| 27	| 28	| 29	| 30	| 31	| 0	|: page requested: 1 :  miss
354:	| 1	| 26	| 27	| 28	| 29	| 30	| 31	| 0	|: page requested: 2 :  miss
355:	| 1	| 2	| 27	| 28	| 29	| 30	| 31	| 0	|: page requested: 3 :  miss
356:	| 1	| 2	| 3	| 28	| 29	| 30	| 31	| 0	|: page requested: 4 :  miss
357:	| 1	| 2	| 3	| 4	| 29	| 30	| 31	| 0	|: page requested: 5 :  miss
358:	| 1	| 2	| 3	| 4	| 5	| 30	| 31	| 0	|: page requested: 6 :  miss
359:	| 1	| 2	| 3	| 4	| 5	| 6	| 31	| 0	|: page requested: 7 :  miss
360:	| 1	| 2	| 3	| 4	| 5	| 6	| 7	| 0	|: page requested: 8 :  miss
361:	| 1	| 2	| 3	| 4	| 5	| 6	| 7	| 8	|: page requested: 9 :  miss
362:	| 9	| 2	| 3	| 4	| 5	| 6	| 7	| 8	|: page requested: 10 :  miss
363:	| 9	| 10	| 3	| 4	| 5	| 6	| 7	| 8	|: page requested: 11 :  miss
364:	| 9	| 10	| 11	| 4	| 5	| 6	| 7	| 8	|: page requested: 12 :  miss
365:	| 9	| 10	| 11	| 12	| 5	| 6	| 7	| 8	|: page requested: 13 :  miss
366:	| 9	| 10	| 11	| 12	| 13	| 6	| 7	| 8	|: page requested: 14 :  miss
367:	| 9	| 10	| 11	| 12	| 13	| 14	| 7	| 8	|: page requested: 15 :  miss
368:	| 9	| 10	| 11	| 12	| 13	| 14	| 15	| 8	|: page requested: 16 :  miss
369:	| 9	| 10	| 11	| 12	| 13	| 14	| 15	| 16	|: page requested: 17 :  miss
370:	| 17	| 10	| 11	| 12	| 13	| 14	| 15	| 16	|: page requested: 18 :  miss
371:	| 17	| 18	| 11	| 12	| 13	| 14	| 15	| 16	|: page requested: 19 :  miss
372:	| 17	| 18	| 19	| 12	| 13	| 14	| 15	| 16	|: page requested: 20 :  miss
373:	| 17	| 18	| 19	| 20	| 13	| 14	| 15	| 16	|: page requested: 21 :  miss
374:	| 17	| 18	| 19	| 20	| 21	| 14	| 15	| 16	|: page requested: 22 :  miss
375:	| 17	| 18	| 19	| 20	| 21	| 22	| 15	| 16	|: page requested: 23 :  miss
376:	| 17	| 18	| 19	| 20	| 21	| 22	| 23	| 16	|: page requested: 24 :  miss
377:	| 17	| 18	| 19	| 20	| 21	| 22	| 23	| 24	|: page requested: 25 :  miss
378:	| 25	| 18	| 19	| 20	| 21	| 22	| 23	| 24	|: page requested: 26 :  miss
379:	| 25	| 26	| 19	| 20	| 21	| 22	| 23	| 24	|: page requested: 27 :  miss
380:	| 25	| 26	| 27	| 20	| 21	| 22	| 23	| 24	|: page requested: 28 :  miss
381:	| 25	| 26	| 27	| 28	| 21	| 22	| 23	| 24	|: page requested: 29 :  miss
382:	| 25	| 26	| 27	| 28	| 29	| 22	| 23	| 24	|: page requested: 30 :  miss
383:	| 25	| 26	| 27	| 28	| 29	| 30	| 23	| 24	|: page requested: 31 :  miss
384:	| 25	| 26	| 27	| 28	| 29	| 30	| 31	| 24	|: page requested: 0 :  miss
385:	| 25	| 26	| 27	| 28	| 29	| 30	| 31	| 0	|: page requested: 1 :  miss
386:	| 1	| 26	| 27	| 28	| 29	| 30	| 31	| 0	|: page requested: 2 :  miss
387:	| 1	| 2	| 27	| 28	| 29	| 30	| 31	| 0	|: page requested: 3 :  miss
388:	| 1	| 2	| 3	| 28	| 29	| 30	| 31	| 0	|: page requested: 4 :  miss
389:	| 1	| 2	| 3	| 4	| 29	| 30	| 31	| 0	|: page requested: 5 :  miss
390:	| 1	| 2	| 3	| 4	| 5	| 30	| 31	| 0	|: page requested: 6 :  miss
391:	| 1	| 2	| 3	| 4	| 5	| 6	| 31	| 0	|: page requested: 7 :  miss
392:	| 1	| 2	| 3	| 4	| 5	| 6	| 7	| 0	|: page requested: 8 :  miss
393:	| 1	| 2	| 3	| 4	| 5	| 6	| 7	| 8	|: page requested: 9 :  miss
394:	| 9	| 2	| 3	| 4	| 5	| 6	| 7	| 8	|: page requested: 10 :  miss
395:	| 9	| 10	| 3	| 4	| 5	| 6	| 7	| 8	|: page requested: 11 :  miss
396:	| 9	| 10	| 11	| 4	| 5	| 6	| 7	| 8	|: page requested: 12 :  miss
397:	| 9	| 10	| 11	| 12	| 5	| 6	| 7	| 8	|: page requested: 13 :  miss
398:	| 9	| 10	| 11	| 12	| 13	| 6	| 7	| 8	|: page requested: 14 :  miss
399:	| 9	| 10	| 11	| 12	| 13	| 14	| 7	| 8	|: page requested: 15 :  miss
400:	| 9	| 10	| 11	| 12	| 13	| 14	| 15	| 8	|: page requested: 16 :  miss
401:	| 9	| 10	| 11	| 12	| 13	| 14	| 15	| 16	|: page requested: 17 :  miss
402:	| 17	| 10	| 11	| 12	| 13	| 14	| 15	| 16	|: page requested: 18 :  miss
403:	| 17	| 18	| 11	| 12	| 13	| 14	| 15	| 16	|: page requested: 19 :  miss
404:	| 17	| 18	| 19	| 12	| 13	| 14	| 15	| 16	|: page requested: 20 :  miss
405:	| 17	| 18	| 19	| 20	| 13	| 14	| 15	| 16	|: page requested: 21 :  miss
406:	| 17	| 18	| 19	| 20	| 21	| 14	| 15	| 16	|: page requested: 22 :  miss
407:	| 17	| 18	| 19	| 20	| 21	| 22	| 15	| 16	|: page requested: 23 :  miss
408:	| 17	| 18	| 19	| 20	| 21	| 22	| 23	| 16	|: page requested: 24 :  miss
409:	| 17	| 18	| 19	| 20	| 21	| 22	| 23	| 24	|: page requested: 25 :  miss
410:	| 25	| 18	| 19	| 20	| 21	| 22	| 23	| 24	|: page requested: 26 :  miss
411:	| 25	| 26	| 19	| 20	| 21	| 22	| 23	| 24	|: page requested: 27 :  miss
412:	| 25	| 26	| 27	| 20	| 21	| 22	| 23	| 24	|: page requested: 28 :  miss
413:	| 25	| 26	| 27	| 28	| 21	| 22	| 23	| 24	|: page requested: 29 :  miss
414:	| 25	| 26	| 27	| 28	| 29	| 22	| 23	| 24	|: page requested: 30 :  miss
415:	| 25	| 26	| 27	| 28	| 29	| 30	| 23	| 24	|: page requested: 31 :  miss
416:	| 25	| 26	| 27	| 28	| 29	| 30	| 31	| 24	|: page requested: 0 :  miss
417:	| 25	| 26	| 27	| 28	| 29	| 30	| 31	| 0	|: page requested: 1 :  miss
418:	| 1	| 26	| 27	| 28	| 29	| 30	| 31	| 0	|: page requested: 2 :  miss
419:	| 1	| 2	| 27	| 28	| 29	| 30	| 31	| 0	|: page requested: 3 :  miss
420:	| 1	| 2	| 3	| 28	| 29	| 30	| 31	| 0	|: page requested: 4 :  miss
421:	| 1	| 2	| 3	| 4	| 29	| 30	| 31	| 0	|: page requested: 5 :  miss
422:	| 1	| 2	| 3	| 4	| 5	| 30	| 31	| 0	|: page requested: 6 :  miss
423:	| 1	| 2	| 3	| 4	| 5	| 6	| 31	| 0	|: page requested: 7 :  miss
424:	| 1	| 2	| 3	| 4	| 5	| 6	| 7	| 0	|: page requested: 8 :  miss
425:	| 1	| 2	| 3	| 4	| 5	| 6	| 7	| 8	|: page requested: 9 :  miss
426:	| 9	| 2	| 3	| 4	| 5	| 6	| 7	| 8	|: page requested: 10 :  miss
427:	| 9	| 10	| 3	| 4	| 5	| 6	| 7	| 8	|: page requested: 11 :  miss
428:	| 9	| 10	| 11	| 4	| 5	| 6	| 7	| 8	|: page requested: 12 :  miss
429:	| 9	| 10	| 11	| 12	| 5	| 6	| 7	| 8	|: page requested: 13 :  miss
430:	| 9	| 10	| 11	| 12	| 13	| 6	| 7	| 8	|: page requested: 14 :  miss
431:	| 9	| 10	| 11	| 12	| 13	| 14	| 7	| 8	|: page requested: 15 :  miss
432:	| 9	| 10	| 11	| 12	| 13	| 14	| 15	| 8	|: page requested: 16 :  miss
433:	| 9	| 10	| 11	| 12	| 13	| 14	| 15	| 16	|: page requested: 17 :  miss
434:	| 17	| 10	| 11	| 12	| 13	| 14	| 15	| 16	|: page requested: 18 :  miss
435:	| 17	| 18	| 11	| 12	| 13	| 14	| 15	| 16	|: page requested: 19 :  miss
436:	| 17	| 18	| 19	| 12	| 13	| 14	| 15	| 16	|: page requested: 20 :  miss
437:	| 17	| 18	| 19	| 20	| 13	| 14	| 15	| 16	|: page requested: 21 :  miss
438:	| 17	| 18	| 19	| 20	| 21	| 14	| 15	| 16	|: page requested: 22 :  miss
439:	| 17	| 18	| 19	| 20	| 21	| 22	| 15	| 16	|: page requested: 23 :  miss
440:	| 17	| 18	| 19	| 20	| 21	| 22	| 23	| 16	|: page requested: 24 :  miss
441:	| 17	| 18	| 19	| 20	| 21	| 22	| 23	| 24	|: page requested: 25 :  miss
442:	| 25	| 18	| 19	| 20	| 21	| 22	| 23	| 24	|: page requested: 26 :  miss
443:	| 25	| 26	| 19	| 20	| 21	| 22	| 23	| 24	|: page requested: 27 :  miss
444:	| 25	| 26	| 27	| 20	| 21	| 22	| 23	| 24	|: page requested: 28 :  miss
445:	| 25	| 26	| 27	| 28	| 21	| 22	| 23	| 24	|: page requested: 29 :  miss
446:	| 25	| 26	| 27	| 28	| 29	| 22	| 23	| 24	|: page requested: 30 :  miss
447:	| 25	| 26	| 27	| 28	| 29	| 30	| 23	| 24	|: page requested: 31 :  miss
448:	| 25	| 26	| 27	| 28	| 29	| 30	| 31	| 24	|: page requested: 0 :  miss
449:	| 25	| 26	| 27	| 28	| 29	| 30	| 31	| 0	|: page requested: 1 :  miss
450:	| 1	| 26	| 27	| 28	| 29	| 30	| 31	| 0	|: page requested: 2 :  miss
451:	| 1	| 2	| 27	| 28	| 29	| 30	| 31	| 0	|: page requested: 3 :  miss
452:	| 1	| 2	| 3	| 28	| 29	| 30	| 31	| 0	|: page requested: 4 :  miss
453:	| 1	| 2	| 3	| 4	| 29	| 30	| 31	| 0	|: page requested: 5 :  miss
454:	| 1	| 2	| 3	| 4	| 5	| 30	| 31	| 0	|: page requested: 6 :  miss
455:	| 1	| 2	| 3	| 4	| 5	| 6	| 31	| 0	|: page requested: 7 :  miss
456:	| 1	| 2	| 3	| 4	| 5	| 6	| 7	| 0	|: page requested: 8 :  miss
457:	| 1	| 2	| 3	| 4	| 5	| 6	| 7	| 8	|: page requested: 9 :  miss
458:	| 9	| 2	| 3	| 4	| 5	| 6	| 7	| 8	|: page requested: 10 :  miss
459:	| 9	| 10	| 3	| 4	| 5	| 6	| 7	| 8	|: page requested: 11 :  miss
460:	| 9	| 10	| 11	| 4	| 5	| 6	| 7	| 8	|: page requested: 12 :  miss
461:	| 9	| 10	| 11	| 12	| 5	| 6	| 7	| 8	|: page requested: 13 :  miss
462:	| 9	| 10	| 11	| 12	| 13	| 6	| 7	| 8	|: page requested: 14 :  miss
463:	| 9	| 10	| 11	| 12	| 13	| 14	| 7	| 8	|: page requested: 15 :  miss
464:	| 9	| 10	| 11	| 12	| 13	| 14	| 15	| 8	|: page requested: 16 :  miss
465:	| 9	| 10	| 11	| 12	| 13	| 14	| 15	| 16	|: page requested: 17 :  miss
466:	| 17	| 10	| 11	| 12	| 13	| 14	| 15	| 16	|: page requested: 18 :  miss
467:	| 17	| 18	| 11	| 12	| 13	| 14	| 15	| 16	|: page requested: 19 :  miss
468:	| 17	| 18	| 19	| 12	| 13	| 14	| 15	| 16	|: page requested: 20 :  miss
469:	| 17	| 18	| 19	| 20	| 13	| 14	| 15	| 16	|: page requested: 21 :  miss
470:	| 17	| 18	| 19	| 20	| 21	| 14	| 15	| 16	|: page requested: 22 :  miss
471:	| 17	| 18	| 19	| 20	| 21	| 22	| 15	| 16	|: page requested: 23 :  miss
472:	| 17	| 18	| 19	| 20	| 21	| 22	| 23	| 16	|: page requested: 24 :  miss
473:	| 17	| 18	| 19	| 20	| 21	| 22	| 23	| 24	|: page requested: 25 :  miss
474:	| 25	| 18	| 19	| 20	| 21	| 22	| 23	| 24	|: page requested: 26 :  miss
475:	| 25	| 26	| 19	| 20	| 21	| 22	| 23	| 24	|: page requested: 27 :  miss
476:	| 25	| 26	| 27	| 20	| 21	| 22	| 23	| 24	|: page requested: 28 :  miss
477:	| 25	| 26	| 27	| 28	| 21	| 22	| 23	| 24	|: page requested: 29 :  miss
478:	| 25	| 26	| 27	| 28	| 29	| 22	| 23	| 24	|: page requested: 30 :  miss
479:	| 25	| 26	| 27	| 28	| 29	| 30	| 23	| 24	|: page requested: 31 :  miss
480:	| 25	| 26	| 27	| 28	| 29	| 30	| 31	| 24	|: page requested: 0 :  miss
481:	| 25	| 26	| 27	| 28	| 29	| 30	| 31	| 0	|: page requested: 1 :  miss
482:	| 1	| 26	| 27	| 28	| 29	| 30	| 31	| 0	|: page requested: 2 :  miss
483:	| 1	| 2	| 27	| 28	| 29	| 30	| 31	| 0	|: page requested: 3 :  miss
484:	| 1	| 2	| 3	| 28	| 29	| 30	| 31	| 0	|: page requested: 4 :  miss
485:	| 1	| 2	| 3	| 4	| 29	| 30	| 31	| 0	|: page requested: 5 :  miss
486:	| 1	| 2	| 3	| 4	| 5	| 30	| 31	| 0	|: page requested: 6 :  miss
487:	| 1	| 2	| 3	| 4	| 5	| 6	| 31	| 0	|: page requested: 7 :  miss
488:	| 1	| 2	| 3	| 4	| 5	| 6	| 7	| 0	|: page requested: 8 :  miss
489:	| 1	| 2	| 3	| 4	| 5	| 6	| 7	| 8	|: page requested: 9 :  miss
490:	| 9	| 2	| 3	| 4	| 5	| 6	| 7	| 8	|: page requested: 10 :  miss
491:	| 9	| 10	| 3	| 4	| 5	| 6	| 7	| 8	|: page requested: 11 :  miss
492:	| 9	| 10	| 11	| 4	| 5	| 6	| 7	| 8	|: page requested: 12 :  miss
493:	| 9	| 10	| 11	| 12	| 5	| 6	| 7	| 8	|: page requested: 13 :  miss
494:	| 9	| 10	| 11	| 12	| 13	| 6	| 7	| 8	|: page requested: 14 :  miss
495:	| 9	| 10	| 11	| 12	| 13	| 14	| 7	| 8	|: page requested: 15 :  miss
496:	| 9	| 10	| 11	| 12	| 13	| 14	| 15	| 8	|: page requested: 16 :  miss
497:	| 9	| 10	| 11	| 12	| 13	| 14	| 15	| 16	|: page requested: 17 :  miss
498:	| 17	| 10	| 11	| 12	| 13	| 14	| 15	| 16	|: page requested: 18 :  miss
499:	| 17	| 18	| 11	| 12	| 13	| 14	| 15	| 16	|: page requested: 19 :  miss
500:	| 17	| 18	| 19	| 12	| 13	| 14	| 15	| 16	|: page requested: 20 :  miss
501:	| 17	| 18	| 19	| 20	| 13	| 14	| 15	| 16	|: page requested: 21 :  miss
502:	| 17	| 18	| 19	| 20	| 21	| 14	| 15	| 16	|: page requested: 22 :  miss
503:	| 17	| 18	| 19	| 20	| 21	| 22	| 15	| 16	|: page requested: 23 :  miss
504:	| 17	| 18	| 19	| 20	| 21	| 22	| 23	| 16	|: page requested: 24 :  miss
505:	| 17	| 18	| 19	| 20	| 21	| 22	| 23	| 24	|: page requested: 25 :  miss
506:	| 25	| 18	| 19	| 20	| 21	| 22	| 23	| 24	|: page requested: 26 :  miss
507:	| 25	| 26	| 19	| 20	| 21	| 22	| 23	| 24	|: page requested: 27 :  miss
508:	| 25	| 26	| 27	| 20	| 21	| 22	| 23	| 24	|: page requested: 28 :  miss
509:	| 25	| 26	| 27	| 28	| 21	| 22	| 23	| 24	|: page requested: 29 :  miss
510:	| 25	| 26	| 27	| 28	| 29	| 22	| 23	| 24	|: page requested: 30 :  miss
511:	| 25	| 26	| 27	| 28	| 29	| 30	| 23	| 24	|: page requested: 31 :  miss
512:	| 25	| 26	| 27	| 28	| 29	| 30	| 31	| 24	|: page requested: 0 :  miss
513:	| 25	| 26	| 27	| 28	| 29	| 30	| 31	| 0	|: page requested: 1 :  miss
514:	| 1	| 26	| 27	| 28	| 29	| 30	| 31	| 0	|: page requested: 2 :  miss
515:	| 1	| 2	| 27	| 28	| 29	| 30	| 31	| 0	|: page requested: 3 :  miss
516:	| 1	| 2	| 3	| 28	| 29	| 30	| 31	| 0	|: page requested: 4 :  miss
517:	| 1	| 2	| 3	| 4	| 29	| 30	| 31	| 0	|: page requested: 5 :  miss
518:	| 1	| 2	| 3	| 4	| 5	| 30	| 31	| 0	|: page requested: 6 :  miss
519:	| 1	| 2	| 3	| 4	| 5	| 6	| 31	| 0	|: page requested: 7 :  miss
520:	| 1	| 2	| 3	| 4	| 5	| 6	| 7	| 0	|: page requested: 8 :  miss
521:	| 1	| 2	| 3	| 4	| 5	| 6	| 7	| 8	|: page requested: 9 :  miss
522:	| 9	| 2	| 3	| 4	| 5	| 6	| 7	| 8	|: page requested: 10 :  miss
523:	| 9	| 10	| 3	| 4	| 5	| 6	| 7	| 8	|: page requested: 11 :  miss
524:	| 9	| 10	| 11	| 4	| 5	| 6	| 7	| 8	|: page requested: 12 :  miss
525:	| 9	| 10	| 11	| 12	| 5	| 6	| 7	| 8	|: page requested: 13 :  miss
526:	| 9	| 10	| 11	| 12	| 13	| 6	| 7	| 8	|: page requested: 14 :  miss
527:	| 9	| 10	| 11	| 12	| 13	| 14	| 7	| 8	|: page requested: 15 :  miss
528:	| 9	| 10	| 11	| 12	| 13	| 14	| 15	| 8	|: page requested: 16 :  miss
529:	| 9	| 10	| 11	| 12	| 13	| 14	| 15	| 16	|: page requested: 17 :  miss
530:	| 17	| 10	| 11	| 12	| 13	| 14	| 15	| 16	|: page requested: 18 :  miss
531:	| 17	| 18	| 11	| 12	| 13	| 14	| 15	| 16	|: page requested: 19 :  miss
532:	| 17	| 18	| 19	| 12	| 13	| 14	| 15	| 16	|: page requested: 20 :  miss
533:	| 17	| 18	| 19	| 20	| 13	| 14	| 15	| 16	|: page requested: 21 :  miss
534:	| 17	| 18	| 19	| 20	| 21	| 14	| 15	| 16	|: page requested: 22 :  miss
535:	| 17	| 18	| 19	| 20	| 21	| 22	| 15	| 16	|: page requested: 23 :  miss
536:	| 17	| 18	| 19	| 20	| 21	| 22	| 23	| 16	|: page requested: 24 :  miss
537:	| 17	| 18	| 19	| 20	| 21	| 22	| 23	| 24	|: page requested: 25 :  miss
538:	| 25	| 18	| 19	| 20	| 21	| 22	| 23	| 24	|: page requested: 26 :  miss
539:	| 25	| 26	| 19	| 20	| 21	| 22	| 23	| 24	|: page requested: 27 :  miss
540:	| 25	| 26	| 27	| 20	| 21	| 22	| 23	| 24	|: page requested: 28 :  miss
541:	| 25	| 26	| 27	| 28	| 21	| 22	| 23	| 24	|: page requested: 29 :  miss
542:	| 25	| 26	| 27	| 28	| 29	| 22	| 23	| 24	|: page requested: 30 :  miss
543:	| 25	| 26	| 27	| 28	| 29	| 30	| 23	| 24	|: page requested: 31 :  miss
544:	| 25	| 26	| 27	| 28	| 29	| 30	| 31	| 24	|: page requested: 0 :  miss
545:	| 25	| 26	| 27	| 28	| 29	| 30	| 31	| 0	|: page requested: 1 :  miss
546:	| 1	| 26	| 27	| 28	| 29	| 30	| 31	| 0	|: page requested: 2 :  miss
547:	| 1	| 2	| 27	| 28	| 29	| 30	| 31	| 0	|: page requested: 3 :  miss
548:	| 1	| 2	| 3	| 28	| 29	| 30	| 31	| 0	|: page requested: 4 :  miss
549:	| 1	| 2	| 3	| 4	| 29	| 30	| 31	| 0	|: page requested: 5 :  miss
550:	| 1	| 2	| 3	| 4	| 5	| 30	| 31	| 0	|: page requested: 6 :  miss
551:	| 1	| 2	| 3	| 4	| 5	| 6	| 31	| 0	|: page requested: 7 :  miss
552:	| 1	| 2	| 3	| 4	| 5	| 6	| 7	| 0	|: page requested: 8 :  miss
553:	| 1	| 2	| 3	| 4	| 5	| 6	| 7	| 8	|: page requested: 9 :  miss
554:	| 9	| 2	| 3	| 4	| 5	| 6	| 7	| 8	|: page requested: 10 :  miss
555:	| 9	| 10	| 3	| 4	| 5	| 6	| 7	| 8	|: page requested: 11 :  miss
556:	| 9	| 10	| 11	| 4	| 5	| 6	| 7	| 8	|: page requested: 12 :  miss
557:	| 9	| 10	| 11	| 12	| 5	| 6	| 7	| 8	|: page requested: 13 :  miss
558:	| 9	| 10	| 11	| 12	| 13	| 6	| 7	| 8	|: page requested: 14 :  miss
559:	| 9	| 10	| 11	| 12	| 13	| 14	| 7	| 8	|: page requested: 15 :  miss
560:	| 9	| 10	| 11	| 12	| 13	| 14	| 15	| 8	|: page requested: 16 :  miss
561:	| 9	| 10	| 11	| 12	| 13	| 14	| 15	| 16	|: page requested: 17 :  miss
562:	| 17	| 10	| 11	| 12	| 13	| 14	| 15	| 16	|: page requested: 18 :  miss
563:	| 17	| 18	| 11	| 12	| 13	| 14	| 15	| 16	|: page requested: 19 :  miss
564:	| 17	| 18	| 19	| 12	| 13	| 14	| 15	| 16	|: page requested: 20 :  miss
565:	| 17	| 18	| 19	| 20	| 13	| 14	| 15	| 16	|: page requested: 21 :  miss
566:	| 17	| 18	| 19	| 20	| 21	| 14	| 15	| 16	|: page requested: 22 :  miss
567:	| 17	| 18	| 19	| 20	| 21	| 22	| 15	| 16	|: page requested: 23 :  miss
568:	| 17	| 18	| 19	| 20	| 21	| 22	| 23	| 16	|: page requested: 24 :  miss
569:	| 17	| 18	| 19	| 20	| 21	| 22	| 23	| 24	|: page requested: 25 :  miss
570:	| 25	| 18	| 19	| 20	| 21	| 22	| 23	| 24	|: page requested: 26 :  miss
571:	| 25	| 26	| 19	| 20	| 21	| 22	| 23	| 24	|: page requested: 27 :  miss
572:	| 25	| 26	| 27	| 20	| 21	| 22	| 23	| 24	|: page requested: 28 :  miss
573:	| 25	| 26	| 27	| 28	| 21	| 22	| 23	| 24	|: page requested: 29 :  miss
574:	| 25	| 26	| 27	| 28	| 29	| 22	| 23	| 24	|: page requested: 30 :  miss
575:	| 25	| 26	| 27	| 28	| 29	| 30	| 23	| 24	|: page requested: 31 :  miss
576:	| 25	| 26	| 27	| 28	| 29	| 30	| 31	| 24	|: page requested: 0 :  miss
577:	| 25	| 26	| 27	| 28	| 29	| 30	| 31	| 0	|: page requested: 1 :  miss
578:	| 1	| 26	| 27	| 28	| 29	| 30	| 31	| 0	|: page requested: 2 :  miss
579:	| 1	| 2	| 27	| 28	| 29	| 30	| 31	| 0	|: page requested: 3 :  miss
580:	| 1	| 2	| 3	| 28	| 29	| 30	| 31	| 0	|: page requested: 4 :  miss
581:	| 1	| 2	| 3	| 4	| 29	| 30	| 31	| 0	|: page requested: 5 :  miss
582:	| 1	| 2	| 3	| 4	| 5	| 30	| 31	| 0	|: page requested: 6 :  miss
583:	| 1	| 2	| 3	| 4	| 5	| 6	| 31	| 0	|: page requested: 7 :  miss
584:	| 1	| 2	| 3	| 4	| 5	| 6	| 7	| 0	|: page requested: 8 :  miss
585:	| 1	| 2	| 3	| 4	| 5	| 6	| 7	| 8	|: page requested: 9 :  miss
586:	| 9	| 2	| 3	| 4	| 5	| 6	| 7	| 8	|: page requested: 10 :  miss
587:	| 9	| 10	| 3	| 4	| 5	| 6	| 7	| 8	|: page requested: 11 :  miss
588:	| 9	| 10	| 11	| 4	| 5	| 6	| 7	| 8	|: page requested: 12 :  miss
589:	| 9	| 10	| 11	| 12	| 5	| 6	| 7	| 8	|: page requested: 13 :  miss
590:	| 9	| 10	| 11	| 12	| 13	| 6	| 7	| 8	|: page requested: 14 :  miss
591:	| 9	| 10	| 11	| 12	| 13	| 14	| 7	| 8	|: page requested: 15 :  miss
592:	| 9	| 10	| 11	| 12	| 13	| 14	| 15	| 8	|: page requested: 16 :  miss
593:	| 9	| 10	| 11	| 12	| 13	| 14	| 15	| 16	|: page requested: 17 :  miss
594:	| 17	| 10	| 11	| 12	| 13	| 14	| 15	| 16	|: page requested: 18 :  miss
595:	| 17	| 18	| 11	| 12	| 13	| 14	| 15	| 16	|: page requested: 19 :  miss
596:	| 17	| 18	| 19	| 12	| 13	| 14	| 15	| 16	|: page requested: 20 :  miss
597:	| 17	| 18	| 19	| 20	| 13	| 14	| 15	| 16	|: page requested: 21 :  miss
598:	| 17	| 18	| 19	| 20	| 21	| 14	| 15	| 16	|: page requested: 22 :  miss
599:	| 17	| 18	| 19	| 20	| 21	| 22	| 15	| 16	|: page requested: 23 :  miss
600:	| 17	| 18	| 19	| 20	| 21	| 22	| 23	| 16	|: page requested: 24 :  miss
601:	| 17	| 18	| 19	| 20	| 21	| 22	| 23	| 24	|: page requested: 25 :  miss
602:	| 25	| 18	| 19	| 20	| 21	| 22	| 23	| 24	|: page requested: 26 :  miss
603:	| 25	| 26	| 19	| 20	| 21	| 22	| 23	| 24	|: page requested: 27 :  miss
604:	| 25	| 26	| 27	| 20	| 21	| 22	| 23	| 24	|: page requested: 28 :  miss
605:	| 25	| 26	| 27	| 28	| 21	| 22	| 23	| 24	|: page requested: 29 :  miss
606:	| 25	| 26	| 27	| 28	| 29	| 22	| 23	| 24	|: page requested: 30 :  miss
607:	| 25	| 26	| 27	| 28	| 29	| 30	| 23	| 24	|: page requested: 31 :  miss
608:	| 25	| 26	| 27	| 28	| 29	| 30	| 31	| 24	|: page requested: 0 :  miss
609:	| 25	| 26	| 27	| 28	| 29	| 30	| 31	| 0	|: page requested: 1 :  miss
610:	| 1	| 26	| 27	| 28	| 29	| 30	| 31	| 0	|: page requested: 2 :  miss
611:	| 1	| 2	| 27	| 28	| 29	| 30	| 31	| 0	|: page requested: 3 :  miss
612:	| 1	| 2	| 3	| 28	| 29	| 30	| 31	| 0	|: page requested: 4 :  miss
613:	| 1	| 2	| 3	| 4	| 29	| 30	| 31	| 0	|: page requested: 5 :  miss
614:	| 1	| 2	| 3	| 4	| 5	| 30	| 31	| 0	|: page requested: 6 :  miss
615:	| 1	| 2	| 3	| 4	| 5	| 6	| 31	| 0	|: page requested: 7 :  miss
616:	| 1	| 2	| 3	| 4	| 5	| 6	| 7	| 0	|: page requested: 8 :  miss
617:	| 1	| 2	| 3	| 4	| 5	| 6	| 7	| 8	|: page requested: 9 :  miss
618:	| 9	| 2	| 3	| 4	| 5	| 6	| 7	| 8	|: page requested: 10 :  miss
619:	| 9	| 10	| 3	| 4	| 5	| 6	| 7	| 8	|: page requested: 11 :  miss
620:	| 9	| 10	| 11	| 4	| 5	| 6	| 7	| 8	|: page requested: 12 :  miss
621:	| 9	| 10	| 11	| 12	| 5	| 6	| 7	| 8	|: page requested: 13 :  miss
622:	| 9	| 10	| 11	| 12	| 13	| 6	| 7	| 8	|: page requested: 14 :  miss
623:	| 9	| 10	| 11	| 12	| 13	| 14	| 7	| 8	|: page requested: 15 :  miss
624:	| 9	| 10	| 11	| 12	| 13	| 14	| 15	| 8	|: page requested: 16 :  miss
625:	| 9	| 10	| 11	| 12	| 13	| 14	| 15	| 16	|: page requested: 17 :  miss
626:	| 17	| 10	| 11	| 12	| 13	| 14	| 15	| 16	|: page requested: 18 :  miss
627:	| 17	| 18	| 11	| 12	| 13	| 14	| 15	| 16	|: page requested: 19 :  miss
628:	| 17	| 18	| 19	| 12	| 13	| 14	| 15	| 16	|: page requested: 20 :  miss
629:	| 17	| 18	| 19	| 20	| 13	| 14	| 15	| 16	|: page requested: 21 :  miss
630:	| 17	| 18	| 19	| 20	| 21	| 14	| 15	| 16	|: page requested: 22 :  miss
631:	| 17	| 18	| 19	| 20	| 21	| 22	| 15	| 16	|: page requested: 23 :  miss
632:	| 17	| 18	| 19	| 20	| 21	| 22	| 23	| 16	|: page requested: 24 :  miss
633:	| 17	| 18	| 19	| 20	| 21	| 22	| 23	| 24	|: page requested: 25 :  miss
634:	| 25	| 18	| 19	| 20	| 21	| 22	| 23	| 24	|: page requested: 26 :  miss
635:	| 25	| 26	| 19	| 20	| 21	| 22	| 23	| 24	|: page requested: 27 :  miss
636:	| 25	| 26	| 27	| 20	| 21	| 22	| 23	| 24	|: page requested: 28 :  miss
637:	| 25	| 26	| 27	| 28	| 21	| 22	| 23	| 24	|: page requested: 29 :  miss
638:	| 25	| 26	| 27	| 28	| 29	| 22	| 23	| 24	|: page requested: 30 :  miss
639:	| 25	| 26	| 27	| 28	| 29	| 30	| 23	| 24	|: page requested: 31 :  miss
640:	| 25	| 26	| 27	| 28	| 29	| 30	| 31	| 24	|: page requested: 0 :  miss
641:	| 25	| 26	| 27	| 28	| 29	| 30	| 31	| 0	|: page requested: 1 :  miss
642:	| 1	| 26	| 27	| 28	| 29	| 30	| 31	| 0	|: page requested: 2 :  miss
643:	| 1	| 2	| 27	| 28	| 29	| 30	| 31	| 0	|: page requested: 3 :  miss
644:	| 1	| 2	| 3	| 28	| 29	| 30	| 31	| 0	|: page requested: 4 :  miss
645:	| 1	| 2	| 3	| 4	| 29	| 30	| 31	| 0	|: page requested: 5 :  miss
646:	| 1	| 2	| 3	| 4	| 5	| 30	| 31	| 0	|: page requested: 6 :  miss
647:	| 1	| 2	| 3	| 4	| 5	| 6	| 31	| 0	|: page requested: 7 :  miss
648:	| 1	| 2	| 3	| 4	| 5	| 6	| 7	| 0	|: page requested: 8 :  miss
649:	| 1	| 2	| 3	| 4	| 5	| 6	| 7	| 8	|: page requested: 9 :  miss
650:	| 9	| 2	| 3	| 4	| 5	| 6	| 7	| 8	|: page requested: 10 :  miss
651:	| 9	| 10	| 3	| 4	| 5	| 6	| 7	| 8	|: page requested: 11 :  miss
652:	| 9	| 10	| 11	| 4	| 5	| 6	| 7	| 8	|: page requested: 12 :  miss
653:	| 9	| 10	| 11	| 12	| 5	| 6	| 7	| 8	|: page requested: 13 :  miss
654:	| 9	| 10	| 11	| 12	| 13	| 6	| 7	| 8	|: page requested: 14 :  miss
655:	| 9	| 10	| 11	| 12	| 13	| 14	| 7	| 8	|: page requested: 15 :  miss
656:	| 9	| 10	| 11	| 12	| 13	| 14	| 15	| 8	|: page requested: 16 :  miss
657:	| 9	| 10	| 11	| 12	| 13	| 14	| 15	| 16	|: page requested: 17 :  miss
658:	| 17	| 10	| 11	| 12	| 13	| 14	| 15	| 16	|: page requested: 18 :  miss
659:	| 17	| 18	| 11	| 12	| 13	| 14	| 15	| 16	|: page requested: 19 :  miss
660:	| 17	| 18	| 19	| 12	| 13	| 14	| 15	| 16	|: page requested: 20 :  miss
661:	| 17	| 18	| 19	| 20	| 13	| 14	| 15	| 16	|: page requested: 21 :  miss
662:	| 17	| 18	| 19	| 20	| 21	| 14	| 15	| 16	|: page requested: 22 :  miss
663:	| 17	| 18	| 19	| 20	| 21	| 22	| 15	| 16	|: page requested: 23 :  miss
664:	| 17	| 18	| 19	| 20	| 21	| 22	| 23	| 16	|: page requested: 24 :  miss
665:	| 17	| 18	| 19	| 20	| 21	| 22	| 23	| 24	|: page requested: 25 :  miss
666:	| 25	| 18	| 19	| 20	| 21	| 22	| 23	| 24	|: page requested: 26 :  miss
667:	| 25	| 26	| 19	| 20	| 21	| 22	| 23	| 24	|: page requested: 27 :  miss
668:	| 25	| 26	| 27	| 20	| 21	| 22	| 23	| 24	|: page requested: 28 :  miss
669:	| 25	| 26	| 27	| 28	| 21	| 22	| 23	| 24	|: page requested: 29 :  miss
670:	| 25	| 26	| 27	| 28	| 29	| 22	| 23	| 24	|: page requested: 30 :  miss
671:	| 25	| 26	| 27	| 28	| 29	| 30	| 23	| 24	|: page requested: 31 :  miss
672:	| 25	| 26	| 27	| 28	| 29	| 30	| 31	| 24	|: page requested: 0 :  miss
673:	| 25	| 26	| 27	| 28	| 29	| 30	| 31	| 0	|: page requested: 1 :  miss
674:	| 1	| 26	| 27	| 28	| 29	| 30	| 31	| 0	|: page requested: 2 :  miss
675:	| 1	| 2	| 27	| 28	| 29	| 30	| 31	| 0	|: page requested: 3 :  miss
676:	| 1	| 2	| 3	| 28	| 29	| 30	| 31	| 0	|: page requested: 4 :  miss
677:	| 1	| 2	| 3	| 4	| 29	| 30	| 31	| 0	|: page requested: 5 :  miss
678:	| 1	| 2	| 3	| 4	| 5	| 30	| 31	| 0	|: page requested: 6 :  miss
679:	| 1	| 2	| 3	| 4	| 5	| 6	| 31	| 0	|: page requested: 7 :  miss
680:	| 1	| 2	| 3	| 4	| 5	| 6	| 7	| 0	|: page requested: 8 :  miss
681:	| 1	| 2	| 3	| 4	| 5	| 6	| 7	| 8	|: page requested: 9 :  miss
682:	| 9	| 2	| 3	| 4	| 5	| 6	| 7	| 8	|: page requested: 10 :  miss
683:	| 9	| 10	| 3	| 4	| 5	| 6	| 7	| 8	|: page requested: 11 :  miss
684:	| 9	| 10	| 11	| 4	| 5	| 6	| 7	| 8	|: page requested: 12 :  miss
685:	| 9	| 10	| 11	| 12	| 5	| 6	| 7	| 8	|: page requested: 13 :  miss
686:	| 9	| 10	| 11	| 12	| 13	| 6	| 7	| 8	|: page requested: 14 :  miss
687:	| 9	| 10	| 11	| 12	| 13	| 14	| 7	| 8	|: page requested: 15 :  miss
688:	| 9	| 10	| 11	| 12	| 13	| 14	| 15	| 8	|: page requested: 16 :  miss
689:	| 9	| 10	| 11	| 12	| 13	| 14	| 15	| 16	|: page requested: 17 :  miss
690:	| 17	| 10	| 11	| 12	| 13	| 14	| 15	| 16	|: page requested: 18 :  miss
691:	| 17	| 18	| 11	| 12	| 13	| 14	| 15	| 16	|: page requested: 19 :  miss
692:	| 17	| 18	| 19	| 12	| 13	| 14	| 15	| 16	|: page requested: 20 :  miss
693:	| 17	| 18	| 19	| 20	| 13	| 14	| 15	| 16	|: page requested: 21 :  miss
694:	| 17	| 18	| 19	| 20	| 21	| 14	| 15	| 16	|: page requested: 22 :  miss
695:	| 17	| 18	| 19	| 20	| 21	| 22	| 15	| 16	|: page requested: 23 :  miss
696:	| 17	| 18	| 19	| 20	| 21	| 22	| 23	| 16	|: page requested: 24 :  miss
697:	| 17	| 18	| 19	| 20	| 21	| 22	| 23	| 24	|: page requested: 25 :  miss
698:	| 25	| 18	| 19	| 20	| 21	| 22	| 23	| 24	|: page requested: 26 :  miss
699:	| 25	| 26	| 19	| 20	| 21	| 22	| 23	| 24	|: page requested: 27 :  miss
700:	| 25	| 26	| 27	| 20	| 21	| 22	| 23	| 24	|: page requested: 28 :  miss
701:	| 25	| 26	| 27	| 28	| 21	| 22	| 23	| 24	|: page requested: 29 :  miss
702:	| 25	| 26	| 27	| 28	| 29	| 22	| 23	| 24	|: page requested: 30 :  miss
703:	| 25	| 26	| 27	| 28	| 29	| 30	| 23	| 24	|: page requested: 31 :  miss
704:	| 25	| 26	| 27	| 28	| 29	| 30	| 31	| 24	|: page requested: 0 :  miss
705:	| 25	| 26	| 27	| 28	| 29	| 30	| 31	| 0	|: page requested: 1 :  miss
706:	| 1	| 26	| 27	| 28	| 29	| 30	| 31	| 0	|: page requested: 2 :  miss
707:	| 1	| 2	| 27	| 28	| 29	| 30	| 31	| 0	|: page requested: 3 :  miss
708:	| 1	| 2	| 3	| 28	| 29	| 30	| 31	| 0	|: page requested: 4 :  miss
709:	| 1	| 2	| 3	| 4	| 29	| 30	| 31	| 0	|: page requested: 5 :  miss
710:	| 1	| 2	| 3	| 4	| 5	| 30	| 31	| 0	|: page requested: 6 :  miss
711:	| 1	| 2	| 3	| 4	| 5	| 6	| 31	| 0	|: page requested: 7 :  miss
712:	| 1	| 2	| 3	| 4	| 5	| 6	| 7	| 0	|: page requested: 8 :  miss
713:	| 1	| 2	| 3	| 4	| 5	| 6	| 7	| 8	|: page requested: 9 :  miss
714:	| 9	| 2	| 3	| 4	| 5	| 6	| 7	| 8	|: page requested: 10 :  miss
715:	| 9	| 10	| 3	| 4	| 5	| 6	| 7	| 8	|: page requested: 11 :  miss
716:	| 9	| 10	| 11	| 4	| 5	| 6	| 7	| 8	|: page requested: 12 :  miss
717:	| 9	| 10	| 11	| 12	| 5	| 6	| 7	| 8	|: page requested: 13 :  miss
718:	| 9	| 10	| 11	| 12	| 13	| 6	| 7	| 8	|: page requested: 14 :  miss
719:	| 9	| 10	| 11	| 12	| 13	| 14	| 7	| 8	|: page requested: 15 :  miss
720:	| 9	| 10	| 11	| 12	| 13	| 14	| 15	| 8	|: page requested: 16 :  miss
721:	| 9	| 10	| 11	| 12	| 13	| 14	| 15	| 16	|: page requested: 17 :  miss
722:	| 17	| 10	| 11	| 12	| 13	| 14	| 15	| 16	|: page requested: 18 :  miss
723:	| 17	| 18	| 11	| 12	| 13	| 14	| 15	| 16	|: page requested: 19 :  miss
724:	| 17	| 18	| 19	| 12	| 13	| 14	| 15	| 16	|: page requested: 20 :  miss
725:	| 17	| 18	| 19	| 20	| 13	| 14	| 15	| 16	|: page requested: 21 :  miss
726:	| 17	| 18	| 19	| 20	| 21	| 14	| 15	| 16	|: page requested: 22 :  miss
727:	| 17	| 18	| 19	| 20	| 21	| 22	| 15	| 16	|: page requested: 23 :  miss
728:	| 17	| 18	| 19	| 20	| 21	| 22	| 23	| 16	|: page requested: 24 :  miss
729:	| 17	| 18	| 19	| 20	| 21	| 22	| 23	| 24	|: page requested: 25 :  miss
730:	| 25	| 18	| 19	| 20	| 21	| 22	| 23	| 24	|: page requested: 26 :  miss
731:	| 25	| 26	| 19	| 20	| 21	| 22	| 23	| 24	|: page requested: 27 :  miss
732:	| 25	| 26	| 27	| 20	| 21	| 22	| 23	| 24	|: page requested: 28 :  miss
733:	| 25	| 26	| 27	| 28	| 21	| 22	| 23	| 24	|: page requested: 29 :  miss
734:	| 25	| 26	| 27	| 28	| 29	| 22	| 23	| 24	|: page requested: 30 :  miss
735:	| 25	| 26	| 27	| 28	| 29	| 30	| 23	| 24	|: page requested: 31 :  miss
736:	| 25	| 26	| 27	| 28	| 29	| 30	| 31	| 24	|: page requested: 0 :  miss
737:	| 25	| 26	| 27	| 28	| 29	| 30	| 31	| 0	|: page requested: 1 :  miss
738:	| 1	| 26	| 27	| 28	| 29	| 30	| 31	| 0	|: page requested: 2 :  miss
739:	| 1	| 2	| 27	| 28	| 29	| 30	| 31	| 0	|: page requested: 3 :  miss
740:	| 1	| 2	| 3	| 28	| 29	| 30	| 31	| 0	|: page requested: 4 :  miss
741:	| 1	| 2	| 3	| 4	| 29	| 30	| 31	| 0	|: page requested: 5 :  miss
742:	| 1	| 2	| 3	| 4	| 5	| 30	| 31	| 0	|: page requested: 6 :  miss
743:	| 1	| 2	| 3	| 4	| 5	| 6	| 31	| 0	|: page requested: 7 :  miss
744:	| 1	| 2	| 3	| 4	| 5	| 6	| 7	| 0	|: page requested: 8 :  miss
745:	| 1	| 2	| 3	| 4	| 5	| 6	| 7	| 8	|: page requested: 9 :  miss
746:	| 9	| 2	| 3	| 4	| 5	| 6	| 7	| 8	|: page requested: 10 :  miss
747:	| 9	| 10	| 3	| 4	| 5	| 6	| 7	| 8	|: page requested: 11 :  miss
748:	| 9	| 10	| 11	| 4	| 5	| 6	| 7	| 8	|: page requested: 12 :  miss
749:	| 9	| 10	| 11	| 12	| 5	| 6	| 7	| 8	|: page requested: 13 :  miss
750:	| 9	| 10	| 11	| 12	| 13	| 6	| 7	| 8	|: page requested: 14 :  miss
751:	| 9	| 10	| 11	| 12	| 13	| 14	| 7	| 8	|: page requested: 15 :  miss
752:	| 9	| 10	| 11	| 12	| 13	| 14	| 15	| 8	|: page requested: 16 :  miss
753:	| 9	| 10	| 11	| 12	| 13	| 14	| 15	| 16	|: page requested: 17 :  miss
754:	| 17	| 10	| 11	| 12	| 13	| 14	| 15	| 16	|: page requested: 18 :  miss
755:	| 17	| 18	| 11	| 12	| 13	| 14	| 15	| 16	|: page requested: 19 :  miss
756:	| 17	| 18	| 19	| 12	| 13	| 14	| 15	| 16	|: page requested: 20 :  miss
757:	| 17	| 18	| 19	| 20	| 13	| 14	| 15	| 16	|: page requested: 21 :  miss
758:	| 17	| 18	| 19	| 20	| 21	| 14	| 15	| 16	|: page requested: 22 :  miss
759:	| 17	| 18	| 19	| 20	| 21	| 22	| 15	| 16	|: page requested: 23 :  miss
760:	| 17	| 18	| 19	| 20	| 21	| 22	| 23	| 16	|: page requested: 24 :  miss
761:	| 17	| 18	| 19	| 20	| 21	| 22	| 23	| 24	|: page requested: 25 :  miss
762:	| 25	| 18	| 19	| 20	| 21	| 22	| 23	| 24	|: page requested: 26 :  miss
763:	| 25	| 26	| 19	| 20	| 21	| 22	| 23	| 24	|: page requested: 27 :  miss
764:	| 25	| 26	| 27	| 20	| 21	| 22	| 23	| 24	|: page requested: 28 :  miss
765:	| 25	| 26	| 27	| 28	| 21	| 22	| 23	| 24	|: page requested: 29 :  miss
766:	| 25	| 26	| 27	| 28	| 29	| 22	| 23	| 24	|: page requested: 30 :  miss
767:	| 25	| 26	| 27	| 28	| 29	| 30	| 23	| 24	|: page requested: 31 :  miss
768:	| 25	| 26	| 27	| 28	| 29	| 30	| 31	| 24	|: page requested: 0 :  miss
769:	| 25	| 26	| 27	| 28	| 29	| 30	| 31	| 0	|: page requested: 1 :  miss
770:	| 1	| 26	| 27	| 28	| 29	| 30	| 31	| 0	|: page requested: 2 :  miss
771:	| 1	| 2	| 27	| 28	| 29	| 30	| 31	| 0	|: page requested: 3 :  miss
772:	| 1	| 2	| 3	| 28	| 29	| 30	| 31	| 0	|: page requested: 4 :  miss
773:	| 1	| 2	| 3	| 4	| 29	| 30	| 31	| 0	|: page requested: 5 :  miss
774:	| 1	| 2	| 3	| 4	| 5	| 30	| 31	| 0	|: page requested: 6 :  miss
775:	| 1	| 2	| 3	| 4	| 5	| 6	| 31	| 0	|: page requested: 7 :  miss
776:	| 1	| 2	| 3	| 4	| 5	| 6	| 7	| 0	|: page requested: 8 :  miss
777:	| 1	| 2	| 3	| 4	| 5	| 6	| 7	| 8	|: page requested: 9 :  miss
778:	| 9	| 2	| 3	| 4	| 5	| 6	| 7	| 8	|: page requested: 10 :  miss
779:	| 9	| 10	| 3	| 4	| 5	| 6	| 7	| 8	|: page requested: 11 :  miss
780:	| 9	| 10	| 11	| 4	| 5	| 6	| 7	| 8	|: page requested: 12 :  miss
781:	| 9	| 10	| 11	| 12	| 5	| 6	| 7	| 8	|: page requested: 13 :  miss
782:	| 9	| 10	| 11	| 12	| 13	| 6	| 7	| 8	|: page requested: 14 :  miss
783:	| 9	| 10	| 11	| 12	| 13	| 14	| 7	| 8	|: page requested: 15 :  miss
784:	| 9	| 10	| 11	| 12	| 13	| 14	| 15	| 8	|: page requested: 16 :  miss
785:	| 9	| 10	| 11	| 12	| 13	| 14	| 15	| 16	|: page requested: 17 :  miss
786:	| 17	| 10	| 11	| 12	| 13	| 14	| 15	| 16	|: page requested: 18 :  miss
787:	| 17	| 18	| 11	| 12	| 13	| 14	| 15	| 16	|: page requested: 19 :  miss
788:	| 17	| 18	| 19	| 12	| 13	| 14	| 15	| 16	|: page requested: 20 :  miss
789:	| 17	| 18	| 19	| 20	| 13	| 14	| 15	| 16	|: page requested: 21 :  miss
790:	| 17	| 18	| 19	| 20	| 21	| 14	| 15	| 16	|: page requested: 22 :  miss
791:	| 17	| 18	| 19	| 20	| 21	| 22	| 15	| 16	|: page requested: 23 :  miss
792:	| 17	| 18	| 19	| 20	| 21	| 22	| 23	| 16	|: page requested: 24 :  miss
793:	| 17	| 18	| 19	| 20	| 21	| 22	| 23	| 24	|: page requested: 25 :  miss
794:	| 25	| 18	| 19	| 20	| 21	| 22	| 23	| 24	|: page requested: 26 :  miss
795:	| 25	| 26	| 19	| 20	| 21	| 22	| 23	| 24	|: page requested: 27 :  miss
796:	| 25	| 26	| 27	| 20	| 21	| 22	| 23	| 24	|: page requested: 28 :  miss
797:	| 25	| 26	| 27	| 28	| 21	| 22	| 23	| 24	|: page requested: 29 :  miss
798:	| 25	| 26	| 27	| 28	| 29	| 22	| 23	| 24	|: page requested: 30 :  miss
799:	| 25	| 26	| 27	| 28	| 29	| 30	| 23	| 24	|: page requested: 31 :  miss
800:	| 25	| 26	| 27	| 28	| 29	| 30	| 31	| 24	|: page requested: 0 :  miss
801:	| 25	| 26	| 27	| 28	| 29	| 30	| 31	| 0	|: page requested: 1 :  miss
802:	| 1	| 26	| 27	| 28	| 29	| 30	| 31	| 0	|: page requested: 2 :  miss
803:	| 1	| 2	| 27	| 28	| 29	| 30	| 31	| 0	|: page requested: 3 :  miss
804:	| 1	| 2	| 3	| 28	| 29	| 30	| 31	| 0	|: page requested: 4 :  miss
805:	| 1	| 2	| 3	| 4	| 29	| 30	| 31	| 0	|: page requested: 5 :  miss
806:	| 1	| 2	| 3	| 4	| 5	| 30	| 31	| 0	|: page requested: 6 :  miss
807:	| 1	| 2	| 3	| 4	| 5	| 6	| 31	| 0	|: page requested: 7 :  miss
808:	| 1	| 2	| 3	| 4	| 5	| 6	| 7	| 0	|: page requested: 8 :  miss
809:	| 1	| 2	| 3	| 4	| 5	| 6	| 7	| 8	|: page requested: 9 :  miss
810:	| 9	| 2	| 3	| 4	| 5	| 6	| 7	| 8	|: page requested: 10 :  miss
811:	| 9	| 10	| 3	| 4	| 5	| 6	| 7	| 8	|: page requested: 11 :  miss
812:	| 9	| 10	| 11	| 4	| 5	| 6	| 7	| 8	|: page requested: 12 :  miss
813:	| 9	| 10	| 11	| 12	| 5	| 6	| 7	| 8	|: page requested: 13 :  miss
814:	| 9	| 10	| 11	| 12	| 13	| 6	| 7	| 8	|: page requested: 14 :  miss
815:	| 9	| 10	| 11	| 12	| 13	| 14	| 7	| 8	|: page requested: 15 :  miss
816:	| 9	| 10	| 11	| 12	| 13	| 14	| 15	| 8	|: page requested: 16 :  miss
817:	| 9	| 10	| 11	| 12	| 13	| 14	| 15	| 16	|: page requested: 17 :  miss
818:	| 17	| 10	| 11	| 12	| 13	| 14	| 15	| 16	|: page requested: 18 :  miss
819:	| 17	| 18	| 11	| 12	| 13	| 14	| 15	| 16	|: page requested: 19 :  miss
820:	| 17	| 18	| 19	| 12	| 13	| 14	| 15	| 16	|: page requested: 20 :  miss
821:	| 17	| 18	| 19	| 20	| 13	| 14	| 15	| 16	|: page requested: 21 :  miss
822:	| 17	| 18	| 19	| 20	| 21	| 14	| 15	| 16	|: page requested: 22 :  miss
823:	| 17	| 18	| 19	| 20	| 21	| 22	| 15	| 16	|: page requested: 23 :  miss
824:	| 17	| 18	| 19	| 20	| 21	| 22	| 23	| 16	|: page requested: 24 :  miss
825:	| 17	| 18	| 19	| 20	| 21	| 22	| 23	| 24	|: page requested: 25 :  miss
826:	| 25	| 18	| 19	| 20	| 21	| 22	| 23	| 24	|: page requested: 26 :  miss
827:	| 25	| 26	| 19	| 20	| 21	| 22	| 23	| 24	|: page requested: 27 :  miss
828:	| 25	| 26	| 27	| 20	| 21	| 22	| 23	| 24	|: page requested: 28 :  miss
829:	| 25	| 26	| 27	| 28	| 21	| 22	| 23	| 24	|: page requested: 29 :  miss
830:	| 25	| 26	| 27	| 28	| 29	| 22	| 23	| 24	|: page requested: 30 :  miss
831:	| 25	| 26	| 27	| 28	| 29	| 30	| 23	| 24	|: page requested: 31 :  miss
832:	| 25	| 26	| 27	| 28	| 29	| 30	| 31	| 24	|: page requested: 0 :  miss
833:	| 25	| 26	| 27	| 28	| 29	| 30	| 31	| 0	|: page requested: 1 :  miss
834:	| 1	| 26	| 27	| 28	| 29	| 30	| 31	| 0	|: page requested: 2 :  miss
835:	| 1	| 2	| 27	| 28	| 29	| 30	| 31	| 0	|: page requested: 3 :  miss
836:	| 1	| 2	| 3	| 28	| 29	| 30	| 31	| 0	|: page requested: 4 :  miss
837:	| 1	| 2	| 3	| 4	| 29	| 30	| 31	| 0	|: page requested: 5 :  miss
838:	| 1	| 2	| 3	| 4	| 5	| 30	| 31	| 0	|: page requested: 6 :  miss
839:	| 1	| 2	| 3	| 4	| 5	| 6	| 31	| 0	|: page requested: 7 :  miss
840:	| 1	| 2	| 3	| 4	| 5	| 6	| 7	| 0	|: page requested: 8 :  miss
841:	| 1	| 2	| 3	| 4	| 5	| 6	| 7	| 8	|: page requested: 9 :  miss
842:	| 9	| 2	| 3	| 4	| 5	| 6	| 7	| 8	|: page requested: 10 :  miss
843:	| 9	| 10	| 3	| 4	| 5	| 6	| 7	| 8	|: page requested: 11 :  miss
844:	| 9	| 10	| 11	| 4	| 5	| 6	| 7	| 8	|: page requested: 12 :  miss
845:	| 9	| 10	| 11	| 12	| 5	| 6	| 7	| 8	|: page requested: 13 :  miss
846:	| 9	| 10	| 11	| 12	| 13	| 6	| 7	| 8	|: page requested: 14 :  miss
847:	| 9	| 10	| 11	| 12	| 13	| 14	| 7	| 8	|: page requested: 15 :  miss
848:	| 9	| 10	| 11	| 12	| 13	| 14	| 15	| 8	|: page requested: 16 :  miss
849:	| 9	| 10	| 11	| 12	| 13	| 14	| 15	| 16	|: page requested: 17 :  miss
850:	| 17	| 10	| 11	| 12	| 13	| 14	| 15	| 16	|: page requested: 18 :  miss
851:	| 17	| 18	| 11	| 12	| 13	| 14	| 15	| 16	|: page requested: 19 :  miss
852:	| 17	| 18	| 19	| 12	| 13	| 14	| 15	| 16	|: page requested: 20 :  miss
853:	| 17	| 18	| 19	| 20	| 13	| 14	| 15	| 16	|: page requested: 21 :  miss
854:	| 17	| 18	| 19	| 20	| 21	| 14	| 15	| 16	|: page requested: 22 :  miss
855:	| 17	| 18	| 19	| 20	| 21	| 22	| 15	| 16	|: page requested: 23 :  miss
856:	| 17	| 18	| 19	| 20	| 21	| 22	| 23	| 16	|: page requested: 24 :  miss
857:	| 17	| 18	| 19	| 20	| 21	| 22	| 23	| 24	|: page requested: 25 :  miss
858:	| 25	| 18	| 19	| 20	| 21	| 22	| 23	| 24	|: page requested: 26 :  miss
859:	| 25	| 26	| 19	| 20	| 21	| 22	| 23	| 24	|: page requested: 27 :  miss
860:	| 25	| 26	| 27	| 20	| 21	| 22	| 23	| 24	|: page requested: 28 :  miss
861:	| 25	| 26	| 27	| 28	| 21	| 22	| 23	| 24	|: page requested: 29 :  miss
862:	| 25	| 26	| 27	| 28	| 29	| 22	| 23	| 24	|: page requested: 30 :  miss
863:	| 25	| 26	| 27	| 28	| 29	| 30	| 23	| 24	|: page requested: 31 :  miss
864:	| 25	| 26	| 27	| 28	| 29	| 30	| 31	| 24	|: page requested: 0 :  miss
865:	| 25	| 26	| 27	| 28	| 29	| 30	| 31	| 0	|: page requested: 1 :  miss
866:	| 1	| 26	| 27	| 28	| 29	| 30	| 31	| 0	|: page requested: 2 :  miss
867:	| 1	| 2	| 27	| 28	| 29	| 30	| 31	| 0	|: page requested: 3 :  miss
868:	| 1	| 2	| 3	| 28	| 29	| 30	| 31	| 0	|: page requested: 4 :  miss
869:	| 1	| 2	| 3	| 4	| 29	| 30	| 31	| 0	|: page requested: 5 :  miss
870:	| 1	| 2	| 3	| 4	| 5	| 30	| 31	| 0	|: page requested: 6 :  miss
871:	| 1	| 2	| 3	| 4	| 5	| 6	| 31	| 0	|: page requested: 7 :  miss
872:	| 1	| 2	| 3	| 4	| 5	| 6	| 7	| 0	|: page requested: 8 :  miss
873:	| 1	| 2	| 3	| 4	| 5	| 6	| 7	| 8	|: page requested: 9 :  miss
874:	| 9	| 2	| 3	| 4	| 5	| 6	| 7	| 8	|: page requested: 10 :  miss
875:	| 9	| 10	| 3	| 4	| 5	| 6	| 7	| 8	|: page requested: 11 :  miss
876:	| 9	| 10	| 11	| 4	| 5	| 6	| 7	| 8	|: page requested: 12 :  miss
877:	| 9	| 10	| 11	| 12	| 5	| 6	| 7	| 8	|: page requested: 13 :  miss
878:	| 9	| 10	| 11	| 12	| 13	| 6	| 7	| 8	|: page requested: 14 :  miss
879:	| 9	| 10	| 11	| 12	| 13	| 14	| 7	| 8	|: page requested: 15 :  miss
880:	| 9	| 10	| 11	| 12	| 13	| 14	| 15	| 8	|: page requested: 16 :  miss
881:	| 9	| 10	| 11	| 12	| 13	| 14	| 15	| 16	|: page requested: 17 :  miss
882:	| 17	| 10	| 11	| 12	| 13	| 14	| 15	| 16	|: page requested: 18 :  miss
883:	| 17	| 18	| 11	| 12	| 13	| 14	| 15	| 16	|: page requested: 19 :  miss
884:	| 17	| 18	| 19	| 12	| 13	| 14	| 15	| 16	|: page requested: 20 :  miss
885:	| 17	| 18	| 19	| 20	| 13	| 14	| 15	| 16	|: page requested: 21 :  miss
886:	| 17	| 18	| 19	| 20	| 21	| 14	| 15	| 16	|: page requested: 22 :  miss
887:	| 17	| 18	| 19	| 20	| 21	| 22	| 15	| 16	|: page requested: 23 :  miss
888:	| 17	| 18	| 19	| 20	| 21	| 22	| 23	| 16	|: page requested: 24 :  miss
889:	| 17	| 18	| 19	| 20	| 21	| 22	| 23	| 24	|: page requested: 25 :  miss
890:	| 25	| 18	| 19	| 20	| 21	| 22	| 23	| 24	|: page requested: 26 :  miss
891:	| 25	| 26	| 19	| 20	| 21	| 22	| 23	| 24	|: page requested: 27 :  miss
892:	| 25	| 26	| 27	| 20	| 21	| 22	| 23	| 24	|: page requested: 28 :  miss
893:	| 25	| 26	| 27	| 28	| 21	| 22	| 23	| 24	|: page requested: 29 :  miss
894:	| 25	| 26	| 27	| 28	| 29	| 22	| 23	| 24	|: page requested: 30 :  miss
895:	| 25	| 26	| 27	| 28	| 29	| 30	| 23	| 24	|: page requested: 31 :  miss
896:	| 25	| 26	| 27	| 28	| 29	| 30	| 31	| 24	|: page requested: 0 :  miss
897:	| 25	| 26	| 27	| 28	| 29	| 30	| 31	| 0	|: page requested: 1 :  miss
898:	| 1	| 26	| 27	| 28	| 29	| 30	| 31	| 0	|: page requested: 2 :  miss
899:	| 1	| 2	| 27	| 28	| 29	| 30	| 31	| 0	|: page requested: 3 :  miss
900:	| 1	| 2	| 3	| 28	| 29	| 30	| 31	| 0	|: page requested: 4 :  miss
901:	| 1	| 2	| 3	| 4	| 29	| 30	| 31	| 0	|: page requested: 5 :  miss
902:	| 1	| 2	| 3	| 4	| 5	| 30	| 31	| 0	|: page requested: 6 :  miss
903:	| 1	| 2	| 3	| 4	| 5	| 6	| 31	| 0	|: page requested: 7 :  miss
904:	| 1	| 2	| 3	| 4	| 5	| 6	| 7	| 0	|: page requested: 8 :  miss
905:	| 1	| 2	| 3	| 4	| 5	| 6	| 7	| 8	|: page requested: 9 :  miss
906:	| 9	| 2	| 3	| 4	| 5	| 6	| 7	| 8	|: page requested: 10 :  miss
907:	| 9	| 10	| 3	| 4	| 5	| 6	| 7	| 8	|: page requested: 11 :  miss
908:	| 9	| 10	| 11	| 4	| 5	| 6	| 7	| 8	|: page requested: 12 :  miss
909:	| 9	| 10	| 11	| 12	| 5	| 6	| 7	| 8	|: page requested: 13 :  miss
910:	| 9	| 10	| 11	| 12	| 13	| 6	| 7	| 8	|: page requested: 14 :  miss
911:	| 9	| 10	| 11	| 12	| 13	| 14	| 7	| 8	|: page requested: 15 :  miss
912:	| 9	| 10	| 11	| 12	| 13	| 14	| 15	| 8	|: page requested: 16 :  miss
913:	| 9	| 10	| 11	| 12	| 13	| 14	| 15	| 16	|: page requested: 17 :  miss
914:	| 17	| 10	| 11	| 12	| 13	| 14	| 15	| 16	|: page requested: 18 :  miss
915:	| 17	| 18	| 11	| 12	| 13	| 14	| 15	| 16	|: page requested: 19 :  miss
916:	| 17	| 18	| 19	| 12	| 13	| 14	| 15	| 16	|: page requested: 20 :  miss
917:	| 17	| 18	| 19	| 20	| 13	| 14	| 15	| 16	|: page requested: 21 :  miss
918:	| 17	| 18	| 19	| 20	| 21	| 14	| 15	| 16	|: page requested: 22 :  miss
919:	| 17	| 18	| 19	| 20	| 21	| 22	| 15	| 16	|: page requested: 23 :  miss
920:	| 17	| 18	| 19	| 20	| 21	| 22	| 23	| 16	|: page requested: 24 :  miss
921:	| 17	| 18	| 19	| 20	| 21	| 22	| 23	| 24	|: page requested: 25 :  miss
922:	| 25	| 18	| 19	| 20	| 21	| 22	| 23	| 24	|: page requested: 26 :  miss
923:	| 25	| 26	| 19	| 20	| 21	| 22	| 23	| 24	|: page requested: 27 :  miss
924:	| 25	| 26	| 27	| 20	| 21	| 22	| 23	| 24	|: page requested: 28 :  miss
925:	| 25	| 26	| 27	| 28	| 21	| 22	| 23	| 24	|: page requested: 29 :  miss
926:	| 25	| 26	| 27	| 28	| 29	| 22	| 23	| 24	|: page requested: 30 :  miss
927:	| 25	| 26	| 27	| 28	| 29	| 30	| 23	| 24	|: page requested: 31 :  miss
928:	| 25	| 26	| 27	| 28	| 29	| 30	| 31	| 24	|: page requested: 0 :  miss
929:	| 25	| 26	| 27	| 28	| 29	| 30	| 31	| 0	|: page requested: 1 :  miss
930:	| 1	| 26	| 27	| 28	| 29	| 30	| 31	| 0	|: page requested: 2 :  miss
931:	| 1	| 2	| 27	| 28	| 29	| 30	| 31	| 0	|: page requested: 3 :  miss
932:	| 1	| 2	| 3	| 28	| 29	| 30	| 31	| 0	|: page requested: 4 :  miss
933:	| 1	| 2	| 3	| 4	| 29	| 30	| 31	| 0	|: page requested: 5 :  miss
934:	| 1	| 2	| 3	| 4	| 5	| 30	| 31	| 0	|: page requested: 6 :  miss
935:	| 1	| 2	| 3	| 4	| 5	| 6	| 31	| 0	|: page requested: 7 :  miss
936:	| 1	| 2	| 3	| 4	| 5	| 6	| 7	| 0	|: page requested: 8 :  miss
937:	| 1	| 2	| 3	| 4	| 5	| 6	| 7	| 8	|: page requested: 9 :  miss
938:	| 9	| 2	| 3	| 4	| 5	| 6	| 7	| 8	|: page requested: 10 :  miss
939:	| 9	| 10	| 3	| 4	| 5	| 6	| 7	| 8	|: page requested: 11 :  miss
940:	| 9	| 10	| 11	| 4	| 5	| 6	| 7	| 8	|: page requested: 12 :  miss
941:	| 9	| 10	| 11	| 12	| 5	| 6	| 7	| 8	|: page requested: 13 :  miss
942:	| 9	| 10	| 11	| 12	| 13	| 6	| 7	| 8	|: page requested: 14 :  miss
943:	| 9	| 10	| 11	| 12	| 13	| 14	| 7	| 8	|: page requested: 15 :  miss
944:	| 9	| 10	| 11	| 12	| 13	| 14	| 15	| 8	|: page requested: 16 :  miss
945:	| 9	| 10	| 11	| 12	| 13	| 14	| 15	| 16	|: page requested: 17 :  miss
946:	| 17	| 10	| 11	| 12	| 13	| 14	| 15	| 16	|: page requested: 18 :  miss
947:	| 17	| 18	| 11	| 12	| 13	| 14	| 15	| 16	|: page requested: 19 :  miss
948:	| 17	| 18	| 19	| 12	| 13	| 14	| 15	| 16	|: page requested: 20 :  miss
949:	| 17	| 18	| 19	| 20	| 13	| 14	| 15	| 16	|: page requested: 21 :  miss
950:	| 17	| 18	| 19	| 20	| 21	| 14	| 15	| 16	|: page requested: 22 :  miss
951:	| 17	| 18	| 19	| 20	| 21	| 22	| 15	| 16	|: page requested: 23 :  miss
952:	| 17	| 18	| 19	| 20	| 21	| 22	| 23	| 16	|: page requested: 24 :  miss
953:	| 17	| 18	| 19	| 20	| 21	| 22	| 23	| 24	|: page requested: 25 :  miss
954:	| 25	| 18	| 19	| 20	| 21	| 22	| 23	| 24	|: page requested: 26 :  miss
955:	| 25	| 26	| 19	| 20	| 21	| 22	| 23	| 24	|: page requested: 27 :  miss
956:	| 25	| 26	| 27	| 20	| 21	| 22	| 23	| 24	|: page requested: 28 :  miss
957:	| 25	| 26	| 27	| 28	| 21	| 22	| 23	| 24	|: page requested: 29 :  miss
958:	| 25	| 26	| 27	| 28	| 29	| 22	| 23	| 24	|: page requested: 30 :  miss
959:	| 25	| 26	| 27	| 28	| 29	| 30	| 23	| 24	|: page requested: 31 :  miss
960:	| 25	| 26	| 27	| 28	| 29	| 30	| 31	| 24	|: page requested: 0 :  miss
961:	| 25	| 26	| 27	| 28	| 29	| 30	| 31	| 0	|: page requested: 1 :  miss
962:	| 1	| 26	| 27	| 28	| 29	| 30	| 31	| 0	|: page requested: 2 :  miss
963:	| 1	| 2	| 27	| 28	| 29	| 30	| 31	| 0	|: page requested: 3 :  miss
964:	| 1	| 2	| 3	| 28	| 29	| 30	| 31	| 0	|: page requested: 4 :  miss
965:	| 1	| 2	| 3	| 4	| 29	| 30	| 31	| 0	|: page requested: 5 :  miss
966:	| 1	| 2	| 3	| 4	| 5	| 30	| 31	| 0	|: page requested: 6 :  miss
967:	| 1	| 2	| 3	| 4	| 5	| 6	| 31	| 0	|: page requested: 7 :  miss
968:	| 1	| 2	| 3	| 4	| 5	| 6	| 7	| 0	|: page requested: 8 :  miss
969:	| 1	| 2	| 3	| 4	| 5	| 6	| 7	| 8	|: page requested: 9 :  miss
970:	| 9	| 2	| 3	| 4	| 5	| 6	| 7	| 8	|: page requested: 10 :  miss
971:	| 9	| 10	| 3	| 4	| 5	| 6	| 7	| 8	|: page requested: 11 :  miss
972:	| 9	| 10	| 11	| 4	| 5	| 6	| 7	| 8	|: page requested: 12 :  miss
973:	| 9	| 10	| 11	| 12	| 5	| 6	| 7	| 8	|: page requested: 13 :  miss
974:	| 9	| 10	| 11	| 12	| 13	| 6	| 7	| 8	|: page requested: 14 :  miss
975:	| 9	| 10	| 11	| 12	| 13	| 14	| 7	| 8	|: page requested: 15 :  miss
976:	| 9	| 10	| 11	| 12	| 13	| 14	| 15	| 8	|: page requested: 16 :  miss
977:	| 9	| 10	| 11	| 12	| 13	| 14	| 15	| 16	|: page requested: 17 :  miss
978:	| 17	| 10	| 11	| 12	| 13	| 14	| 15	| 16	|: page requested: 18 :  miss
979:	| 17	| 18	| 11	| 12	| 13	| 14	| 15	| 16	|: page requested: 19 :  miss
980:	| 17	| 18	| 19	| 12	| 13	| 14	| 15	| 16	|: page requested: 20 :  miss
981:	| 17	| 18	| 19	| 20	| 13	| 14	| 15	| 16	|: page requested: 21 :  miss
982:	| 17	| 18	| 19	| 20	| 21	| 14	| 15	| 16	|: page requested: 22 :  miss
983:	| 17	| 18	| 19	| 20	| 21	| 22	| 15	| 16	|: page requested: 23 :  miss
984:	| 17	| 18	| 19	| 20	| 21	| 22	| 23	| 16	|: page requested: 24 :  miss
985:	| 17	| 18	| 19	| 20	| 21	| 22	| 23	| 24	|: page requested: 25 :  miss
986:	| 25	| 18	| 19	| 20	| 21	| 22	| 23	| 24	|: page requested: 26 :  miss
987:	| 25	| 26	| 19	| 20	| 21	| 22	| 23	| 24	|: page requested: 27 :  miss
988:	| 25	| 26	| 27	| 20	| 21	| 22	| 23	| 24	|: page requested: 28 :  miss
989:	| 25	| 26	| 27	| 28	| 21	| 22	| 23	| 24	|: page requested: 29 :  miss
990:	| 25	| 26	| 27	| 28	| 29	| 22	| 23	| 24	|: page requested: 30 :  miss
991:	| 25	| 26	| 27	| 28	| 29	| 30	| 23	| 24	|: page requested: 31 :  miss
992:	| 25	| 26	| 27	| 28	| 29	| 30	| 31	| 24	|: page requested: 0 :  miss
993:	| 25	| 26	| 27	| 28	| 29	| 30	| 31	| 0	|: page requested: 1 :  miss
994:	| 1	| 26	| 27	| 28	| 29	| 30	| 31	| 0	|: page requested: 2 :  miss
995:	| 1	| 2	| 27	| 28	| 29	| 30	| 31	| 0	|: page requested: 3 :  miss
996:	| 1	| 2	| 3	| 28	| 29	| 30	| 31	| 0	|: page requested: 4 :  miss
997:	| 1	| 2	| 3	| 4	| 29	| 30	| 31	| 0	|: page requested: 5 :  miss
998:	| 1	| 2	| 3	| 4	| 5	| 30	| 31	| 0	|: page requested: 6 :  miss
999:	| 1	| 2	| 3	| 4	| 5	| 6	| 31	| 0	|: page requested: 7 :  miss
Of the 1000 memory access requests, 1000 were misses, making it a hit rate of 0.000000
