0:	| -1	| -1	| -1	| -1	| -1	| -1	| -1	| -1	|: page requested: 7 :  miss
1:	| 7	| -1	| -1	| -1	| -1	| -1	| -1	| -1	|: page requested: 21 :  miss
2:	| 21	| -1	| -1	| -1	| -1	| -1	| -1	| -1	|: page requested: 13 :  miss
3:	| 21	| 13	| -1	| -1	| -1	| -1	| -1	| -1	|: page requested: 27 :  miss
4:	| 21	| 13	| 27	| -1	| -1	| -1	| -1	| -1	|: page requested: 1 :  miss
5:	| 21	| 13	| 27	| 1	| -1	| -1	| -1	| -1	|: page requested: 16 :  miss
6:	| 21	| 13	| 27	| 1	| 16	| -1	| -1	| -1	|: page requested: 1 :  hit
7:	| 21	| 13	| 27	| 1	| 16	| -1	| -1	| -1	|: page requested: 14 :  miss
8:	| 21	| 13	| 27	| 1	| 16	| 14	| -1	| -1	|: page requested: 24 :  miss
9:	| 21	| 13	| 27	| 1	| 16	| 14	| 24	| -1	|: page requested: 24 :  hit
10:	| 21	| 13	| 27	| 1	| 16	| 14	| 24	| -1	|: page requested: 27 :  hit
11:	| 21	| 13	| 27	| 1	| 16	| 14	| 24	| -1	|: page requested: 1 :  hit
12:	| 21	| 13	| 27	| 1	| 16	| 14	| 24	| -1	|: page requested: 25 :  miss
13:	| 21	| 13	| 27	| 1	| 16	| 14	| 24	| 25	|: page requested: 21 :  hit
14:	| 21	| 13	| 27	| 1	| 16	| 14	| 24	| 25	|: page requested: 14 :  hit
15:	| 21	| 13	| 27	| 1	| 16	| 14	| 24	| 25	|: page requested: 21 :  hit
16:	| 21	| 13	| 27	| 1	| 16	| 14	| 24	| 25	|: page requested: 18 :  miss
17:	| 18	| 13	| 27	| 1	| 16	| 14	| 24	| 25	|: page requested: 0 :  miss
18:	| 18	| 0	| 27	| 1	| 16	| 14	| 24	| 25	|: page requested: 9 :  miss
19:	| 18	| 0	| 9	| 1	| 16	| 14	| 24	| 25	|: page requested: 24 :  hit
20:	| 18	| 0	| 9	| 1	| 16	| 14	| 24	| 25	|: page requested: 25 :  hit
21:	| 18	| 0	| 9	| 1	| 16	| 14	| 24	| 25	|: page requested: 3 :  miss
22:	| 18	| 0	| 9	| 3	| 16	| 14	| 24	| 25	|: page requested: 12 :  miss
23:	| 18	| 0	| 9	| 3	| 12	| 14	| 24	| 25	|: page requested: 30 :  miss
24:	| 18	| 0	| 9	| 3	| 12	| 30	| 24	| 25	|: page requested: 11 :  miss
25:	| 18	| 0	| 9	| 3	| 12	| 30	| 11	| 25	|: page requested: 11 :  hit
26:	| 18	| 0	| 9	| 3	| 12	| 30	| 11	| 25	|: page requested: 3 :  hit
27:	| 18	| 0	| 9	| 3	| 12	| 30	| 11	| 25	|: page requested: 22 :  miss
28:	| 18	| 0	| 9	| 3	| 12	| 30	| 11	| 22	|: page requested: 1 :  miss
29:	| 1	| 0	| 9	| 3	| 12	| 30	| 11	| 22	|: page requested: 3 :  hit
30:	| 1	| 0	| 9	| 3	| 12	| 30	| 11	| 22	|: page requested: 13 :  miss
31:	| 1	| 13	| 9	| 3	| 12	| 30	| 11	| 22	|: page requested: 8 :  miss
32:	| 1	| 13	| 8	| 3	| 12	| 30	| 11	| 22	|: page requested: 25 :  miss
33:	| 1	| 13	| 8	| 25	| 12	| 30	| 11	| 22	|: page requested: 27 :  miss
34:	| 1	| 13	| 8	| 25	| 27	| 30	| 11	| 22	|: page requested: 3 :  miss
35:	| 1	| 13	| 8	| 25	| 27	| 3	| 11	| 22	|: page requested: 26 :  miss
36:	| 1	| 13	| 8	| 25	| 27	| 3	| 26	| 22	|: page requested: 11 :  miss
37:	| 1	| 13	| 8	| 25	| 27	| 3	| 26	| 11	|: page requested: 4 :  miss
38:	| 4	| 13	| 8	| 25	| 27	| 3	| 26	| 11	|: page requested: 9 :  miss
39:	| 4	| 9	| 8	| 25	| 27	| 3	| 26	| 11	|: page requested: 3 :  hit
40:	| 4	| 9	| 8	| 25	| 27	| 3	| 26	| 11	|: page requested: 28 :  miss
41:	| 4	| 9	| 28	| 25	| 27	| 3	| 26	| 11	|: page requested: 4 :  hit
42:	| 4	| 9	| 28	| 25	| 27	| 3	| 26	| 11	|: page requested: 4 :  hit
43:	| 4	| 9	| 28	| 25	| 27	| 3	| 26	| 11	|: page requested: 21 :  miss
44:	| 4	| 9	| 28	| 21	| 27	| 3	| 26	| 11	|: page requested: 25 :  miss
45:	| 4	| 9	| 28	| 21	| 25	| 3	| 26	| 11	|: page requested: 18 :  miss
46:	| 4	| 9	| 28	| 21	| 25	| 18	| 26	| 11	|: page requested: 10 :  miss
47:	| 4	| 9	| 28	| 21	| 25	| 18	| 10	| 11	|: page requested: 11 :  hit
48:	| 4	| 9	| 28	| 21	| 25	| 18	| 10	| 11	|: page requested: 18 :  hit
49:	| 4	| 9	| 28	| 21	| 25	| 18	| 10	| 11	|: page requested: 19 :  miss
50:	| 4	| 9	| 28	| 21	| 25	| 18	| 10	| 19	|: page requested: 3 :  miss
51:	| 3	| 9	| 28	| 21	| 25	| 18	| 10	| 19	|: page requested: 11 :  miss
52:	| 3	| 11	| 28	| 21	| 25	| 18	| 10	| 19	|: page requested: 22 :  miss
53:	| 3	| 11	| 22	| 21	| 25	| 18	| 10	| 19	|: page requested: 15 :  miss
54:	| 3	| 11	| 22	| 15	| 25	| 18	| 10	| 19	|: page requested: 9 :  miss
55:	| 3	| 11	| 22	| 15	| 9	| 18	| 10	| 19	|: page requested: 1 :  miss
56:	| 3	| 11	| 22	| 15	| 9	| 1	| 10	| 19	|: page requested: 27 :  miss
57:	| 3	| 11	| 22	| 15	| 9	| 1	| 27	| 19	|: page requested: 12 :  miss
58:	| 3	| 11	| 22	| 15	| 9	| 1	| 27	| 12	|: page requested: 23 :  miss
59:	| 23	| 11	| 22	| 15	| 9	| 1	| 27	| 12	|: page requested: 28 :  miss
60:	| 23	| 28	| 22	| 15	| 9	| 1	| 27	| 12	|: page requested: 16 :  miss
61:	| 23	| 28	| 16	| 15	| 9	| 1	| 27	| 12	|: page requested: 5 :  miss
62:	| 23	| 28	| 16	| 5	| 9	| 1	| 27	| 12	|: page requested: 4 :  miss
63:	| 23	| 28	| 16	| 5	| 4	| 1	| 27	| 12	|: page requested: 9 :  miss
64:	| 23	| 28	| 16	| 5	| 4	| 9	| 27	| 12	|: page requested: 0 :  miss
65:	| 23	| 28	| 16	| 5	| 4	| 9	| 0	| 12	|: page requested: 7 :  miss
66:	| 23	| 28	| 16	| 5	| 4	| 9	| 0	| 7	|: page requested: 3 :  miss
67:	| 3	| 28	| 16	| 5	| 4	| 9	| 0	| 7	|: page requested: 11 :  miss
68:	| 3	| 11	| 16	| 5	| 4	| 9	| 0	| 7	|: page requested: 11 :  hit
69:	| 3	| 11	| 16	| 5	| 4	| 9	| 0	| 7	|: page requested: 12 :  miss
70:	| 3	| 11	| 12	| 5	| 4	| 9	| 0	| 7	|: page requested: 14 :  miss
71:	| 3	| 11	| 12	| 14	| 4	| 9	| 0	| 7	|: page requested: 7 :  hit
72:	| 3	| 11	| 12	| 14	| 4	| 9	| 0	| 7	|: page requested: 16 :  miss
73:	| 3	| 11	| 12	| 14	| 16	| 9	| 0	| 7	|: page requested: 18 :  miss
74:	| 3	| 11	| 12	| 14	| 16	| 18	| 0	| 7	|: page requested: 28 :  miss
75:	| 3	| 11	| 12	| 14	| 16	| 18	| 28	| 7	|: page requested: 9 :  miss
76:	| 3	| 11	| 12	| 14	| 16	| 18	| 28	| 9	|: page requested: 4 :  miss
77:	| 4	| 11	| 12	| 14	| 16	| 18	| 28	| 9	|: page requested: 6 :  miss
78:	| 4	| 6	| 12	| 14	| 16	| 18	| 28	| 9	|: page requested: 20 :  miss
79:	| 4	| 6	| 20	| 14	| 16	| 18	| 28	| 9	|: page requested: 22 :  miss
80:	| 4	| 6	| 20	| 22	| 16	| 18	| 28	| 9	|: page requested: 25 :  miss
81:	| 4	| 6	| 20	| 22	| 25	| 18	| 28	| 9	|: page requested: 24 :  miss
82:	| 4	| 6	| 20	| 22	| 25	| 24	| 28	| 9	|: page requested: 2 :  miss
83:	| 4	| 6	| 20	| 22	| 25	| 24	| 2	| 9	|: page requested: 16 :  miss
84:	| 4	| 6	| 20	| 22	| 25	| 24	| 2	| 16	|: page requested: 7 :  miss
85:	| 7	| 6	| 20	| 22	| 25	| 24	| 2	| 16	|: page requested: 11 :  miss
86:	| 7	| 11	| 20	| 22	| 25	| 24	| 2	| 16	|: page requested: 17 :  miss
87:	| 7	| 11	| 17	| 22	| 25	| 24	| 2	| 16	|: page requested: 2 :  hit
88:	| 7	| 11	| 17	| 22	| 25	| 24	| 2	| 16	|: page requested: 24 :  hit
89:	| 7	| 11	| 17	| 22	| 25	| 24	| 2	| 16	|: page requested: 9 :  miss
90:	| 7	| 11	| 17	| 9	| 25	| 24	| 2	| 16	|: page requested: 30 :  miss
91:	| 7	| 11	| 17	| 9	| 30	| 24	| 2	| 16	|: page requested: 8 :  miss
92:	| 7	| 11	| 17	| 9	| 30	| 8	| 2	| 16	|: page requested: 14 :  miss
93:	| 7	| 11	| 17	| 9	| 30	| 8	| 14	| 16	|: page requested: 2 :  miss
94:	| 7	| 11	| 17	| 9	| 30	| 8	| 14	| 2	|: page requested: 17 :  hit
95:	| 7	| 11	| 17	| 9	| 30	| 8	| 14	| 2	|: page requested: 14 :  hit
96:	| 7	| 11	| 17	| 9	| 30	| 8	| 14	| 2	|: page requested: 9 :  hit
97:	| 7	| 11	| 17	| 9	| 30	| 8	| 14	| 2	|: page requested: 20 :  miss
98:	| 20	| 11	| 17	| 9	| 30	| 8	| 14	| 2	|: page requested: 25 :  miss
99:	| 20	| 25	| 17	| 9	| 30	| 8	| 14	| 2	|: page requested: 20 :  hit
100:	| 20	| 25	| 17	| 9	| 30	| 8	| 14	| 2	|: page requested: 1 :  miss
101:	| 20	| 25	| 1	| 9	| 30	| 8	| 14	| 2	|: page requested: 7 :  miss
102:	| 20	| 25	| 1	| 7	| 30	| 8	| 14	| 2	|: page requested: 27 :  miss
103:	| 20	| 25	| 1	| 7	| 27	| 8	| 14	| 2	|: page requested: 17 :  miss
104:	| 20	| 25	| 1	| 7	| 27	| 17	| 14	| 2	|: page requested: 25 :  hit
105:	| 20	| 25	| 1	| 7	| 27	| 17	| 14	| 2	|: page requested: 23 :  miss
106:	| 20	| 25	| 1	| 7	| 27	| 17	| 23	| 2	|: page requested: 27 :  hit
107:	| 20	| 25	| 1	| 7	| 27	| 17	| 23	| 2	|: page requested: 29 :  miss
108:	| 20	| 25	| 1	| 7	| 27	| 17	| 23	| 29	|: page requested: 29 :  hit
109:	| 20	| 25	| 1	| 7	| 27	| 17	| 23	| 29	|: page requested: 15 :  miss
110:	| 15	| 25	| 1	| 7	| 27	| 17	| 23	| 29	|: page requested: 19 :  miss
111:	| 15	| 19	| 1	| 7	| 27	| 17	| 23	| 29	|: page requested: 23 :  hit
112:	| 15	| 19	| 1	| 7	| 27	| 17	| 23	| 29	|: page requested: 7 :  hit
113:	| 15	| 19	| 1	| 7	| 27	| 17	| 23	| 29	|: page requested: 21 :  miss
114:	| 15	| 19	| 21	| 7	| 27	| 17	| 23	| 29	|: page requested: 7 :  hit
115:	| 15	| 19	| 21	| 7	| 27	| 17	| 23	| 29	|: page requested: 15 :  hit
116:	| 15	| 19	| 21	| 7	| 27	| 17	| 23	| 29	|: page requested: 1 :  miss
117:	| 15	| 19	| 21	| 1	| 27	| 17	| 23	| 29	|: page requested: 24 :  miss
118:	| 15	| 19	| 21	| 1	| 24	| 17	| 23	| 29	|: page requested: 17 :  hit
119:	| 15	| 19	| 21	| 1	| 24	| 17	| 23	| 29	|: page requested: 25 :  miss
120:	| 15	| 19	| 21	| 1	| 24	| 25	| 23	| 29	|: page requested: 1 :  hit
121:	| 15	| 19	| 21	| 1	| 24	| 25	| 23	| 29	|: page requested: 16 :  miss
122:	| 15	| 19	| 21	| 1	| 24	| 25	| 16	| 29	|: page requested: 1 :  hit
123:	| 15	| 19	| 21	| 1	| 24	| 25	| 16	| 29	|: page requested: 15 :  hit
124:	| 15	| 19	| 21	| 1	| 24	| 25	| 16	| 29	|: page requested: 18 :  miss
125:	| 15	| 19	| 21	| 1	| 24	| 25	| 16	| 18	|: page requested: 18 :  hit
126:	| 15	| 19	| 21	| 1	| 24	| 25	| 16	| 18	|: page requested: 29 :  miss
127:	| 29	| 19	| 21	| 1	| 24	| 25	| 16	| 18	|: page requested: 28 :  miss
128:	| 29	| 28	| 21	| 1	| 24	| 25	| 16	| 18	|: page requested: 6 :  miss
129:	| 29	| 28	| 6	| 1	| 24	| 25	| 16	| 18	|: page requested: 22 :  miss
130:	| 29	| 28	| 6	| 22	| 24	| 25	| 16	| 18	|: page requested: 16 :  hit
131:	| 29	| 28	| 6	| 22	| 24	| 25	| 16	| 18	|: page requested: 7 :  miss
132:	| 29	| 28	| 6	| 22	| 7	| 25	| 16	| 18	|: page requested: 29 :  hit
133:	| 29	| 28	| 6	| 22	| 7	| 25	| 16	| 18	|: page requested: 12 :  miss
134:	| 29	| 28	| 6	| 22	| 7	| 12	| 16	| 18	|: page requested: 25 :  miss
135:	| 29	| 28	| 6	| 22	| 7	| 12	| 25	| 18	|: page requested: 22 :  hit
136:	| 29	| 28	| 6	| 22	| 7	| 12	| 25	| 18	|: page requested: 3 :  miss
137:	| 29	| 28	| 6	| 22	| 7	| 12	| 25	| 3	|: page requested: 20 :  miss
138:	| 20	| 28	| 6	| 22	| 7	| 12	| 25	| 3	|: page requested: 19 :  miss
139:	| 20	| 19	| 6	| 22	| 7	| 12	| 25	| 3	|: page requested: 1 :  miss
140:	| 20	| 19	| 1	| 22	| 7	| 12	| 25	| 3	|: page requested: 3 :  hit
141:	| 20	| 19	| 1	| 22	| 7	| 12	| 25	| 3	|: page requested: 7 :  hit
142:	| 20	| 19	| 1	| 22	| 7	| 12	| 25	| 3	|: page requested: 24 :  miss
143:	| 20	| 19	| 1	| 24	| 7	| 12	| 25	| 3	|: page requested: 11 :  miss
144:	| 20	| 19	| 1	| 24	| 11	| 12	| 25	| 3	|: page requested: 28 :  miss
145:	| 20	| 19	| 1	| 24	| 11	| 28	| 25	| 3	|: page requested: 31 :  miss
146:	| 20	| 19	| 1	| 24	| 11	| 28	| 31	| 3	|: page requested: 26 :  miss
147:	| 20	| 19	| 1	| 24	| 11	| 28	| 31	| 26	|: page requested: 29 :  miss
148:	| 29	| 19	| 1	| 24	| 11	| 28	| 31	| 26	|: page requested: 23 :  miss
149:	| 29	| 23	| 1	| 24	| 11	| 28	| 31	| 26	|: page requested: 11 :  hit
150:	| 29	| 23	| 1	| 24	| 11	| 28	| 31	| 26	|: page requested: 22 :  miss
151:	| 29	| 23	| 22	| 24	| 11	| 28	| 31	| 26	|: page requested: 25 :  miss
152:	| 29	| 23	| 22	| 25	| 11	| 28	| 31	| 26	|: page requested: 27 :  miss
153:	| 29	| 23	| 22	| 25	| 27	| 28	| 31	| 26	|: page requested: 23 :  hit
154:	| 29	| 23	| 22	| 25	| 27	| 28	| 31	| 26	|: page requested: 8 :  miss
155:	| 29	| 23	| 22	| 25	| 27	| 8	| 31	| 26	|: page requested: 14 :  miss
156:	| 29	| 23	| 22	| 25	| 27	| 8	| 14	| 26	|: page requested: 9 :  miss
157:	| 29	| 23	| 22	| 25	| 27	| 8	| 14	| 9	|: page requested: 6 :  miss
158:	| 6	| 23	| 22	| 25	| 27	| 8	| 14	| 9	|: page requested: 10 :  miss
159:	| 6	| 10	| 22	| 25	| 27	| 8	| 14	| 9	|: page requested: 16 :  miss
160:	| 6	| 10	| 16	| 25	| 27	| 8	| 14	| 9	|: page requested: 28 :  miss
161:	| 6	| 10	| 16	| 28	| 27	| 8	| 14	| 9	|: page requested: 26 :  miss
162:	| 6	| 10	| 16	| 28	| 26	| 8	| 14	| 9	|: page requested: 23 :  miss
163:	| 6	| 10	| 16	| 28	| 26	| 23	| 14	| 9	|: page requested: 26 :  hit
164:	| 6	| 10	| 16	| 28	| 26	| 23	| 14	| 9	|: page requested: 6 :  hit
165:	| 6	| 10	| 16	| 28	| 26	| 23	| 14	| 9	|: page requested: 16 :  hit
166:	| 6	| 10	| 16	| 28	| 26	| 23	| 14	| 9	|: page requested: 16 :  hit
167:	| 6	| 10	| 16	| 28	| 26	| 23	| 14	| 9	|: page requested: 10 :  hit
168:	| 6	| 10	| 16	| 28	| 26	| 23	| 14	| 9	|: page requested: 4 :  miss
169:	| 6	| 10	| 16	| 28	| 26	| 23	| 4	| 9	|: page requested: 4 :  hit
170:	| 6	| 10	| 16	| 28	| 26	| 23	| 4	| 9	|: page requested: 11 :  miss
171:	| 6	| 10	| 16	| 28	| 26	| 23	| 4	| 11	|: page requested: 8 :  miss
172:	| 8	| 10	| 16	| 28	| 26	| 23	| 4	| 11	|: page requested: 11 :  hit
173:	| 8	| 10	| 16	| 28	| 26	| 23	| 4	| 11	|: page requested: 3 :  miss
174:	| 8	| 3	| 16	| 28	| 26	| 23	| 4	| 11	|: page requested: 19 :  miss
175:	| 8	| 3	| 19	| 28	| 26	| 23	| 4	| 11	|: page requested: 7 :  miss
176:	| 8	| 3	| 19	| 7	| 26	| 23	| 4	| 11	|: page requested: 2 :  miss
177:	| 8	| 3	| 19	| 7	| 2	| 23	| 4	| 11	|: page requested: 13 :  miss
178:	| 8	| 3	| 19	| 7	| 2	| 13	| 4	| 11	|: page requested: 5 :  miss
179:	| 8	| 3	| 19	| 7	| 2	| 13	| 5	| 11	|: page requested: 25 :  miss
180:	| 8	| 3	| 19	| 7	| 2	| 13	| 5	| 25	|: page requested: 24 :  miss
181:	| 24	| 3	| 19	| 7	| 2	| 13	| 5	| 25	|: page requested: 27 :  miss
182:	| 24	| 27	| 19	| 7	| 2	| 13	| 5	| 25	|: page requested: 18 :  miss
183:	| 24	| 27	| 18	| 7	| 2	| 13	| 5	| 25	|: page requested: 20 :  miss
184:	| 24	| 27	| 18	| 20	| 2	| 13	| 5	| 25	|: page requested: 19 :  miss
185:	| 24	| 27	| 18	| 20	| 19	| 13	| 5	| 25	|: page requested: 27 :  hit
186:	| 24	| 27	| 18	| 20	| 19	| 13	| 5	| 25	|: page requested: 2 :  miss
187:	| 24	| 27	| 18	| 20	| 19	| 2	| 5	| 25	|: page requested: 28 :  miss
188:	| 24	| 27	| 18	| 20	| 19	| 2	| 28	| 25	|: page requested: 1 :  miss
189:	| 24	| 27	| 18	| 20	| 19	| 2	| 28	| 1	|: page requested: 12 :  miss
190:	| 12	| 27	| 18	| 20	| 19	| 2	| 28	| 1	|: page requested: 12 :  hit
191:	| 12	| 27	| 18	| 20	| 19	| 2	| 28	| 1	|: page requested: 29 :  miss
192:	| 12	| 29	| 18	| 20	| 19	| 2	| 28	| 1	|: page requested: 6 :  miss
193:	| 12	| 29	| 6	| 20	| 19	| 2	| 28	| 1	|: page requested: 4 :  miss
194:	| 12	| 29	| 6	| 4	| 19	| 2	| 28	| 1	|: page requested: 23 :  miss
195:	| 12	| 29	| 6	| 4	| 23	| 2	| 28	| 1	|: page requested: 13 :  miss
196:	| 12	| 29	| 6	| 4	| 23	| 13	| 28	| 1	|: page requested: 20 :  miss
197:	| 12	| 29	| 6	| 4	| 23	| 13	| 20	| 1	|: page requested: 8 :  miss
198:	| 12	| 29	| 6	| 4	| 23	| 13	| 20	| 8	|: page requested: 23 :  hit
199:	| 12	| 29	| 6	| 4	| 23	| 13	| 20	| 8	|: page requested: 25 :  miss
200:	| 25	| 29	| 6	| 4	| 23	| 13	| 20	| 8	|: page requested: 12 :  miss
201:	| 25	| 12	| 6	| 4	| 23	| 13	| 20	| 8	|: page requested: 2 :  miss
202:	| 25	| 12	| 2	| 4	| 23	| 13	| 20	| 8	|: page requested: 1 :  miss
203:	| 25	| 12	| 2	| 1	| 23	| 13	| 20	| 8	|: page requested: 23 :  hit
204:	| 25	| 12	| 2	| 1	| 23	| 13	| 20	| 8	|: page requested: 5 :  miss
205:	| 25	| 12	| 2	| 1	| 5	| 13	| 20	| 8	|: page requested: 20 :  hit
206:	| 25	| 12	| 2	| 1	| 5	| 13	| 20	| 8	|: page requested: 30 :  miss
207:	| 25	| 12	| 2	| 1	| 5	| 30	| 20	| 8	|: page requested: 7 :  miss
208:	| 25	| 12	| 2	| 1	| 5	| 30	| 7	| 8	|: page requested: 1 :  hit
209:	| 25	| 12	| 2	| 1	| 5	| 30	| 7	| 8	|: page requested: 3 :  miss
210:	| 25	| 12	| 2	| 1	| 5	| 30	| 7	| 3	|: page requested: 0 :  miss
211:	| 0	| 12	| 2	| 1	| 5	| 30	| 7	| 3	|: page requested: 25 :  miss
212:	| 0	| 25	| 2	| 1	| 5	| 30	| 7	| 3	|: page requested: 31 :  miss
213:	| 0	| 25	| 31	| 1	| 5	| 30	| 7	| 3	|: page requested: 19 :  miss
214:	| 0	| 25	| 31	| 19	| 5	| 30	| 7	| 3	|: page requested: 13 :  miss
215:	| 0	| 25	| 31	| 19	| 13	| 30	| 7	| 3	|: page requested: 18 :  miss
216:	| 0	| 25	| 31	| 19	| 13	| 18	| 7	| 3	|: page requested: 14 :  miss
217:	| 0	| 25	| 31	| 19	| 13	| 18	| 14	| 3	|: page requested: 15 :  miss
218:	| 0	| 25	| 31	| 19	| 13	| 18	| 14	| 15	|: page requested: 14 :  hit
219:	| 0	| 25	| 31	| 19	| 13	| 18	| 14	| 15	|: page requested: 15 :  hit
220:	| 0	| 25	| 31	| 19	| 13	| 18	| 14	| 15	|: page requested: 27 :  miss
221:	| 27	| 25	| 31	| 19	| 13	| 18	| 14	| 15	|: page requested: 27 :  hit
222:	| 27	| 25	| 31	| 19	| 13	| 18	| 14	| 15	|: page requested: 12 :  miss
223:	| 27	| 12	| 31	| 19	| 13	| 18	| 14	| 15	|: page requested: 2 :  miss
224:	| 27	| 12	| 2	| 19	| 13	| 18	| 14	| 15	|: page requested: 31 :  miss
225:	| 27	| 12	| 2	| 31	| 13	| 18	| 14	| 15	|: page requested: 4 :  miss
226:	| 27	| 12	| 2	| 31	| 4	| 18	| 14	| 15	|: page requested: 15 :  hit
227:	| 27	| 12	| 2	| 31	| 4	| 18	| 14	| 15	|: page requested: 19 :  miss
228:	| 27	| 12	| 2	| 31	| 4	| 19	| 14	| 15	|: page requested: 12 :  hit
229:	| 27	| 12	| 2	| 31	| 4	| 19	| 14	| 15	|: page requested: 6 :  miss
230:	| 27	| 12	| 2	| 31	| 4	| 19	| 6	| 15	|: page requested: 12 :  hit
231:	| 27	| 12	| 2	| 31	| 4	| 19	| 6	| 15	|: page requested: 24 :  miss
232:	| 27	| 12	| 2	| 31	| 4	| 19	| 6	| 24	|: page requested: 8 :  miss
233:	| 8	| 12	| 2	| 31	| 4	| 19	| 6	| 24	|: page requested: 13 :  miss
234:	| 8	| 13	| 2	| 31	| 4	| 19	| 6	| 24	|: page requested: 15 :  miss
235:	| 8	| 13	| 15	| 31	| 4	| 19	| 6	| 24	|: page requested: 13 :  hit
236:	| 8	| 13	| 15	| 31	| 4	| 19	| 6	| 24	|: page requested: 1 :  miss
237:	| 8	| 13	| 15	| 1	| 4	| 19	| 6	| 24	|: page requested: 13 :  hit
238:	| 8	| 13	| 15	| 1	| 4	| 19	| 6	| 24	|: page requested: 20 :  miss
239:	| 8	| 13	| 15	| 1	| 20	| 19	| 6	| 24	|: page requested: 2 :  miss
240:	| 8	| 13	| 15	| 1	| 20	| 2	| 6	| 24	|: page requested: 17 :  miss
241:	| 8	| 13	| 15	| 1	| 20	| 2	| 17	| 24	|: page requested: 20 :  hit
242:	| 8	| 13	| 15	| 1	| 20	| 2	| 17	| 24	|: page requested: 28 :  miss
243:	| 8	| 13	| 15	| 1	| 20	| 2	| 17	| 28	|: page requested: 16 :  miss
244:	| 16	| 13	| 15	| 1	| 20	| 2	| 17	| 28	|: page requested: 7 :  miss
245:	| 16	| 7	| 15	| 1	| 20	| 2	| 17	| 28	|: page requested: 9 :  miss
246:	| 16	| 7	| 9	| 1	| 20	| 2	| 17	| 28	|: page requested: 2 :  hit
247:	| 16	| 7	| 9	| 1	| 20	| 2	| 17	| 28	|: page requested: 21 :  miss
248:	| 16	| 7	| 9	| 21	| 20	| 2	| 17	| 28	|: page requested: 25 :  miss
249:	| 16	| 7	| 9	| 21	| 25	| 2	| 17	| 28	|: page requested: 16 :  hit
250:	| 16	| 7	| 9	| 21	| 25	| 2	| 17	| 28	|: page requested: 4 :  miss
251:	| 16	| 7	| 9	| 21	| 25	| 4	| 17	| 28	|: page requested: 20 :  miss
252:	| 16	| 7	| 9	| 21	| 25	| 4	| 20	| 28	|: page requested: 11 :  miss
253:	| 16	| 7	| 9	| 21	| 25	| 4	| 20	| 11	|: page requested: 17 :  miss
254:	| 17	| 7	| 9	| 21	| 25	| 4	| 20	| 11	|: page requested: 22 :  miss
255:	| 17	| 22	| 9	| 21	| 25	| 4	| 20	| 11	|: page requested: 10 :  miss
256:	| 17	| 22	| 10	| 21	| 25	| 4	| 20	| 11	|: page requested: 21 :  hit
257:	| 17	| 22	| 10	| 21	| 25	| 4	| 20	| 11	|: page requested: 5 :  miss
258:	| 17	| 22	| 10	| 5	| 25	| 4	| 20	| 11	|: page requested: 30 :  miss
259:	| 17	| 22	| 10	| 5	| 30	| 4	| 20	| 11	|: page requested: 1 :  miss
260:	| 17	| 22	| 10	| 5	| 30	| 1	| 20	| 11	|: page requested: 11 :  hit
261:	| 17	| 22	| 10	| 5	| 30	| 1	| 20	| 11	|: page requested: 10 :  hit
262:	| 17	| 22	| 10	| 5	| 30	| 1	| 20	| 11	|: page requested: 25 :  miss
263:	| 17	| 22	| 10	| 5	| 30	| 1	| 25	| 11	|: page requested: 19 :  miss
264:	| 17	| 22	| 10	| 5	| 30	| 1	| 25	| 19	|: page requested: 24 :  miss
265:	| 24	| 22	| 10	| 5	| 30	| 1	| 25	| 19	|: page requested: 8 :  miss
266:	| 24	| 8	| 10	| 5	| 30	| 1	| 25	| 19	|: page requested: 0 :  miss
267:	| 24	| 8	| 0	| 5	| 30	| 1	| 25	| 19	|: page requested: 25 :  hit
268:	| 24	| 8	| 0	| 5	| 30	| 1	| 25	| 19	|: page requested: 21 :  miss
269:	| 24	| 8	| 0	| 21	| 30	| 1	| 25	| 19	|: page requested: 20 :  miss
270:	| 24	| 8	| 0	| 21	| 20	| 1	| 25	| 19	|: page requested: 28 :  miss
271:	| 24	| 8	| 0	| 21	| 20	| 28	| 25	| 19	|: page requested: 6 :  miss
272:	| 24	| 8	| 0	| 21	| 20	| 28	| 6	| 19	|: page requested: 9 :  miss
273:	| 24	| 8	| 0	| 21	| 20	| 28	| 6	| 9	|: page requested: 24 :  hit
274:	| 24	| 8	| 0	| 21	| 20	| 28	| 6	| 9	|: page requested: 22 :  miss
275:	| 22	| 8	| 0	| 21	| 20	| 28	| 6	| 9	|: page requested: 16 :  miss
276:	| 22	| 16	| 0	| 21	| 20	| 28	| 6	| 9	|: page requested: 1 :  miss
277:	| 22	| 16	| 1	| 21	| 20	| 28	| 6	| 9	|: page requested: 24 :  miss
278:	| 22	| 16	| 1	| 24	| 20	| 28	| 6	| 9	|: page requested: 6 :  hit
279:	| 22	| 16	| 1	| 24	| 20	| 28	| 6	| 9	|: page requested: 26 :  miss
280:	| 22	| 16	| 1	| 24	| 26	| 28	| 6	| 9	|: page requested: 9 :  hit
281:	| 22	| 16	| 1	| 24	| 26	| 28	| 6	| 9	|: page requested: 10 :  miss
282:	| 22	| 16	| 1	| 24	| 26	| 10	| 6	| 9	|: page requested: 15 :  miss
283:	| 22	| 16	| 1	| 24	| 26	| 10	| 15	| 9	|: page requested: 20 :  miss
284:	| 22	| 16	| 1	| 24	| 26	| 10	| 15	| 20	|: page requested: 27 :  miss
285:	| 27	| 16	| 1	| 24	| 26	| 10	| 15	| 20	|: page requested: 5 :  miss
286:	| 27	| 5	| 1	| 24	| 26	| 10	| 15	| 20	|: page requested: 31 :  miss
287:	| 27	| 5	| 31	| 24	| 26	| 10	| 15	| 20	|: page requested: 16 :  miss
288:	| 27	| 5	| 31	| 16	| 26	| 10	| 15	| 20	|: page requested: 11 :  miss
289:	| 27	| 5	| 31	| 16	| 11	| 10	| 15	| 20	|: page requested: 29 :  miss
290:	| 27	| 5	| 31	| 16	| 11	| 29	| 15	| 20	|: page requested: 17 :  miss
291:	| 27	| 5	| 31	| 16	| 11	| 29	| 17	| 20	|: page requested: 22 :  miss
292:	| 27	| 5	| 31	| 16	| 11	| 29	| 17	| 22	|: page requested: 7 :  miss
293:	| 7	| 5	| 31	| 16	| 11	| 29	| 17	| 22	|: page requested: 10 :  miss
294:	| 7	| 10	| 31	| 16	| 11	| 29	| 17	| 22	|: page requested: 10 :  hit
295:	| 7	| 10	| 31	| 16	| 11	| 29	| 17	| 22	|: page requested: 31 :  hit
296:	| 7	| 10	| 31	| 16	| 11	| 29	| 17	| 22	|: page requested: 18 :  miss
297:	| 7	| 10	| 18	| 16	| 11	| 29	| 17	| 22	|: page requested: 10 :  hit
298:	| 7	| 10	| 18	| 16	| 11	| 29	| 17	| 22	|: page requested: 25 :  miss
299:	| 7	| 10	| 18	| 25	| 11	| 29	| 17	| 22	|: page requested: 8 :  miss
300:	| 7	| 10	| 18	| 25	| 8	| 29	| 17	| 22	|: page requested: 31 :  miss
301:	| 7	| 10	| 18	| 25	| 8	| 31	| 17	| 22	|: page requested: 21 :  miss
302:	| 7	| 10	| 18	| 25	| 8	| 31	| 21	| 22	|: page requested: 14 :  miss
303:	| 7	| 10	| 18	| 25	| 8	| 31	| 21	| 14	|: page requested: 8 :  hit
304:	| 7	| 10	| 18	| 25	| 8	| 31	| 21	| 14	|: page requested: 13 :  miss
305:	| 13	| 10	| 18	| 25	| 8	| 31	| 21	| 14	|: page requested: 5 :  miss
306:	| 13	| 5	| 18	| 25	| 8	| 31	| 21	| 14	|: page requested: 24 :  miss
307:	| 13	| 5	| 24	| 25	| 8	| 31	| 21	| 14	|: page requested: 14 :  hit
308:	| 13	| 5	| 24	| 25	| 8	| 31	| 21	| 14	|: page requested: 29 :  miss
309:	| 13	| 5	| 24	| 29	| 8	| 31	| 21	| 14	|: page requested: 30 :  miss
310:	| 13	| 5	| 24	| 29	| 30	| 31	| 21	| 14	|: page requested: 9 :  miss
311:	| 13	| 5	| 24	| 29	| 30	| 9	| 21	| 14	|: page requested: 6 :  miss
312:	| 13	| 5	| 24	| 29	| 30	| 9	| 6	| 14	|: page requested: 9 :  hit
313:	| 13	| 5	| 24	| 29	| 30	| 9	| 6	| 14	|: page requested: 24 :  hit
314:	| 13	| 5	| 24	| 29	| 30	| 9	| 6	| 14	|: page requested: 27 :  miss
315:	| 13	| 5	| 24	| 29	| 30	| 9	| 6	| 27	|: page requested: 4 :  miss
316:	| 4	| 5	| 24	| 29	| 30	| 9	| 6	| 27	|: page requested: 29 :  hit
317:	| 4	| 5	| 24	| 29	| 30	| 9	| 6	| 27	|: page requested: 26 :  miss
318:	| 4	| 26	| 24	| 29	| 30	| 9	| 6	| 27	|: page requested: 21 :  miss
319:	| 4	| 26	| 21	| 29	| 30	| 9	| 6	| 27	|: page requested: 8 :  miss
320:	| 4	| 26	| 21	| 8	| 30	| 9	| 6	| 27	|: page requested: 23 :  miss
321:	| 4	| 26	| 21	| 8	| 23	| 9	| 6	| 27	|: page requested: 6 :  hit
322:	| 4	| 26	| 21	| 8	| 23	| 9	| 6	| 27	|: page requested: 31 :  miss
323:	| 4	| 26	| 21	| 8	| 23	| 31	| 6	| 27	|: page requested: 30 :  miss
324:	| 4	| 26	| 21	| 8	| 23	| 31	| 30	| 27	|: page requested: 17 :  miss
325:	| 4	| 26	| 21	| 8	| 23	| 31	| 30	| 17	|: page requested: 9 :  miss
326:	| 9	| 26	| 21	| 8	| 23	| 31	| 30	| 17	|: page requested: 30 :  hit
327:	| 9	| 26	| 21	| 8	| 23	| 31	| 30	| 17	|: page requested: 3 :  miss
328:	| 9	| 3	| 21	| 8	| 23	| 31	| 30	| 17	|: page requested: 19 :  miss
329:	| 9	| 3	| 19	| 8	| 23	| 31	| 30	| 17	|: page requested: 23 :  hit
330:	| 9	| 3	| 19	| 8	| 23	| 31	| 30	| 17	|: page requested: 11 :  miss
331:	| 9	| 3	| 19	| 11	| 23	| 31	| 30	| 17	|: page requested: 18 :  miss
332:	| 9	| 3	| 19	| 11	| 18	| 31	| 30	| 17	|: page requested: 12 :  miss
333:	| 9	| 3	| 19	| 11	| 18	| 12	| 30	| 17	|: page requested: 26 :  miss
334:	| 9	| 3	| 19	| 11	| 18	| 12	| 26	| 17	|: page requested: 26 :  hit
335:	| 9	| 3	| 19	| 11	| 18	| 12	| 26	| 17	|: page requested: 25 :  miss
336:	| 9	| 3	| 19	| 11	| 18	| 12	| 26	| 25	|: page requested: 31 :  miss
337:	| 31	| 3	| 19	| 11	| 18	| 12	| 26	| 25	|: page requested: 19 :  hit
338:	| 31	| 3	| 19	| 11	| 18	| 12	| 26	| 25	|: page requested: 7 :  miss
339:	| 31	| 7	| 19	| 11	| 18	| 12	| 26	| 25	|: page requested: 28 :  miss
340:	| 31	| 7	| 28	| 11	| 18	| 12	| 26	| 25	|: page requested: 17 :  miss
341:	| 31	| 7	| 28	| 17	| 18	| 12	| 26	| 25	|: page requested: 16 :  miss
342:	| 31	| 7	| 28	| 17	| 16	| 12	| 26	| 25	|: page requested: 3 :  miss
343:	| 31	| 7	| 28	| 17	| 16	| 3	| 26	| 25	|: page requested: 26 :  hit
344:	| 31	| 7	| 28	| 17	| 16	| 3	| 26	| 25	|: page requested: 8 :  miss
345:	| 31	| 7	| 28	| 17	| 16	| 3	| 8	| 25	|: page requested: 30 :  miss
346:	| 31	| 7	| 28	| 17	| 16	| 3	| 8	| 30	|: page requested: 31 :  hit
347:	| 31	| 7	| 28	| 17	| 16	| 3	| 8	| 30	|: page requested: 6 :  miss
348:	| 6	| 7	| 28	| 17	| 16	| 3	| 8	| 30	|: page requested: 24 :  miss
349:	| 6	| 24	| 28	| 17	| 16	| 3	| 8	| 30	|: page requested: 20 :  miss
350:	| 6	| 24	| 20	| 17	| 16	| 3	| 8	| 30	|: page requested: 14 :  miss
351:	| 6	| 24	| 20	| 14	| 16	| 3	| 8	| 30	|: page requested: 15 :  miss
352:	| 6	| 24	| 20	| 14	| 15	| 3	| 8	| 30	|: page requested: 26 :  miss
353:	| 6	| 24	| 20	| 14	| 15	| 26	| 8	| 30	|: page requested: 13 :  miss
354:	| 6	| 24	| 20	| 14	| 15	| 26	| 13	| 30	|: page requested: 13 :  hit
355:	| 6	| 24	| 20	| 14	| 15	| 26	| 13	| 30	|: page requested: 11 :  miss
356:	| 6	| 24	| 20	| 14	| 15	| 26	| 13	| 11	|: page requested: 22 :  miss
357:	| 22	| 24	| 20	| 14	| 15	| 26	| 13	| 11	|: page requested: 11 :  hit
358:	| 22	| 24	| 20	| 14	| 15	| 26	| 13	| 11	|: page requested: 15 :  hit
359:	| 22	| 24	| 20	| 14	| 15	| 26	| 13	| 11	|: page requested: 10 :  miss
360:	| 22	| 10	| 20	| 14	| 15	| 26	| 13	| 11	|: page requested: 2 :  miss
361:	| 22	| 10	| 2	| 14	| 15	| 26	| 13	| 11	|: page requested: 26 :  hit
362:	| 22	| 10	| 2	| 14	| 15	| 26	| 13	| 11	|: page requested: 28 :  miss
363:	| 22	| 10	| 2	| 28	| 15	| 26	| 13	| 11	|: page requested: 14 :  miss
364:	| 22	| 10	| 2	| 28	| 14	| 26	| 13	| 11	|: page requested: 20 :  miss
365:	| 22	| 10	| 2	| 28	| 14	| 20	| 13	| 11	|: page requested: 23 :  miss
366:	| 22	| 10	| 2	| 28	| 14	| 20	| 23	| 11	|: page requested: 7 :  miss
367:	| 22	| 10	| 2	| 28	| 14	| 20	| 23	| 7	|: page requested: 19 :  miss
368:	| 19	| 10	| 2	| 28	| 14	| 20	| 23	| 7	|: page requested: 10 :  hit
369:	| 19	| 10	| 2	| 28	| 14	| 20	| 23	| 7	|: page requested: 15 :  miss
370:	| 19	| 15	| 2	| 28	| 14	| 20	| 23	| 7	|: page requested: 16 :  miss
371:	| 19	| 15	| 16	| 28	| 14	| 20	| 23	| 7	|: page requested: 27 :  miss
372:	| 19	| 15	| 16	| 27	| 14	| 20	| 23	| 7	|: page requested: 31 :  miss
373:	| 19	| 15	| 16	| 27	| 31	| 20	| 23	| 7	|: page requested: 19 :  hit
374:	| 19	| 15	| 16	| 27	| 31	| 20	| 23	| 7	|: page requested: 22 :  miss
375:	| 19	| 15	| 16	| 27	| 31	| 22	| 23	| 7	|: page requested: 8 :  miss
376:	| 19	| 15	| 16	| 27	| 31	| 22	| 8	| 7	|: page requested: 17 :  miss
377:	| 19	| 15	| 16	| 27	| 31	| 22	| 8	| 17	|: page requested: 21 :  miss
378:	| 21	| 15	| 16	| 27	| 31	| 22	| 8	| 17	|: page requested: 14 :  miss
379:	| 21	| 14	| 16	| 27	| 31	| 22	| 8	| 17	|: page requested: 9 :  miss
380:	| 21	| 14	| 9	| 27	| 31	| 22	| 8	| 17	|: page requested: 9 :  hit
381:	| 21	| 14	| 9	| 27	| 31	| 22	| 8	| 17	|: page requested: 28 :  miss
382:	| 21	| 14	| 9	| 28	| 31	| 22	| 8	| 17	|: page requested: 24 :  miss
383:	| 21	| 14	| 9	| 28	| 24	| 22	| 8	| 17	|: page requested: 3 :  miss
384:	| 21	| 14	| 9	| 28	| 24	| 3	| 8	| 17	|: page requested: 10 :  miss
385:	| 21	| 14	| 9	| 28	| 24	| 3	| 10	| 17	|: page requested: 5 :  miss
386:	| 21	| 14	| 9	| 28	| 24	| 3	| 10	| 5	|: page requested: 15 :  miss
387:	| 15	| 14	| 9	| 28	| 24	| 3	| 10	| 5	|: page requested: 0 :  miss
388:	| 15	| 0	| 9	| 28	| 24	| 3	| 10	| 5	|: page requested: 17 :  miss
389:	| 15	| 0	| 17	| 28	| 24	| 3	| 10	| 5	|: page requested: 30 :  miss
390:	| 15	| 0	| 17	| 30	| 24	| 3	| 10	| 5	|: page requested: 10 :  hit
391:	| 15	| 0	| 17	| 30	| 24	| 3	| 10	| 5	|: page requested: 19 :  miss
392:	| 15	| 0	| 17	| 30	| 19	| 3	| 10	| 5	|: page requested: 24 :  miss
393:	| 15	| 0	| 17	| 30	| 19	| 24	| 10	| 5	|: page requested: 7 :  miss
394:	| 15	| 0	| 17	| 30	| 19	| 24	| 7	| 5	|: page requested: 2 :  miss
395:	| 15	| 0	| 17	| 30	| 19	| 24	| 7	| 2	|: page requested: 13 :  miss
396:	| 13	| 0	| 17	| 30	| 19	| 24	| 7	| 2	|: page requested: 30 :  hit
397:	| 13	| 0	| 17	| 30	| 19	| 24	| 7	| 2	|: page requested: 9 :  miss
398:	| 13	| 9	| 17	| 30	| 19	| 24	| 7	| 2	|: page requested: 0 :  miss
399:	| 13	| 9	| 0	| 30	| 19	| 24	| 7	| 2	|: page requested: 8 :  miss
400:	| 13	| 9	| 0	| 8	| 19	| 24	| 7	| 2	|: page requested: 24 :  hit
401:	| 13	| 9	| 0	| 8	| 19	| 24	| 7	| 2	|: page requested: 16 :  miss
402:	| 13	| 9	| 0	| 8	| 16	| 24	| 7	| 2	|: page requested: 3 :  miss
403:	| 13	| 9	| 0	| 8	| 16	| 3	| 7	| 2	|: page requested: 24 :  miss
404:	| 13	| 9	| 0	| 8	| 16	| 3	| 24	| 2	|: page requested: 3 :  hit
405:	| 13	| 9	| 0	| 8	| 16	| 3	| 24	| 2	|: page requested: 25 :  miss
406:	| 13	| 9	| 0	| 8	| 16	| 3	| 24	| 25	|: page requested: 0 :  hit
407:	| 13	| 9	| 0	| 8	| 16	| 3	| 24	| 25	|: page requested: 20 :  miss
408:	| 20	| 9	| 0	| 8	| 16	| 3	| 24	| 25	|: page requested: 14 :  miss
409:	| 20	| 14	| 0	| 8	| 16	| 3	| 24	| 25	|: page requested: 14 :  hit
410:	| 20	| 14	| 0	| 8	| 16	| 3	| 24	| 25	|: page requested: 29 :  miss
411:	| 20	| 14	| 29	| 8	| 16	| 3	| 24	| 25	|: page requested: 23 :  miss
412:	| 20	| 14	| 29	| 23	| 16	| 3	| 24	| 25	|: page requested: 10 :  miss
413:	| 20	| 14	| 29	| 23	| 10	| 3	| 24	| 25	|: page requested: 21 :  miss
414:	| 20	| 14	| 29	| 23	| 10	| 21	| 24	| 25	|: page requested: 27 :  miss
415:	| 20	| 14	| 29	| 23	| 10	| 21	| 27	| 25	|: page requested: 20 :  hit
416:	| 20	| 14	| 29	| 23	| 10	| 21	| 27	| 25	|: page requested: 27 :  hit
417:	| 20	| 14	| 29	| 23	| 10	| 21	| 27	| 25	|: page requested: 10 :  hit
418:	| 20	| 14	| 29	| 23	| 10	| 21	| 27	| 25	|: page requested: 21 :  hit
419:	| 20	| 14	| 29	| 23	| 10	| 21	| 27	| 25	|: page requested: 12 :  miss
420:	| 20	| 14	| 29	| 23	| 10	| 21	| 27	| 12	|: page requested: 8 :  miss
421:	| 8	| 14	| 29	| 23	| 10	| 21	| 27	| 12	|: page requested: 31 :  miss
422:	| 8	| 31	| 29	| 23	| 10	| 21	| 27	| 12	|: page requested: 31 :  hit
423:	| 8	| 31	| 29	| 23	| 10	| 21	| 27	| 12	|: page requested: 0 :  miss
424:	| 8	| 31	| 0	| 23	| 10	| 21	| 27	| 12	|: page requested: 6 :  miss
425:	| 8	| 31	| 0	| 6	| 10	| 21	| 27	| 12	|: page requested: 1 :  miss
426:	| 8	| 31	| 0	| 6	| 1	| 21	| 27	| 12	|: page requested: 13 :  miss
427:	| 8	| 31	| 0	| 6	| 1	| 13	| 27	| 12	|: page requested: 4 :  miss
428:	| 8	| 31	| 0	| 6	| 1	| 13	| 4	| 12	|: page requested: 11 :  miss
429:	| 8	| 31	| 0	| 6	| 1	| 13	| 4	| 11	|: page requested: 14 :  miss
430:	| 14	| 31	| 0	| 6	| 1	| 13	| 4	| 11	|: page requested: 12 :  miss
431:	| 14	| 12	| 0	| 6	| 1	| 13	| 4	| 11	|: page requested: 3 :  miss
432:	| 14	| 12	| 3	| 6	| 1	| 13	| 4	| 11	|: page requested: 30 :  miss
433:	| 14	| 12	| 3	| 30	| 1	| 13	| 4	| 11	|: page requested: 16 :  miss
434:	| 14	| 12	| 3	| 30	| 16	| 13	| 4	| 11	|: page requested: 27 :  miss
435:	| 14	| 12	| 3	| 30	| 16	| 27	| 4	| 11	|: page requested: 2 :  miss
436:	| 14	| 12	| 3	| 30	| 16	| 27	| 2	| 11	|: page requested: 9 :  miss
437:	| 14	| 12	| 3	| 30	| 16	| 27	| 2	| 9	|: page requested: 27 :  hit
438:	| 14	| 12	| 3	| 30	| 16	| 27	| 2	| 9	|: page requested: 22 :  miss
439:	| 22	| 12	| 3	| 30	| 16	| 27	| 2	| 9	|: page requested: 24 :  miss
440:	| 22	| 24	| 3	| 30	| 16	| 27	| 2	| 9	|: page requested: 9 :  hit
441:	| 22	| 24	| 3	| 30	| 16	| 27	| 2	| 9	|: page requested: 20 :  miss
442:	| 22	| 24	| 20	| 30	| 16	| 27	| 2	| 9	|: page requested: 15 :  miss
443:	| 22	| 24	| 20	| 15	| 16	| 27	| 2	| 9	|: page requested: 20 :  hit
444:	| 22	| 24	| 20	| 15	| 16	| 27	| 2	| 9	|: page requested: 9 :  hit
445:	| 22	| 24	| 20	| 15	| 16	| 27	| 2	| 9	|: page requested: 10 :  miss
446:	| 22	| 24	| 20	| 15	| 10	| 27	| 2	| 9	|: page requested: 8 :  miss
447:	| 22	| 24	| 20	| 15	| 10	| 8	| 2	| 9	|: page requested: 4 :  miss
448:	| 22	| 24	| 20	| 15	| 10	| 8	| 4	| 9	|: page requested: 20 :  hit
449:	| 22	| 24	| 20	| 15	| 10	| 8	| 4	| 9	|: page requested: 29 :  miss
450:	| 22	| 24	| 20	| 15	| 10	| 8	| 4	| 29	|: page requested: 16 :  miss
451:	| 16	| 24	| 20	| 15	| 10	| 8	| 4	| 29	|: page requested: 28 :  miss
452:	| 16	| 28	| 20	| 15	| 10	| 8	| 4	| 29	|: page requested: 29 :  hit
453:	| 16	| 28	| 20	| 15	| 10	| 8	| 4	| 29	|: page requested: 16 :  hit
454:	| 16	| 28	| 20	| 15	| 10	| 8	| 4	| 29	|: page requested: 29 :  hit
455:	| 16	| 28	| 20	| 15	| 10	| 8	| 4	| 29	|: page requested: 3 :  miss
456:	| 16	| 28	| 3	| 15	| 10	| 8	| 4	| 29	|: page requested: 17 :  miss
457:	| 16	| 28	| 3	| 17	| 10	| 8	| 4	| 29	|: page requested: 10 :  hit
458:	| 16	| 28	| 3	| 17	| 10	| 8	| 4	| 29	|: page requested: 8 :  hit
459:	| 16	| 28	| 3	| 17	| 10	| 8	| 4	| 29	|: page requested: 28 :  hit
460:	| 16	| 28	| 3	| 17	| 10	| 8	| 4	| 29	|: page requested: 24 :  miss
461:	| 16	| 28	| 3	| 17	| 24	| 8	| 4	| 29	|: page requested: 20 :  miss
462:	| 16	| 28	| 3	| 17	| 24	| 20	| 4	| 29	|: page requested: 0 :  miss
463:	| 16	| 28	| 3	| 17	| 24	| 20	| 0	| 29	|: page requested: 23 :  miss
464:	| 16	| 28	| 3	| 17	| 24	| 20	| 0	| 23	|: page requested: 4 :  miss
465:	| 4	| 28	| 3	| 17	| 24	| 20	| 0	| 23	|: page requested: 27 :  miss
466:	| 4	| 27	| 3	| 17	| 24	| 20	| 0	| 23	|: page requested: 25 :  miss
467:	| 4	| 27	| 25	| 17	| 24	| 20	| 0	| 23	|: page requested: 14 :  miss
468:	| 4	| 27	| 25	| 14	| 24	| 20	| 0	| 23	|: page requested: 23 :  hit
469:	| 4	| 27	| 25	| 14	| 24	| 20	| 0	| 23	|: page requested: 15 :  miss
470:	| 4	| 27	| 25	| 14	| 15	| 20	| 0	| 23	|: page requested: 6 :  miss
471:	| 4	| 27	| 25	| 14	| 15	| 6	| 0	| 23	|: page requested: 0 :  hit
472:	| 4	| 27	| 25	| 14	| 15	| 6	| 0	| 23	|: page requested: 3 :  miss
473:	| 4	| 27	| 25	| 14	| 15	| 6	| 3	| 23	|: page requested: 21 :  miss
474:	| 4	| 27	| 25	| 14	| 15	| 6	| 3	| 21	|: page requested: 20 :  miss
475:	| 20	| 27	| 25	| 14	| 15	| 6	| 3	| 21	|: page requested: 13 :  miss
476:	| 20	| 13	| 25	| 14	| 15	| 6	| 3	| 21	|: page requested: 0 :  miss
477:	| 20	| 13	| 0	| 14	| 15	| 6	| 3	| 21	|: page requested: 29 :  miss
478:	| 20	| 13	| 0	| 29	| 15	| 6	| 3	| 21	|: page requested: 17 :  miss
479:	| 20	| 13	| 0	| 29	| 17	| 6	| 3	| 21	|: page requested: 20 :  hit
480:	| 20	| 13	| 0	| 29	| 17	| 6	| 3	| 21	|: page requested: 26 :  miss
481:	| 20	| 13	| 0	| 29	| 17	| 26	| 3	| 21	|: page requested: 2 :  miss
482:	| 20	| 13	| 0	| 29	| 17	| 26	| 2	| 21	|: page requested: 17 :  hit
483:	| 20	| 13	| 0	| 29	| 17	| 26	| 2	| 21	|: page requested: 23 :  miss
484:	| 20	| 13	| 0	| 29	| 17	| 26	| 2	| 23	|: page requested: 18 :  miss
485:	| 18	| 13	| 0	| 29	| 17	| 26	| 2	| 23	|: page requested: 14 :  miss
486:	| 18	| 14	| 0	| 29	| 17	| 26	| 2	| 23	|: page requested: 27 :  miss
487:	| 18	| 14	| 27	| 29	| 17	| 26	| 2	| 23	|: page requested: 3 :  miss
488:	| 18	| 14	| 27	| 3	| 17	| 26	| 2	| 23	|: page requested: 24 :  miss
489:	| 18	| 14	| 27	| 3	| 24	| 26	| 2	| 23	|: page requested: 3 :  hit
490:	| 18	| 14	| 27	| 3	| 24	| 26	| 2	| 23	|: page requested: 0 :  miss
491:	| 18	| 14	| 27	| 3	| 24	| 0	| 2	| 23	|: page requested: 17 :  miss
492:	| 18	| 14	| 27	| 3	| 24	| 0	| 17	| 23	|: page requested: 23 :  hit
493:	| 18	| 14	| 27	| 3	| 24	| 0	| 17	| 23	|: page requested: 0 :  hit
494:	| 18	| 14	| 27	| 3	| 24	| 0	| 17	| 23	|: page requested: 8 :  miss
495:	| 18	| 14	| 27	| 3	| 24	| 0	| 17	| 8	|: page requested: 28 :  miss
496:	| 28	| 14	| 27	| 3	| 24	| 0	| 17	| 8	|: page requested: 27 :  hit
497:	| 28	| 14	| 27	| 3	| 24	| 0	| 17	| 8	|: page requested: 1 :  miss
498:	| 28	| 1	| 27	| 3	| 24	| 0	| 17	| 8	|: page requested: 10 :  miss
499:	| 28	| 1	| 10	| 3	| 24	| 0	| 17	| 8	|: page requested: 18 :  miss
500:	| 28	| 1	| 10	| 18	| 24	| 0	| 17	| 8	|: page requested: 16 :  miss
501:	| 28	| 1	| 10	| 18	| 16	| 0	| 17	| 8	|: page requested: 16 :  hit
502:	| 28	| 1	| 10	| 18	| 16	| 0	| 17	| 8	|: page requested: 19 :  miss
503:	| 28	| 1	| 10	| 18	| 16	| 19	| 17	| 8	|: page requested: 20 :  miss
504:	| 28	| 1	| 10	| 18	| 16	| 19	| 20	| 8	|: page requested: 5 :  miss
505:	| 28	| 1	| 10	| 18	| 16	| 19	| 20	| 5	|: page requested: 7 :  miss
506:	| 7	| 1	| 10	| 18	| 16	| 19	| 20	| 5	|: page requested: 1 :  hit
507:	| 7	| 1	| 10	| 18	| 16	| 19	| 20	| 5	|: page requested: 5 :  hit
508:	| 7	| 1	| 10	| 18	| 16	| 19	| 20	| 5	|: page requested: 4 :  miss
509:	| 7	| 4	| 10	| 18	| 16	| 19	| 20	| 5	|: page requested: 18 :  hit
510:	| 7	| 4	| 10	| 18	| 16	| 19	| 20	| 5	|: page requested: 26 :  miss
511:	| 7	| 4	| 26	| 18	| 16	| 19	| 20	| 5	|: page requested: 31 :  miss
512:	| 7	| 4	| 26	| 31	| 16	| 19	| 20	| 5	|: page requested: 20 :  hit
513:	| 7	| 4	| 26	| 31	| 16	| 19	| 20	| 5	|: page requested: 11 :  miss
514:	| 7	| 4	| 26	| 31	| 11	| 19	| 20	| 5	|: page requested: 22 :  miss
515:	| 7	| 4	| 26	| 31	| 11	| 22	| 20	| 5	|: page requested: 6 :  miss
516:	| 7	| 4	| 26	| 31	| 11	| 22	| 6	| 5	|: page requested: 25 :  miss
517:	| 7	| 4	| 26	| 31	| 11	| 22	| 6	| 25	|: page requested: 17 :  miss
518:	| 17	| 4	| 26	| 31	| 11	| 22	| 6	| 25	|: page requested: 10 :  miss
519:	| 17	| 10	| 26	| 31	| 11	| 22	| 6	| 25	|: page requested: 17 :  hit
520:	| 17	| 10	| 26	| 31	| 11	| 22	| 6	| 25	|: page requested: 20 :  miss
521:	| 17	| 10	| 20	| 31	| 11	| 22	| 6	| 25	|: page requested: 10 :  hit
522:	| 17	| 10	| 20	| 31	| 11	| 22	| 6	| 25	|: page requested: 2 :  miss
523:	| 17	| 10	| 20	| 2	| 11	| 22	| 6	| 25	|: page requested: 12 :  miss
524:	| 17	| 10	| 20	| 2	| 12	| 22	| 6	| 25	|: page requested: 10 :  hit
525:	| 17	| 10	| 20	| 2	| 12	| 22	| 6	| 25	|: page requested: 10 :  hit
526:	| 17	| 10	| 20	| 2	| 12	| 22	| 6	| 25	|: page requested: 8 :  miss
527:	| 17	| 10	| 20	| 2	| 12	| 8	| 6	| 25	|: page requested: 5 :  miss
528:	| 17	| 10	| 20	| 2	| 12	| 8	| 5	| 25	|: page requested: 11 :  miss
529:	| 17	| 10	| 20	| 2	| 12	| 8	| 5	| 11	|: page requested: 18 :  miss
530:	| 18	| 10	| 20	| 2	| 12	| 8	| 5	| 11	|: page requested: 24 :  miss
531:	| 18	| 24	| 20	| 2	| 12	| 8	| 5	| 11	|: page requested: 28 :  miss
532:	| 18	| 24	| 28	| 2	| 12	| 8	| 5	| 11	|: page requested: 2 :  hit
533:	| 18	| 24	| 28	| 2	| 12	| 8	| 5	| 11	|: page requested: 11 :  hit
534:	| 18	| 24	| 28	| 2	| 12	| 8	| 5	| 11	|: page requested: 16 :  miss
535:	| 18	| 24	| 28	| 16	| 12	| 8	| 5	| 11	|: page requested: 7 :  miss
536:	| 18	| 24	| 28	| 16	| 7	| 8	| 5	| 11	|: page requested: 18 :  hit
537:	| 18	| 24	| 28	| 16	| 7	| 8	| 5	| 11	|: page requested: 17 :  miss
538:	| 18	| 24	| 28	| 16	| 7	| 17	| 5	| 11	|: page requested: 13 :  miss
539:	| 18	| 24	| 28	| 16	| 7	| 17	| 13	| 11	|: page requested: 23 :  miss
540:	| 18	| 24	| 28	| 16	| 7	| 17	| 13	| 23	|: page requested: 3 :  miss
541:	| 3	| 24	| 28	| 16	| 7	| 17	| 13	| 23	|: page requested: 7 :  hit
542:	| 3	| 24	| 28	| 16	| 7	| 17	| 13	| 23	|: page requested: 22 :  miss
543:	| 3	| 22	| 28	| 16	| 7	| 17	| 13	| 23	|: page requested: 24 :  miss
544:	| 3	| 22	| 24	| 16	| 7	| 17	| 13	| 23	|: page requested: 18 :  miss
545:	| 3	| 22	| 24	| 18	| 7	| 17	| 13	| 23	|: page requested: 12 :  miss
546:	| 3	| 22	| 24	| 18	| 12	| 17	| 13	| 23	|: page requested: 30 :  miss
547:	| 3	| 22	| 24	| 18	| 12	| 30	| 13	| 23	|: page requested: 11 :  miss
548:	| 3	| 22	| 24	| 18	| 12	| 30	| 11	| 23	|: page requested: 30 :  hit
549:	| 3	| 22	| 24	| 18	| 12	| 30	| 11	| 23	|: page requested: 8 :  miss
550:	| 3	| 22	| 24	| 18	| 12	| 30	| 11	| 8	|: page requested: 28 :  miss
551:	| 28	| 22	| 24	| 18	| 12	| 30	| 11	| 8	|: page requested: 18 :  hit
552:	| 28	| 22	| 24	| 18	| 12	| 30	| 11	| 8	|: page requested: 18 :  hit
553:	| 28	| 22	| 24	| 18	| 12	| 30	| 11	| 8	|: page requested: 31 :  miss
554:	| 28	| 31	| 24	| 18	| 12	| 30	| 11	| 8	|: page requested: 30 :  hit
555:	| 28	| 31	| 24	| 18	| 12	| 30	| 11	| 8	|: page requested: 28 :  hit
556:	| 28	| 31	| 24	| 18	| 12	| 30	| 11	| 8	|: page requested: 9 :  miss
557:	| 28	| 31	| 9	| 18	| 12	| 30	| 11	| 8	|: page requested: 6 :  miss
558:	| 28	| 31	| 9	| 6	| 12	| 30	| 11	| 8	|: page requested: 2 :  miss
559:	| 28	| 31	| 9	| 6	| 2	| 30	| 11	| 8	|: page requested: 21 :  miss
560:	| 28	| 31	| 9	| 6	| 2	| 21	| 11	| 8	|: page requested: 24 :  miss
561:	| 28	| 31	| 9	| 6	| 2	| 21	| 24	| 8	|: page requested: 26 :  miss
562:	| 28	| 31	| 9	| 6	| 2	| 21	| 24	| 26	|: page requested: 17 :  miss
563:	| 17	| 31	| 9	| 6	| 2	| 21	| 24	| 26	|: page requested: 26 :  hit
564:	| 17	| 31	| 9	| 6	| 2	| 21	| 24	| 26	|: page requested: 5 :  miss
565:	| 17	| 5	| 9	| 6	| 2	| 21	| 24	| 26	|: page requested: 1 :  miss
566:	| 17	| 5	| 1	| 6	| 2	| 21	| 24	| 26	|: page requested: 2 :  hit
567:	| 17	| 5	| 1	| 6	| 2	| 21	| 24	| 26	|: page requested: 23 :  miss
568:	| 17	| 5	| 1	| 23	| 2	| 21	| 24	| 26	|: page requested: 18 :  miss
569:	| 17	| 5	| 1	| 23	| 18	| 21	| 24	| 26	|: page requested: 15 :  miss
570:	| 17	| 5	| 1	| 23	| 18	| 15	| 24	| 26	|: page requested: 14 :  miss
571:	| 17	| 5	| 1	| 23	| 18	| 15	| 14	| 26	|: page requested: 21 :  miss
572:	| 17	| 5	| 1	| 23	| 18	| 15	| 14	| 21	|: page requested: 22 :  miss
573:	| 22	| 5	| 1	| 23	| 18	| 15	| 14	| 21	|: page requested: 4 :  miss
574:	| 22	| 4	| 1	| 23	| 18	| 15	| 14	| 21	|: page requested: 13 :  miss
575:	| 22	| 4	| 13	| 23	| 18	| 15	| 14	| 21	|: page requested: 8 :  miss
576:	| 22	| 4	| 13	| 8	| 18	| 15	| 14	| 21	|: page requested: 17 :  miss
577:	| 22	| 4	| 13	| 8	| 17	| 15	| 14	| 21	|: page requested: 12 :  miss
578:	| 22	| 4	| 13	| 8	| 17	| 12	| 14	| 21	|: page requested: 19 :  miss
579:	| 22	| 4	| 13	| 8	| 17	| 12	| 19	| 21	|: page requested: 15 :  miss
580:	| 22	| 4	| 13	| 8	| 17	| 12	| 19	| 15	|: page requested: 20 :  miss
581:	| 20	| 4	| 13	| 8	| 17	| 12	| 19	| 15	|: page requested: 15 :  hit
582:	| 20	| 4	| 13	| 8	| 17	| 12	| 19	| 15	|: page requested: 1 :  miss
583:	| 20	| 1	| 13	| 8	| 17	| 12	| 19	| 15	|: page requested: 7 :  miss
584:	| 20	| 1	| 7	| 8	| 17	| 12	| 19	| 15	|: page requested: 14 :  miss
585:	| 20	| 1	| 7	| 14	| 17	| 12	| 19	| 15	|: page requested: 0 :  miss
586:	| 20	| 1	| 7	| 14	| 0	| 12	| 19	| 15	|: page requested: 3 :  miss
587:	| 20	| 1	| 7	| 14	| 0	| 3	| 19	| 15	|: page requested: 24 :  miss
588:	| 20	| 1	| 7	| 14	| 0	| 3	| 24	| 15	|: page requested: 6 :  miss
589:	| 20	| 1	| 7	| 14	| 0	| 3	| 24	| 6	|: page requested: 5 :  miss
590:	| 5	| 1	| 7	| 14	| 0	| 3	| 24	| 6	|: page requested: 13 :  miss
591:	| 5	| 13	| 7	| 14	| 0	| 3	| 24	| 6	|: page requested: 31 :  miss
592:	| 5	| 13	| 31	| 14	| 0	| 3	| 24	| 6	|: page requested: 31 :  hit
593:	| 5	| 13	| 31	| 14	| 0	| 3	| 24	| 6	|: page requested: 30 :  miss
594:	| 5	| 13	| 31	| 30	| 0	| 3	| 24	| 6	|: page requested: 25 :  miss
595:	| 5	| 13	| 31	| 30	| 25	| 3	| 24	| 6	|: page requested: 4 :  miss
596:	| 5	| 13	| 31	| 30	| 25	| 4	| 24	| 6	|: page requested: 31 :  hit
597:	| 5	| 13	| 31	| 30	| 25	| 4	| 24	| 6	|: page requested: 27 :  miss
598:	| 5	| 13	| 31	| 30	| 25	| 4	| 27	| 6	|: page requested: 28 :  miss
599:	| 5	| 13	| 31	| 30	| 25	| 4	| 27	| 28	|: page requested: 17 :  miss
600:	| 17	| 13	| 31	| 30	| 25	| 4	| 27	| 28	|: page requested: 10 :  miss
601:	| 17	| 10	| 31	| 30	| 25	| 4	| 27	| 28	|: page requested: 10 :  hit
602:	| 17	| 10	| 31	| 30	| 25	| 4	| 27	| 28	|: page requested: 6 :  miss
603:	| 17	| 10	| 6	| 30	| 25	| 4	| 27	| 28	|: page requested: 0 :  miss
604:	| 17	| 10	| 6	| 0	| 25	| 4	| 27	| 28	|: page requested: 15 :  miss
605:	| 17	| 10	| 6	| 0	| 15	| 4	| 27	| 28	|: page requested: 20 :  miss
606:	| 17	| 10	| 6	| 0	| 15	| 20	| 27	| 28	|: page requested: 8 :  miss
607:	| 17	| 10	| 6	| 0	| 15	| 20	| 8	| 28	|: page requested: 0 :  hit
608:	| 17	| 10	| 6	| 0	| 15	| 20	| 8	| 28	|: page requested: 0 :  hit
609:	| 17	| 10	| 6	| 0	| 15	| 20	| 8	| 28	|: page requested: 27 :  miss
610:	| 17	| 10	| 6	| 0	| 15	| 20	| 8	| 27	|: page requested: 15 :  hit
611:	| 17	| 10	| 6	| 0	| 15	| 20	| 8	| 27	|: page requested: 20 :  hit
612:	| 17	| 10	| 6	| 0	| 15	| 20	| 8	| 27	|: page requested: 11 :  miss
613:	| 11	| 10	| 6	| 0	| 15	| 20	| 8	| 27	|: page requested: 16 :  miss
614:	| 11	| 16	| 6	| 0	| 15	| 20	| 8	| 27	|: page requested: 27 :  hit
615:	| 11	| 16	| 6	| 0	| 15	| 20	| 8	| 27	|: page requested: 25 :  miss
616:	| 11	| 16	| 25	| 0	| 15	| 20	| 8	| 27	|: page requested: 16 :  hit
617:	| 11	| 16	| 25	| 0	| 15	| 20	| 8	| 27	|: page requested: 31 :  miss
618:	| 11	| 16	| 25	| 31	| 15	| 20	| 8	| 27	|: page requested: 17 :  miss
619:	| 11	| 16	| 25	| 31	| 17	| 20	| 8	| 27	|: page requested: 23 :  miss
620:	| 11	| 16	| 25	| 31	| 17	| 23	| 8	| 27	|: page requested: 4 :  miss
621:	| 11	| 16	| 25	| 31	| 17	| 23	| 4	| 27	|: page requested: 30 :  miss
622:	| 11	| 16	| 25	| 31	| 17	| 23	| 4	| 30	|: page requested: 22 :  miss
623:	| 22	| 16	| 25	| 31	| 17	| 23	| 4	| 30	|: page requested: 4 :  hit
624:	| 22	| 16	| 25	| 31	| 17	| 23	| 4	| 30	|: page requested: 28 :  miss
625:	| 22	| 28	| 25	| 31	| 17	| 23	| 4	| 30	|: page requested: 15 :  miss
626:	| 22	| 28	| 15	| 31	| 17	| 23	| 4	| 30	|: page requested: 8 :  miss
627:	| 22	| 28	| 15	| 8	| 17	| 23	| 4	| 30	|: page requested: 27 :  miss
628:	| 22	| 28	| 15	| 8	| 27	| 23	| 4	| 30	|: page requested: 11 :  miss
629:	| 22	| 28	| 15	| 8	| 27	| 11	| 4	| 30	|: page requested: 4 :  hit
630:	| 22	| 28	| 15	| 8	| 27	| 11	| 4	| 30	|: page requested: 12 :  miss
631:	| 22	| 28	| 15	| 8	| 27	| 11	| 12	| 30	|: page requested: 21 :  miss
632:	| 22	| 28	| 15	| 8	| 27	| 11	| 12	| 21	|: page requested: 15 :  hit
633:	| 22	| 28	| 15	| 8	| 27	| 11	| 12	| 21	|: page requested: 19 :  miss
634:	| 19	| 28	| 15	| 8	| 27	| 11	| 12	| 21	|: page requested: 22 :  miss
635:	| 19	| 22	| 15	| 8	| 27	| 11	| 12	| 21	|: page requested: 30 :  miss
636:	| 19	| 22	| 30	| 8	| 27	| 11	| 12	| 21	|: page requested: 7 :  miss
637:	| 19	| 22	| 30	| 7	| 27	| 11	| 12	| 21	|: page requested: 30 :  hit
638:	| 19	| 22	| 30	| 7	| 27	| 11	| 12	| 21	|: page requested: 30 :  hit
639:	| 19	| 22	| 30	| 7	| 27	| 11	| 12	| 21	|: page requested: 7 :  hit
640:	| 19	| 22	| 30	| 7	| 27	| 11	| 12	| 21	|: page requested: 26 :  miss
641:	| 19	| 22	| 30	| 7	| 26	| 11	| 12	| 21	|: page requested: 13 :  miss
642:	| 19	| 22	| 30	| 7	| 26	| 13	| 12	| 21	|: page requested: 27 :  miss
643:	| 19	| 22	| 30	| 7	| 26	| 13	| 27	| 21	|: page requested: 5 :  miss
644:	| 19	| 22	| 30	| 7	| 26	| 13	| 27	| 5	|: page requested: 29 :  miss
645:	| 29	| 22	| 30	| 7	| 26	| 13	| 27	| 5	|: page requested: 23 :  miss
646:	| 29	| 23	| 30	| 7	| 26	| 13	| 27	| 5	|: page requested: 30 :  hit
647:	| 29	| 23	| 30	| 7	| 26	| 13	| 27	| 5	|: page requested: 14 :  miss
648:	| 29	| 23	| 14	| 7	| 26	| 13	| 27	| 5	|: page requested: 22 :  miss
649:	| 29	| 23	| 14	| 22	| 26	| 13	| 27	| 5	|: page requested: 16 :  miss
650:	| 29	| 23	| 14	| 22	| 16	| 13	| 27	| 5	|: page requested: 5 :  hit
651:	| 29	| 23	| 14	| 22	| 16	| 13	| 27	| 5	|: page requested: 26 :  miss
652:	| 29	| 23	| 14	| 22	| 16	| 26	| 27	| 5	|: page requested: 14 :  hit
653:	| 29	| 23	| 14	| 22	| 16	| 26	| 27	| 5	|: page requested: 27 :  hit
654:	| 29	| 23	| 14	| 22	| 16	| 26	| 27	| 5	|: page requested: 30 :  miss
655:	| 29	| 23	| 14	| 22	| 16	| 26	| 30	| 5	|: page requested: 11 :  miss
656:	| 29	| 23	| 14	| 22	| 16	| 26	| 30	| 11	|: page requested: 10 :  miss
657:	| 10	| 23	| 14	| 22	| 16	| 26	| 30	| 11	|: page requested: 7 :  miss
658:	| 10	| 7	| 14	| 22	| 16	| 26	| 30	| 11	|: page requested: 6 :  miss
659:	| 10	| 7	| 6	| 22	| 16	| 26	| 30	| 11	|: page requested: 21 :  miss
660:	| 10	| 7	| 6	| 21	| 16	| 26	| 30	| 11	|: page requested: 11 :  hit
661:	| 10	| 7	| 6	| 21	| 16	| 26	| 30	| 11	|: page requested: 19 :  miss
662:	| 10	| 7	| 6	| 21	| 19	| 26	| 30	| 11	|: page requested: 11 :  hit
663:	| 10	| 7	| 6	| 21	| 19	| 26	| 30	| 11	|: page requested: 26 :  hit
664:	| 10	| 7	| 6	| 21	| 19	| 26	| 30	| 11	|: page requested: 6 :  hit
665:	| 10	| 7	| 6	| 21	| 19	| 26	| 30	| 11	|: page requested: 1 :  miss
666:	| 10	| 7	| 6	| 21	| 19	| 1	| 30	| 11	|: page requested: 24 :  miss
667:	| 10	| 7	| 6	| 21	| 19	| 1	| 24	| 11	|: page requested: 13 :  miss
668:	| 10	| 7	| 6	| 21	| 19	| 1	| 24	| 13	|: page requested: 31 :  miss
669:	| 31	| 7	| 6	| 21	| 19	| 1	| 24	| 13	|: page requested: 22 :  miss
670:	| 31	| 22	| 6	| 21	| 19	| 1	| 24	| 13	|: page requested: 20 :  miss
671:	| 31	| 22	| 20	| 21	| 19	| 1	| 24	| 13	|: page requested: 25 :  miss
672:	| 31	| 22	| 20	| 25	| 19	| 1	| 24	| 13	|: page requested: 3 :  miss
673:	| 31	| 22	| 20	| 25	| 3	| 1	| 24	| 13	|: page requested: 15 :  miss
674:	| 31	| 22	| 20	| 25	| 3	| 15	| 24	| 13	|: page requested: 30 :  miss
675:	| 31	| 22	| 20	| 25	| 3	| 15	| 30	| 13	|: page requested: 1 :  miss
676:	| 31	| 22	| 20	| 25	| 3	| 15	| 30	| 1	|: page requested: 6 :  miss
677:	| 6	| 22	| 20	| 25	| 3	| 15	| 30	| 1	|: page requested: 29 :  miss
678:	| 6	| 29	| 20	| 25	| 3	| 15	| 30	| 1	|: page requested: 15 :  hit
679:	| 6	| 29	| 20	| 25	| 3	| 15	| 30	| 1	|: page requested: 28 :  miss
680:	| 6	| 29	| 28	| 25	| 3	| 15	| 30	| 1	|: page requested: 13 :  miss
681:	| 6	| 29	| 28	| 13	| 3	| 15	| 30	| 1	|: page requested: 20 :  miss
682:	| 6	| 29	| 28	| 13	| 20	| 15	| 30	| 1	|: page requested: 23 :  miss
683:	| 6	| 29	| 28	| 13	| 20	| 23	| 30	| 1	|: page requested: 27 :  miss
684:	| 6	| 29	| 28	| 13	| 20	| 23	| 27	| 1	|: page requested: 15 :  miss
685:	| 6	| 29	| 28	| 13	| 20	| 23	| 27	| 15	|: page requested: 21 :  miss
686:	| 21	| 29	| 28	| 13	| 20	| 23	| 27	| 15	|: page requested: 6 :  miss
687:	| 21	| 6	| 28	| 13	| 20	| 23	| 27	| 15	|: page requested: 25 :  miss
688:	| 21	| 6	| 25	| 13	| 20	| 23	| 27	| 15	|: page requested: 28 :  miss
689:	| 21	| 6	| 25	| 28	| 20	| 23	| 27	| 15	|: page requested: 13 :  miss
690:	| 21	| 6	| 25	| 28	| 13	| 23	| 27	| 15	|: page requested: 15 :  hit
691:	| 21	| 6	| 25	| 28	| 13	| 23	| 27	| 15	|: page requested: 8 :  miss
692:	| 21	| 6	| 25	| 28	| 13	| 8	| 27	| 15	|: page requested: 0 :  miss
693:	| 21	| 6	| 25	| 28	| 13	| 8	| 0	| 15	|: page requested: 26 :  miss
694:	| 21	| 6	| 25	| 28	| 13	| 8	| 0	| 26	|: page requested: 2 :  miss
695:	| 2	| 6	| 25	| 28	| 13	| 8	| 0	| 26	|: page requested: 6 :  hit
696:	| 2	| 6	| 25	| 28	| 13	| 8	| 0	| 26	|: page requested: 27 :  miss
697:	| 2	| 27	| 25	| 28	| 13	| 8	| 0	| 26	|: page requested: 27 :  hit
698:	| 2	| 27	| 25	| 28	| 13	| 8	| 0	| 26	|: page requested: 19 :  miss
699:	| 2	| 27	| 19	| 28	| 13	| 8	| 0	| 26	|: page requested: 26 :  hit
700:	| 2	| 27	| 19	| 28	| 13	| 8	| 0	| 26	|: page requested: 17 :  miss
701:	| 2	| 27	| 19	| 17	| 13	| 8	| 0	| 26	|: page requested: 7 :  miss
702:	| 2	| 27	| 19	| 17	| 7	| 8	| 0	| 26	|: page requested: 20 :  miss
703:	| 2	| 27	| 19	| 17	| 7	| 20	| 0	| 26	|: page requested: 21 :  miss
704:	| 2	| 27	| 19	| 17	| 7	| 20	| 21	| 26	|: page requested: 22 :  miss
705:	| 2	| 27	| 19	| 17	| 7	| 20	| 21	| 22	|: page requested: 18 :  miss
706:	| 18	| 27	| 19	| 17	| 7	| 20	| 21	| 22	|: page requested: 22 :  hit
707:	| 18	| 27	| 19	| 17	| 7	| 20	| 21	| 22	|: page requested: 29 :  miss
708:	| 18	| 29	| 19	| 17	| 7	| 20	| 21	| 22	|: page requested: 15 :  miss
709:	| 18	| 29	| 15	| 17	| 7	| 20	| 21	| 22	|: page requested: 5 :  miss
710:	| 18	| 29	| 15	| 5	| 7	| 20	| 21	| 22	|: page requested: 25 :  miss
711:	| 18	| 29	| 15	| 5	| 25	| 20	| 21	| 22	|: page requested: 28 :  miss
712:	| 18	| 29	| 15	| 5	| 25	| 28	| 21	| 22	|: page requested: 25 :  hit
713:	| 18	| 29	| 15	| 5	| 25	| 28	| 21	| 22	|: page requested: 16 :  miss
714:	| 18	| 29	| 15	| 5	| 25	| 28	| 16	| 22	|: page requested: 24 :  miss
715:	| 18	| 29	| 15	| 5	| 25	| 28	| 16	| 24	|: page requested: 8 :  miss
716:	| 8	| 29	| 15	| 5	| 25	| 28	| 16	| 24	|: page requested: 6 :  miss
717:	| 8	| 6	| 15	| 5	| 25	| 28	| 16	| 24	|: page requested: 30 :  miss
718:	| 8	| 6	| 30	| 5	| 25	| 28	| 16	| 24	|: page requested: 1 :  miss
719:	| 8	| 6	| 30	| 1	| 25	| 28	| 16	| 24	|: page requested: 2 :  miss
720:	| 8	| 6	| 30	| 1	| 2	| 28	| 16	| 24	|: page requested: 11 :  miss
721:	| 8	| 6	| 30	| 1	| 2	| 11	| 16	| 24	|: page requested: 16 :  hit
722:	| 8	| 6	| 30	| 1	| 2	| 11	| 16	| 24	|: page requested: 10 :  miss
723:	| 8	| 6	| 30	| 1	| 2	| 11	| 10	| 24	|: page requested: 11 :  hit
724:	| 8	| 6	| 30	| 1	| 2	| 11	| 10	| 24	|: page requested: 10 :  hit
725:	| 8	| 6	| 30	| 1	| 2	| 11	| 10	| 24	|: page requested: 13 :  miss
726:	| 8	| 6	| 30	| 1	| 2	| 11	| 10	| 13	|: page requested: 17 :  miss
727:	| 17	| 6	| 30	| 1	| 2	| 11	| 10	| 13	|: page requested: 5 :  miss
728:	| 17	| 5	| 30	| 1	| 2	| 11	| 10	| 13	|: page requested: 8 :  miss
729:	| 17	| 5	| 8	| 1	| 2	| 11	| 10	| 13	|: page requested: 4 :  miss
730:	| 17	| 5	| 8	| 4	| 2	| 11	| 10	| 13	|: page requested: 0 :  miss
731:	| 17	| 5	| 8	| 4	| 0	| 11	| 10	| 13	|: page requested: 25 :  miss
732:	| 17	| 5	| 8	| 4	| 0	| 25	| 10	| 13	|: page requested: 11 :  miss
733:	| 17	| 5	| 8	| 4	| 0	| 25	| 11	| 13	|: page requested: 20 :  miss
734:	| 17	| 5	| 8	| 4	| 0	| 25	| 11	| 20	|: page requested: 14 :  miss
735:	| 14	| 5	| 8	| 4	| 0	| 25	| 11	| 20	|: page requested: 2 :  miss
736:	| 14	| 2	| 8	| 4	| 0	| 25	| 11	| 20	|: page requested: 6 :  miss
737:	| 14	| 2	| 6	| 4	| 0	| 25	| 11	| 20	|: page requested: 4 :  hit
738:	| 14	| 2	| 6	| 4	| 0	| 25	| 11	| 20	|: page requested: 31 :  miss
739:	| 14	| 2	| 6	| 31	| 0	| 25	| 11	| 20	|: page requested: 22 :  miss
740:	| 14	| 2	| 6	| 31	| 22	| 25	| 11	| 20	|: page requested: 9 :  miss
741:	| 14	| 2	| 6	| 31	| 22	| 9	| 11	| 20	|: page requested: 24 :  miss
742:	| 14	| 2	| 6	| 31	| 22	| 9	| 24	| 20	|: page requested: 18 :  miss
743:	| 14	| 2	| 6	| 31	| 22	| 9	| 24	| 18	|: page requested: 2 :  hit
744:	| 14	| 2	| 6	| 31	| 22	| 9	| 24	| 18	|: page requested: 9 :  hit
745:	| 14	| 2	| 6	| 31	| 22	| 9	| 24	| 18	|: page requested: 10 :  miss
746:	| 10	| 2	| 6	| 31	| 22	| 9	| 24	| 18	|: page requested: 10 :  hit
747:	| 10	| 2	| 6	| 31	| 22	| 9	| 24	| 18	|: page requested: 15 :  miss
748:	| 10	| 15	| 6	| 31	| 22	| 9	| 24	| 18	|: page requested: 9 :  hit
749:	| 10	| 15	| 6	| 31	| 22	| 9	| 24	| 18	|: page requested: 12 :  miss
750:	| 10	| 15	| 12	| 31	| 22	| 9	| 24	| 18	|: page requested: 17 :  miss
751:	| 10	| 15	| 12	| 17	| 22	| 9	| 24	| 18	|: page requested: 20 :  miss
752:	| 10	| 15	| 12	| 17	| 20	| 9	| 24	| 18	|: page requested: 28 :  miss
753:	| 10	| 15	| 12	| 17	| 20	| 28	| 24	| 18	|: page requested: 28 :  hit
754:	| 10	| 15	| 12	| 17	| 20	| 28	| 24	| 18	|: page requested: 0 :  miss
755:	| 10	| 15	| 12	| 17	| 20	| 28	| 0	| 18	|: page requested: 7 :  miss
756:	| 10	| 15	| 12	| 17	| 20	| 28	| 0	| 7	|: page requested: 9 :  miss
757:	| 9	| 15	| 12	| 17	| 20	| 28	| 0	| 7	|: page requested: 17 :  hit
758:	| 9	| 15	| 12	| 17	| 20	| 28	| 0	| 7	|: page requested: 12 :  hit
759:	| 9	| 15	| 12	| 17	| 20	| 28	| 0	| 7	|: page requested: 17 :  hit
760:	| 9	| 15	| 12	| 17	| 20	| 28	| 0	| 7	|: page requested: 22 :  miss
761:	| 9	| 22	| 12	| 17	| 20	| 28	| 0	| 7	|: page requested: 12 :  hit
762:	| 9	| 22	| 12	| 17	| 20	| 28	| 0	| 7	|: page requested: 10 :  miss
763:	| 9	| 22	| 10	| 17	| 20	| 28	| 0	| 7	|: page requested: 1 :  miss
764:	| 9	| 22	| 10	| 1	| 20	| 28	| 0	| 7	|: page requested: 0 :  hit
765:	| 9	| 22	| 10	| 1	| 20	| 28	| 0	| 7	|: page requested: 25 :  miss
766:	| 9	| 22	| 10	| 1	| 25	| 28	| 0	| 7	|: page requested: 3 :  miss
767:	| 9	| 22	| 10	| 1	| 25	| 3	| 0	| 7	|: page requested: 7 :  hit
768:	| 9	| 22	| 10	| 1	| 25	| 3	| 0	| 7	|: page requested: 29 :  miss
769:	| 9	| 22	| 10	| 1	| 25	| 3	| 29	| 7	|: page requested: 2 :  miss
770:	| 9	| 22	| 10	| 1	| 25	| 3	| 29	| 2	|: page requested: 29 :  hit
771:	| 9	| 22	| 10	| 1	| 25	| 3	| 29	| 2	|: page requested: 7 :  miss
772:	| 7	| 22	| 10	| 1	| 25	| 3	| 29	| 2	|: page requested: 27 :  miss
773:	| 7	| 27	| 10	| 1	| 25	| 3	| 29	| 2	|: page requested: 15 :  miss
774:	| 7	| 27	| 15	| 1	| 25	| 3	| 29	| 2	|: page requested: 9 :  miss
775:	| 7	| 27	| 15	| 9	| 25	| 3	| 29	| 2	|: page requested: 4 :  miss
776:	| 7	| 27	| 15	| 9	| 4	| 3	| 29	| 2	|: page requested: 26 :  miss
777:	| 7	| 27	| 15	| 9	| 4	| 26	| 29	| 2	|: page requested: 20 :  miss
778:	| 7	| 27	| 15	| 9	| 4	| 26	| 20	| 2	|: page requested: 19 :  miss
779:	| 7	| 27	| 15	| 9	| 4	| 26	| 20	| 19	|: page requested: 3 :  miss
780:	| 3	| 27	| 15	| 9	| 4	| 26	| 20	| 19	|: page requested: 0 :  miss
781:	| 3	| 0	| 15	| 9	| 4	| 26	| 20	| 19	|: page requested: 4 :  hit
782:	| 3	| 0	| 15	| 9	| 4	| 26	| 20	| 19	|: page requested: 23 :  miss
783:	| 3	| 0	| 23	| 9	| 4	| 26	| 20	| 19	|: page requested: 28 :  miss
784:	| 3	| 0	| 23	| 28	| 4	| 26	| 20	| 19	|: page requested: 0 :  hit
785:	| 3	| 0	| 23	| 28	| 4	| 26	| 20	| 19	|: page requested: 23 :  hit
786:	| 3	| 0	| 23	| 28	| 4	| 26	| 20	| 19	|: page requested: 3 :  hit
787:	| 3	| 0	| 23	| 28	| 4	| 26	| 20	| 19	|: page requested: 9 :  miss
788:	| 3	| 0	| 23	| 28	| 9	| 26	| 20	| 19	|: page requested: 9 :  hit
789:	| 3	| 0	| 23	| 28	| 9	| 26	| 20	| 19	|: page requested: 16 :  miss
790:	| 3	| 0	| 23	| 28	| 9	| 16	| 20	| 19	|: page requested: 26 :  miss
791:	| 3	| 0	| 23	| 28	| 9	| 16	| 26	| 19	|: page requested: 31 :  miss
792:	| 3	| 0	| 23	| 28	| 9	| 16	| 26	| 31	|: page requested: 28 :  hit
793:	| 3	| 0	| 23	| 28	| 9	| 16	| 26	| 31	|: page requested: 5 :  miss
794:	| 5	| 0	| 23	| 28	| 9	| 16	| 26	| 31	|: page requested: 0 :  hit
795:	| 5	| 0	| 23	| 28	| 9	| 16	| 26	| 31	|: page requested: 29 :  miss
796:	| 5	| 29	| 23	| 28	| 9	| 16	| 26	| 31	|: page requested: 30 :  miss
797:	| 5	| 29	| 30	| 28	| 9	| 16	| 26	| 31	|: page requested: 4 :  miss
798:	| 5	| 29	| 30	| 4	| 9	| 16	| 26	| 31	|: page requested: 4 :  hit
799:	| 5	| 29	| 30	| 4	| 9	| 16	| 26	| 31	|: page requested: 27 :  miss
800:	| 5	| 29	| 30	| 4	| 27	| 16	| 26	| 31	|: page requested: 6 :  miss
801:	| 5	| 29	| 30	| 4	| 27	| 6	| 26	| 31	|: page requested: 1 :  miss
802:	| 5	| 29	| 30	| 4	| 27	| 6	| 1	| 31	|: page requested: 2 :  miss
803:	| 5	| 29	| 30	| 4	| 27	| 6	| 1	| 2	|: page requested: 1 :  hit
804:	| 5	| 29	| 30	| 4	| 27	| 6	| 1	| 2	|: page requested: 16 :  miss
805:	| 16	| 29	| 30	| 4	| 27	| 6	| 1	| 2	|: page requested: 12 :  miss
806:	| 16	| 12	| 30	| 4	| 27	| 6	| 1	| 2	|: page requested: 5 :  miss
807:	| 16	| 12	| 5	| 4	| 27	| 6	| 1	| 2	|: page requested: 10 :  miss
808:	| 16	| 12	| 5	| 10	| 27	| 6	| 1	| 2	|: page requested: 0 :  miss
809:	| 16	| 12	| 5	| 10	| 0	| 6	| 1	| 2	|: page requested: 24 :  miss
810:	| 16	| 12	| 5	| 10	| 0	| 24	| 1	| 2	|: page requested: 13 :  miss
811:	| 16	| 12	| 5	| 10	| 0	| 24	| 13	| 2	|: page requested: 0 :  hit
812:	| 16	| 12	| 5	| 10	| 0	| 24	| 13	| 2	|: page requested: 29 :  miss
813:	| 16	| 12	| 5	| 10	| 0	| 24	| 13	| 29	|: page requested: 5 :  hit
814:	| 16	| 12	| 5	| 10	| 0	| 24	| 13	| 29	|: page requested: 28 :  miss
815:	| 28	| 12	| 5	| 10	| 0	| 24	| 13	| 29	|: page requested: 29 :  hit
816:	| 28	| 12	| 5	| 10	| 0	| 24	| 13	| 29	|: page requested: 28 :  hit
817:	| 28	| 12	| 5	| 10	| 0	| 24	| 13	| 29	|: page requested: 0 :  hit
818:	| 28	| 12	| 5	| 10	| 0	| 24	| 13	| 29	|: page requested: 7 :  miss
819:	| 28	| 7	| 5	| 10	| 0	| 24	| 13	| 29	|: page requested: 5 :  hit
820:	| 28	| 7	| 5	| 10	| 0	| 24	| 13	| 29	|: page requested: 16 :  miss
821:	| 28	| 7	| 16	| 10	| 0	| 24	| 13	| 29	|: page requested: 1 :  miss
822:	| 28	| 7	| 16	| 1	| 0	| 24	| 13	| 29	|: page requested: 4 :  miss
823:	| 28	| 7	| 16	| 1	| 4	| 24	| 13	| 29	|: page requested: 12 :  miss
824:	| 28	| 7	| 16	| 1	| 4	| 12	| 13	| 29	|: page requested: 6 :  miss
825:	| 28	| 7	| 16	| 1	| 4	| 12	| 6	| 29	|: page requested: 5 :  miss
826:	| 28	| 7	| 16	| 1	| 4	| 12	| 6	| 5	|: page requested: 9 :  miss
827:	| 9	| 7	| 16	| 1	| 4	| 12	| 6	| 5	|: page requested: 4 :  hit
828:	| 9	| 7	| 16	| 1	| 4	| 12	| 6	| 5	|: page requested: 9 :  hit
829:	| 9	| 7	| 16	| 1	| 4	| 12	| 6	| 5	|: page requested: 13 :  miss
830:	| 9	| 13	| 16	| 1	| 4	| 12	| 6	| 5	|: page requested: 0 :  miss
831:	| 9	| 13	| 0	| 1	| 4	| 12	| 6	| 5	|: page requested: 15 :  miss
832:	| 9	| 13	| 0	| 15	| 4	| 12	| 6	| 5	|: page requested: 14 :  miss
833:	| 9	| 13	| 0	| 15	| 14	| 12	| 6	| 5	|: page requested: 2 :  miss
834:	| 9	| 13	| 0	| 15	| 14	| 2	| 6	| 5	|: page requested: 17 :  miss
835:	| 9	| 13	| 0	| 15	| 14	| 2	| 17	| 5	|: page requested: 31 :  miss
836:	| 9	| 13	| 0	| 15	| 14	| 2	| 17	| 31	|: page requested: 14 :  hit
837:	| 9	| 13	| 0	| 15	| 14	| 2	| 17	| 31	|: page requested: 22 :  miss
838:	| 22	| 13	| 0	| 15	| 14	| 2	| 17	| 31	|: page requested: 9 :  miss
839:	| 22	| 9	| 0	| 15	| 14	| 2	| 17	| 31	|: page requested: 14 :  hit
840:	| 22	| 9	| 0	| 15	| 14	| 2	| 17	| 31	|: page requested: 15 :  hit
841:	| 22	| 9	| 0	| 15	| 14	| 2	| 17	| 31	|: page requested: 23 :  miss
842:	| 22	| 9	| 23	| 15	| 14	| 2	| 17	| 31	|: page requested: 14 :  hit
843:	| 22	| 9	| 23	| 15	| 14	| 2	| 17	| 31	|: page requested: 12 :  miss
844:	| 22	| 9	| 23	| 12	| 14	| 2	| 17	| 31	|: page requested: 28 :  miss
845:	| 22	| 9	| 23	| 12	| 28	| 2	| 17	| 31	|: page requested: 11 :  miss
846:	| 22	| 9	| 23	| 12	| 28	| 11	| 17	| 31	|: page requested: 9 :  hit
847:	| 22	| 9	| 23	| 12	| 28	| 11	| 17	| 31	|: page requested: 24 :  miss
848:	| 22	| 9	| 23	| 12	| 28	| 11	| 24	| 31	|: page requested: 11 :  hit
849:	| 22	| 9	| 23	| 12	| 28	| 11	| 24	| 31	|: page requested: 16 :  miss
850:	| 22	| 9	| 23	| 12	| 28	| 11	| 24	| 16	|: page requested: 30 :  miss
851:	| 30	| 9	| 23	| 12	| 28	| 11	| 24	| 16	|: page requested: 27 :  miss
852:	| 30	| 27	| 23	| 12	| 28	| 11	| 24	| 16	|: page requested: 18 :  miss
853:	| 30	| 27	| 18	| 12	| 28	| 11	| 24	| 16	|: page requested: 2 :  miss
854:	| 30	| 27	| 18	| 2	| 28	| 11	| 24	| 16	|: page requested: 7 :  miss
855:	| 30	| 27	| 18	| 2	| 7	| 11	| 24	| 16	|: page requested: 24 :  hit
856:	| 30	| 27	| 18	| 2	| 7	| 11	| 24	| 16	|: page requested: 7 :  hit
857:	| 30	| 27	| 18	| 2	| 7	| 11	| 24	| 16	|: page requested: 17 :  miss
858:	| 30	| 27	| 18	| 2	| 7	| 17	| 24	| 16	|: page requested: 29 :  miss
859:	| 30	| 27	| 18	| 2	| 7	| 17	| 29	| 16	|: page requested: 16 :  hit
860:	| 30	| 27	| 18	| 2	| 7	| 17	| 29	| 16	|: page requested: 30 :  hit
861:	| 30	| 27	| 18	| 2	| 7	| 17	| 29	| 16	|: page requested: 29 :  hit
862:	| 30	| 27	| 18	| 2	| 7	| 17	| 29	| 16	|: page requested: 0 :  miss
863:	| 30	| 27	| 18	| 2	| 7	| 17	| 29	| 0	|: page requested: 13 :  miss
864:	| 13	| 27	| 18	| 2	| 7	| 17	| 29	| 0	|: page requested: 31 :  miss
865:	| 13	| 31	| 18	| 2	| 7	| 17	| 29	| 0	|: page requested: 17 :  hit
866:	| 13	| 31	| 18	| 2	| 7	| 17	| 29	| 0	|: page requested: 12 :  miss
867:	| 13	| 31	| 12	| 2	| 7	| 17	| 29	| 0	|: page requested: 14 :  miss
868:	| 13	| 31	| 12	| 14	| 7	| 17	| 29	| 0	|: page requested: 7 :  hit
869:	| 13	| 31	| 12	| 14	| 7	| 17	| 29	| 0	|: page requested: 21 :  miss
870:	| 13	| 31	| 12	| 14	| 21	| 17	| 29	| 0	|: page requested: 28 :  miss
871:	| 13	| 31	| 12	| 14	| 21	| 28	| 29	| 0	|: page requested: 22 :  miss
872:	| 13	| 31	| 12	| 14	| 21	| 28	| 22	| 0	|: page requested: 12 :  hit
873:	| 13	| 31	| 12	| 14	| 21	| 28	| 22	| 0	|: page requested: 11 :  miss
874:	| 13	| 31	| 12	| 14	| 21	| 28	| 22	| 11	|: page requested: 2 :  miss
875:	| 2	| 31	| 12	| 14	| 21	| 28	| 22	| 11	|: page requested: 8 :  miss
876:	| 2	| 8	| 12	| 14	| 21	| 28	| 22	| 11	|: page requested: 22 :  hit
877:	| 2	| 8	| 12	| 14	| 21	| 28	| 22	| 11	|: page requested: 12 :  hit
878:	| 2	| 8	| 12	| 14	| 21	| 28	| 22	| 11	|: page requested: 1 :  miss
879:	| 2	| 8	| 1	| 14	| 21	| 28	| 22	| 11	|: page requested: 1 :  hit
880:	| 2	| 8	| 1	| 14	| 21	| 28	| 22	| 11	|: page requested: 28 :  hit
881:	| 2	| 8	| 1	| 14	| 21	| 28	| 22	| 11	|: page requested: 31 :  miss
882:	| 2	| 8	| 1	| 31	| 21	| 28	| 22	| 11	|: page requested: 28 :  hit
883:	| 2	| 8	| 1	| 31	| 21	| 28	| 22	| 11	|: page requested: 14 :  miss
884:	| 2	| 8	| 1	| 31	| 14	| 28	| 22	| 11	|: page requested: 1 :  hit
885:	| 2	| 8	| 1	| 31	| 14	| 28	| 22	| 11	|: page requested: 3 :  miss
886:	| 2	| 8	| 1	| 31	| 14	| 3	| 22	| 11	|: page requested: 7 :  miss
887:	| 2	| 8	| 1	| 31	| 14	| 3	| 7	| 11	|: page requested: 9 :  miss
888:	| 2	| 8	| 1	| 31	| 14	| 3	| 7	| 9	|: page requested: 20 :  miss
889:	| 20	| 8	| 1	| 31	| 14	| 3	| 7	| 9	|: page requested: 4 :  miss
890:	| 20	| 4	| 1	| 31	| 14	| 3	| 7	| 9	|: page requested: 25 :  miss
891:	| 20	| 4	| 25	| 31	| 14	| 3	| 7	| 9	|: page requested: 19 :  miss
892:	| 20	| 4	| 25	| 19	| 14	| 3	| 7	| 9	|: page requested: 1 :  miss
893:	| 20	| 4	| 25	| 19	| 1	| 3	| 7	| 9	|: page requested: 25 :  hit
894:	| 20	| 4	| 25	| 19	| 1	| 3	| 7	| 9	|: page requested: 0 :  miss
895:	| 20	| 4	| 25	| 19	| 1	| 0	| 7	| 9	|: page requested: 0 :  hit
896:	| 20	| 4	| 25	| 19	| 1	| 0	| 7	| 9	|: page requested: 10 :  miss
897:	| 20	| 4	| 25	| 19	| 1	| 0	| 10	| 9	|: page requested: 12 :  miss
898:	| 20	| 4	| 25	| 19	| 1	| 0	| 10	| 12	|: page requested: 14 :  miss
899:	| 14	| 4	| 25	| 19	| 1	| 0	| 10	| 12	|: page requested: 18 :  miss
900:	| 14	| 18	| 25	| 19	| 1	| 0	| 10	| 12	|: page requested: 1 :  hit
901:	| 14	| 18	| 25	| 19	| 1	| 0	| 10	| 12	|: page requested: 11 :  miss
902:	| 14	| 18	| 11	| 19	| 1	| 0	| 10	| 12	|: page requested: 8 :  miss
903:	| 14	| 18	| 11	| 8	| 1	| 0	| 10	| 12	|: page requested: 14 :  hit
904:	| 14	| 18	| 11	| 8	| 1	| 0	| 10	| 12	|: page requested: 22 :  miss
905:	| 14	| 18	| 11	| 8	| 22	| 0	| 10	| 12	|: page requested: 11 :  hit
906:	| 14	| 18	| 11	| 8	| 22	| 0	| 10	| 12	|: page requested: 22 :  hit
907:	| 14	| 18	| 11	| 8	| 22	| 0	| 10	| 12	|: page requested: 12 :  hit
908:	| 14	| 18	| 11	| 8	| 22	| 0	| 10	| 12	|: page requested: 23 :  miss
909:	| 14	| 18	| 11	| 8	| 22	| 23	| 10	| 12	|: page requested: 23 :  hit
910:	| 14	| 18	| 11	| 8	| 22	| 23	| 10	| 12	|: page requested: 13 :  miss
911:	| 14	| 18	| 11	| 8	| 22	| 23	| 13	| 12	|: page requested: 19 :  miss
912:	| 14	| 18	| 11	| 8	| 22	| 23	| 13	| 19	|: page requested: 22 :  hit
913:	| 14	| 18	| 11	| 8	| 22	| 23	| 13	| 19	|: page requested: 9 :  miss
914:	| 9	| 18	| 11	| 8	| 22	| 23	| 13	| 19	|: page requested: 2 :  miss
915:	| 9	| 2	| 11	| 8	| 22	| 23	| 13	| 19	|: page requested: 24 :  miss
916:	| 9	| 2	| 24	| 8	| 22	| 23	| 13	| 19	|: page requested: 12 :  miss
917:	| 9	| 2	| 24	| 12	| 22	| 23	| 13	| 19	|: page requested: 9 :  hit
918:	| 9	| 2	| 24	| 12	| 22	| 23	| 13	| 19	|: page requested: 1 :  miss
919:	| 9	| 2	| 24	| 12	| 1	| 23	| 13	| 19	|: page requested: 1 :  hit
920:	| 9	| 2	| 24	| 12	| 1	| 23	| 13	| 19	|: page requested: 13 :  hit
921:	| 9	| 2	| 24	| 12	| 1	| 23	| 13	| 19	|: page requested: 26 :  miss
922:	| 9	| 2	| 24	| 12	| 1	| 26	| 13	| 19	|: page requested: 20 :  miss
923:	| 9	| 2	| 24	| 12	| 1	| 26	| 20	| 19	|: page requested: 14 :  miss
924:	| 9	| 2	| 24	| 12	| 1	| 26	| 20	| 14	|: page requested: 20 :  hit
925:	| 9	| 2	| 24	| 12	| 1	| 26	| 20	| 14	|: page requested: 20 :  hit
926:	| 9	| 2	| 24	| 12	| 1	| 26	| 20	| 14	|: page requested: 14 :  hit
927:	| 9	| 2	| 24	| 12	| 1	| 26	| 20	| 14	|: page requested: 30 :  miss
928:	| 30	| 2	| 24	| 12	| 1	| 26	| 20	| 14	|: page requested: 0 :  miss
929:	| 30	| 0	| 24	| 12	| 1	| 26	| 20	| 14	|: page requested: 29 :  miss
930:	| 30	| 0	| 29	| 12	| 1	| 26	| 20	| 14	|: page requested: 16 :  miss
931:	| 30	| 0	| 29	| 16	| 1	| 26	| 20	| 14	|: page requested: 1 :  hit
932:	| 30	| 0	| 29	| 16	| 1	| 26	| 20	| 14	|: page requested: 8 :  miss
933:	| 30	| 0	| 29	| 16	| 8	| 26	| 20	| 14	|: page requested: 25 :  miss
934:	| 30	| 0	| 29	| 16	| 8	| 25	| 20	| 14	|: page requested: 15 :  miss
935:	| 30	| 0	| 29	| 16	| 8	| 25	| 15	| 14	|: page requested: 30 :  hit
936:	| 30	| 0	| 29	| 16	| 8	| 25	| 15	| 14	|: page requested: 4 :  miss
937:	| 30	| 0	| 29	| 16	| 8	| 25	| 15	| 4	|: page requested: 6 :  miss
938:	| 6	| 0	| 29	| 16	| 8	| 25	| 15	| 4	|: page requested: 10 :  miss
939:	| 6	| 10	| 29	| 16	| 8	| 25	| 15	| 4	|: page requested: 27 :  miss
940:	| 6	| 10	| 27	| 16	| 8	| 25	| 15	| 4	|: page requested: 29 :  miss
941:	| 6	| 10	| 27	| 29	| 8	| 25	| 15	| 4	|: page requested: 23 :  miss
942:	| 6	| 10	| 27	| 29	| 23	| 25	| 15	| 4	|: page requested: 14 :  miss
943:	| 6	| 10	| 27	| 29	| 23	| 14	| 15	| 4	|: page requested: 20 :  miss
944:	| 6	| 10	| 27	| 29	| 23	| 14	| 20	| 4	|: page requested: 0 :  miss
945:	| 6	| 10	| 27	| 29	| 23	| 14	| 20	| 0	|: page requested: 16 :  miss
946:	| 16	| 10	| 27	| 29	| 23	| 14	| 20	| 0	|: page requested: 12 :  miss
947:	| 16	| 12	| 27	| 29	| 23	| 14	| 20	| 0	|: page requested: 12 :  hit
948:	| 16	| 12	| 27	| 29	| 23	| 14	| 20	| 0	|: page requested: 25 :  miss
949:	| 16	| 12	| 25	| 29	| 23	| 14	| 20	| 0	|: page requested: 13 :  miss
950:	| 16	| 12	| 25	| 13	| 23	| 14	| 20	| 0	|: page requested: 13 :  hit
951:	| 16	| 12	| 25	| 13	| 23	| 14	| 20	| 0	|: page requested: 6 :  miss
952:	| 16	| 12	| 25	| 13	| 6	| 14	| 20	| 0	|: page requested: 7 :  miss
953:	| 16	| 12	| 25	| 13	| 6	| 7	| 20	| 0	|: page requested: 1 :  miss
954:	| 16	| 12	| 25	| 13	| 6	| 7	| 1	| 0	|: page requested: 20 :  miss
955:	| 16	| 12	| 25	| 13	| 6	| 7	| 1	| 20	|: page requested: 27 :  miss
956:	| 27	| 12	| 25	| 13	| 6	| 7	| 1	| 20	|: page requested: 21 :  miss
957:	| 27	| 21	| 25	| 13	| 6	| 7	| 1	| 20	|: page requested: 3 :  miss
958:	| 27	| 21	| 3	| 13	| 6	| 7	| 1	| 20	|: page requested: 26 :  miss
959:	| 27	| 21	| 3	| 26	| 6	| 7	| 1	| 20	|: page requested: 21 :  hit
960:	| 27	| 21	| 3	| 26	| 6	| 7	| 1	| 20	|: page requested: 0 :  miss
961:	| 27	| 21	| 3	| 26	| 0	| 7	| 1	| 20	|: page requested: 10 :  miss
962:	| 27	| 21	| 3	| 26	| 0	| 10	| 1	| 20	|: page requested: 23 :  miss
963:	| 27	| 21	| 3	| 26	| 0	| 10	| 23	| 20	|: page requested: 8 :  miss
964:	| 27	| 21	| 3	| 26	| 0	| 10	| 23	| 8	|: page requested: 3 :  hit
965:	| 27	| 21	| 3	| 26	| 0	| 10	| 23	| 8	|: page requested: 6 :  miss
966:	| 6	| 21	| 3	| 26	| 0	| 10	| 23	| 8	|: page requested: 6 :  hit
967:	| 6	| 21	| 3	| 26	| 0	| 10	| 23	| 8	|: page requested: 7 :  miss
968:	| 6	| 7	| 3	| 26	| 0	| 10	| 23	| 8	|: page requested: 12 :  miss
969:	| 6	| 7	| 12	| 26	| 0	| 10	| 23	| 8	|: page requested: 16 :  miss
970:	| 6	| 7	| 12	| 16	| 0	| 10	| 23	| 8	|: page requested: 2 :  miss
971:	| 6	| 7	| 12	| 16	| 2	| 10	| 23	| 8	|: page requested: 10 :  hit
972:	| 6	| 7	| 12	| 16	| 2	| 10	| 23	| 8	|: page requested: 7 :  hit
973:	| 6	| 7	| 12	| 16	| 2	| 10	| 23	| 8	|: page requested: 17 :  miss
974:	| 6	| 7	| 12	| 16	| 2	| 17	| 23	| 8	|: page requested: 30 :  miss
975:	| 6	| 7	| 12	| 16	| 2	| 17	| 30	| 8	|: page requested: 7 :  hit
976:	| 6	| 7	| 12	| 16	| 2	| 17	| 30	| 8	|: page requested: 1 :  miss
977:	| 6	| 7	| 12	| 16	| 2	| 17	| 30	| 1	|: page requested: 10 :  miss
978:	| 10	| 7	| 12	| 16	| 2	| 17	| 30	| 1	|: page requested: 19 :  miss
979:	| 10	| 19	| 12	| 16	| 2	| 17	| 30	| 1	|: page requested: 27 :  miss
980:	| 10	| 19	| 27	| 16	| 2	| 17	| 30	| 1	|: page requested: 23 :  miss
981:	| 10	| 19	| 27	| 23	| 2	| 17	| 30	| 1	|: page requested: 1 :  hit
982:	| 10	| 19	| 27	| 23	| 2	| 17	| 30	| 1	|: page requested: 1 :  hit
983:	| 10	| 19	| 27	| 23	| 2	| 17	| 30	| 1	|: page requested: 30 :  hit
984:	| 10	| 19	| 27	| 23	| 2	| 17	| 30	| 1	|: page requested: 2 :  hit
985:	| 10	| 19	| 27	| 23	| 2	| 17	| 30	| 1	|: page requested: 22 :  miss
986:	| 10	| 19	| 27	| 23	| 22	| 17	| 30	| 1	|: page requested: 26 :  miss
987:	| 10	| 19	| 27	| 23	| 22	| 26	| 30	| 1	|: page requested: 24 :  miss
988:	| 10	| 19	| 27	| 23	| 22	| 26	| 24	| 1	|: page requested: 25 :  miss
989:	| 10	| 19	| 27	| 23	| 22	| 26	| 24	| 25	|: page requested: 20 :  miss
990:	| 20	| 19	| 27	| 23	| 22	| 26	| 24	| 25	|: page requested: 13 :  miss
991:	| 20	| 13	| 27	| 23	| 22	| 26	| 24	| 25	|: page requested: 25 :  hit
992:	| 20	| 13	| 27	| 23	| 22	| 26	| 24	| 25	|: page requested: 30 :  miss
993:	| 20	| 13	| 30	| 23	| 22	| 26	| 24	| 25	|: page requested: 4 :  miss
994:	| 20	| 13	| 30	| 4	| 22	| 26	| 24	| 25	|: page requested: 1 :  miss
995:	| 20	| 13	| 30	| 4	| 1	| 26	| 24	| 25	|: page requested: 2 :  miss
996:	| 20	| 13	| 30	| 4	| 1	| 2	| 24	| 25	|: page requested: 11 :  miss
997:	| 20	| 13	| 30	| 4	| 1	| 2	| 11	| 25	|: page requested: 7 :  miss
998:	| 20	| 13	| 30	| 4	| 1	| 2	| 11	| 7	|: page requested: 9 :  miss
999:	| 9	| 13	| 30	| 4	| 1	| 2	| 11	| 7	|: page requested: 23 :  miss
Of the 1000 memory access requests, 739 were misses, making it a hit rate of 0.261000
