0:	| -1	| -1	| -1	| -1	| -1	| -1	| -1	| -1	|: page requested: 7 :  miss
1:	| 7	| -1	| -1	| -1	| -1	| -1	| -1	| -1	|: page requested: 21 :  miss
2:	| 21	| -1	| -1	| -1	| -1	| -1	| -1	| -1	|: page requested: 13 :  miss
3:	| 21	| 13	| -1	| -1	| -1	| -1	| -1	| -1	|: page requested: 27 :  miss
4:	| 21	| 13	| 27	| -1	| -1	| -1	| -1	| -1	|: page requested: 1 :  miss
5:	| 21	| 13	| 27	| 1	| -1	| -1	| -1	| -1	|: page requested: 13 :  hit
6:	| 21	| 13	| 27	| 1	| -1	| -1	| -1	| -1	|: page requested: 13 :  hit
7:	| 21	| 13	| 27	| 1	| -1	| -1	| -1	| -1	|: page requested: 1 :  hit
8:	| 21	| 13	| 27	| 1	| -1	| -1	| -1	| -1	|: page requested: 25 :  miss
9:	| 21	| 13	| 27	| 1	| 25	| -1	| -1	| -1	|: page requested: 1 :  hit
10:	| 21	| 13	| 27	| 1	| 25	| -1	| -1	| -1	|: page requested: 13 :  hit
11:	| 21	| 13	| 27	| 1	| 25	| -1	| -1	| -1	|: page requested: 25 :  hit
12:	| 21	| 13	| 27	| 1	| 25	| -1	| -1	| -1	|: page requested: 13 :  hit
13:	| 21	| 13	| 27	| 1	| 25	| -1	| -1	| -1	|: page requested: 12 :  miss
14:	| 21	| 13	| 27	| 1	| 25	| 12	| -1	| -1	|: page requested: 13 :  hit
15:	| 21	| 13	| 27	| 1	| 25	| 12	| -1	| -1	|: page requested: 13 :  hit
16:	| 21	| 13	| 27	| 1	| 25	| 12	| -1	| -1	|: page requested: 1 :  hit
17:	| 21	| 13	| 27	| 1	| 25	| 12	| -1	| -1	|: page requested: 13 :  hit
18:	| 21	| 13	| 27	| 1	| 25	| 12	| -1	| -1	|: page requested: 13 :  hit
19:	| 21	| 13	| 27	| 1	| 25	| 12	| -1	| -1	|: page requested: 1 :  hit
20:	| 21	| 13	| 27	| 1	| 25	| 12	| -1	| -1	|: page requested: 1 :  hit
21:	| 21	| 13	| 27	| 1	| 25	| 12	| -1	| -1	|: page requested: 1 :  hit
22:	| 21	| 13	| 27	| 1	| 25	| 12	| -1	| -1	|: page requested: 28 :  miss
23:	| 21	| 13	| 27	| 1	| 25	| 12	| 28	| -1	|: page requested: 1 :  hit
24:	| 21	| 13	| 27	| 1	| 25	| 12	| 28	| -1	|: page requested: 28 :  hit
25:	| 21	| 13	| 27	| 1	| 25	| 12	| 28	| -1	|: page requested: 1 :  hit
26:	| 21	| 13	| 27	| 1	| 25	| 12	| 28	| -1	|: page requested: 1 :  hit
27:	| 21	| 13	| 27	| 1	| 25	| 12	| 28	| -1	|: page requested: 1 :  hit
28:	| 21	| 13	| 27	| 1	| 25	| 12	| 28	| -1	|: page requested: 1 :  hit
29:	| 21	| 13	| 27	| 1	| 25	| 12	| 28	| -1	|: page requested: 1 :  hit
30:	| 21	| 13	| 27	| 1	| 25	| 12	| 28	| -1	|: page requested: 1 :  hit
31:	| 21	| 13	| 27	| 1	| 25	| 12	| 28	| -1	|: page requested: 1 :  hit
32:	| 21	| 13	| 27	| 1	| 25	| 12	| 28	| -1	|: page requested: 1 :  hit
33:	| 21	| 13	| 27	| 1	| 25	| 12	| 28	| -1	|: page requested: 1 :  hit
34:	| 21	| 13	| 27	| 1	| 25	| 12	| 28	| -1	|: page requested: 0 :  miss
35:	| 21	| 13	| 27	| 1	| 25	| 12	| 28	| 0	|: page requested: 0 :  hit
36:	| 21	| 13	| 27	| 1	| 25	| 12	| 28	| 0	|: page requested: 1 :  hit
37:	| 21	| 13	| 27	| 1	| 25	| 12	| 28	| 0	|: page requested: 1 :  hit
38:	| 21	| 13	| 27	| 1	| 25	| 12	| 28	| 0	|: page requested: 1 :  hit
39:	| 21	| 13	| 27	| 1	| 25	| 12	| 28	| 0	|: page requested: 1 :  hit
40:	| 21	| 13	| 27	| 1	| 25	| 12	| 28	| 0	|: page requested: 0 :  hit
41:	| 21	| 13	| 27	| 1	| 25	| 12	| 28	| 0	|: page requested: 1 :  hit
42:	| 21	| 13	| 27	| 1	| 25	| 12	| 28	| 0	|: page requested: 1 :  hit
43:	| 21	| 13	| 27	| 1	| 25	| 12	| 28	| 0	|: page requested: 1 :  hit
44:	| 21	| 13	| 27	| 1	| 25	| 12	| 28	| 0	|: page requested: 1 :  hit
45:	| 21	| 13	| 27	| 1	| 25	| 12	| 28	| 0	|: page requested: 1 :  hit
46:	| 21	| 13	| 27	| 1	| 25	| 12	| 28	| 0	|: page requested: 1 :  hit
47:	| 21	| 13	| 27	| 1	| 25	| 12	| 28	| 0	|: page requested: 1 :  hit
48:	| 21	| 13	| 27	| 1	| 25	| 12	| 28	| 0	|: page requested: 1 :  hit
49:	| 21	| 13	| 27	| 1	| 25	| 12	| 28	| 0	|: page requested: 1 :  hit
50:	| 21	| 13	| 27	| 1	| 25	| 12	| 28	| 0	|: page requested: 9 :  miss
51:	| 9	| 13	| 27	| 1	| 25	| 12	| 28	| 0	|: page requested: 1 :  hit
52:	| 9	| 13	| 27	| 1	| 25	| 12	| 28	| 0	|: page requested: 1 :  hit
53:	| 9	| 13	| 27	| 1	| 25	| 12	| 28	| 0	|: page requested: 27 :  hit
54:	| 9	| 13	| 27	| 1	| 25	| 12	| 28	| 0	|: page requested: 25 :  hit
55:	| 9	| 13	| 27	| 1	| 25	| 12	| 28	| 0	|: page requested: 27 :  hit
56:	| 9	| 13	| 27	| 1	| 25	| 12	| 28	| 0	|: page requested: 27 :  hit
57:	| 9	| 13	| 27	| 1	| 25	| 12	| 28	| 0	|: page requested: 19 :  miss
58:	| 9	| 13	| 27	| 1	| 25	| 19	| 28	| 0	|: page requested: 7 :  miss
59:	| 9	| 7	| 27	| 1	| 25	| 19	| 28	| 0	|: page requested: 27 :  hit
60:	| 9	| 7	| 27	| 1	| 25	| 19	| 28	| 0	|: page requested: 27 :  hit
61:	| 9	| 7	| 27	| 1	| 25	| 19	| 28	| 0	|: page requested: 17 :  miss
62:	| 9	| 7	| 27	| 1	| 25	| 19	| 17	| 0	|: page requested: 7 :  hit
63:	| 9	| 7	| 27	| 1	| 25	| 19	| 17	| 0	|: page requested: 27 :  hit
64:	| 9	| 7	| 27	| 1	| 25	| 19	| 17	| 0	|: page requested: 27 :  hit
65:	| 9	| 7	| 27	| 1	| 25	| 19	| 17	| 0	|: page requested: 27 :  hit
66:	| 9	| 7	| 27	| 1	| 25	| 19	| 17	| 0	|: page requested: 27 :  hit
67:	| 9	| 7	| 27	| 1	| 25	| 19	| 17	| 0	|: page requested: 27 :  hit
68:	| 9	| 7	| 27	| 1	| 25	| 19	| 17	| 0	|: page requested: 27 :  hit
69:	| 9	| 7	| 27	| 1	| 25	| 19	| 17	| 0	|: page requested: 27 :  hit
70:	| 9	| 7	| 27	| 1	| 25	| 19	| 17	| 0	|: page requested: 27 :  hit
71:	| 9	| 7	| 27	| 1	| 25	| 19	| 17	| 0	|: page requested: 27 :  hit
72:	| 9	| 7	| 27	| 1	| 25	| 19	| 17	| 0	|: page requested: 3 :  miss
73:	| 9	| 7	| 27	| 1	| 25	| 19	| 17	| 3	|: page requested: 27 :  hit
74:	| 9	| 7	| 27	| 1	| 25	| 19	| 17	| 3	|: page requested: 28 :  miss
75:	| 28	| 7	| 27	| 1	| 25	| 19	| 17	| 3	|: page requested: 26 :  miss
76:	| 28	| 7	| 27	| 26	| 25	| 19	| 17	| 3	|: page requested: 27 :  hit
77:	| 28	| 7	| 27	| 26	| 25	| 19	| 17	| 3	|: page requested: 28 :  hit
78:	| 28	| 7	| 27	| 26	| 25	| 19	| 17	| 3	|: page requested: 28 :  hit
79:	| 28	| 7	| 27	| 26	| 25	| 19	| 17	| 3	|: page requested: 8 :  miss
80:	| 28	| 7	| 27	| 26	| 8	| 19	| 17	| 3	|: page requested: 28 :  hit
81:	| 28	| 7	| 27	| 26	| 8	| 19	| 17	| 3	|: page requested: 10 :  miss
82:	| 28	| 7	| 27	| 26	| 8	| 10	| 17	| 3	|: page requested: 8 :  hit
83:	| 28	| 7	| 27	| 26	| 8	| 10	| 17	| 3	|: page requested: 28 :  hit
84:	| 28	| 7	| 27	| 26	| 8	| 10	| 17	| 3	|: page requested: 8 :  hit
85:	| 28	| 7	| 27	| 26	| 8	| 10	| 17	| 3	|: page requested: 16 :  miss
86:	| 28	| 7	| 27	| 26	| 8	| 10	| 16	| 3	|: page requested: 4 :  miss
87:	| 28	| 4	| 27	| 26	| 8	| 10	| 16	| 3	|: page requested: 16 :  hit
88:	| 28	| 4	| 27	| 26	| 8	| 10	| 16	| 3	|: page requested: 11 :  miss
89:	| 28	| 4	| 27	| 26	| 8	| 10	| 16	| 11	|: page requested: 16 :  hit
90:	| 28	| 4	| 27	| 26	| 8	| 10	| 16	| 11	|: page requested: 16 :  hit
91:	| 28	| 4	| 27	| 26	| 8	| 10	| 16	| 11	|: page requested: 11 :  hit
92:	| 28	| 4	| 27	| 26	| 8	| 10	| 16	| 11	|: page requested: 11 :  hit
93:	| 28	| 4	| 27	| 26	| 8	| 10	| 16	| 11	|: page requested: 11 :  hit
94:	| 28	| 4	| 27	| 26	| 8	| 10	| 16	| 11	|: page requested: 11 :  hit
95:	| 28	| 4	| 27	| 26	| 8	| 10	| 16	| 11	|: page requested: 11 :  hit
96:	| 28	| 4	| 27	| 26	| 8	| 10	| 16	| 11	|: page requested: 11 :  hit
97:	| 28	| 4	| 27	| 26	| 8	| 10	| 16	| 11	|: page requested: 11 :  hit
98:	| 28	| 4	| 27	| 26	| 8	| 10	| 16	| 11	|: page requested: 11 :  hit
99:	| 28	| 4	| 27	| 26	| 8	| 10	| 16	| 11	|: page requested: 11 :  hit
100:	| 28	| 4	| 27	| 26	| 8	| 10	| 16	| 11	|: page requested: 11 :  hit
101:	| 28	| 4	| 27	| 26	| 8	| 10	| 16	| 11	|: page requested: 11 :  hit
102:	| 28	| 4	| 27	| 26	| 8	| 10	| 16	| 11	|: page requested: 11 :  hit
103:	| 28	| 4	| 27	| 26	| 8	| 10	| 16	| 11	|: page requested: 1 :  miss
104:	| 28	| 4	| 27	| 1	| 8	| 10	| 16	| 11	|: page requested: 1 :  hit
105:	| 28	| 4	| 27	| 1	| 8	| 10	| 16	| 11	|: page requested: 11 :  hit
106:	| 28	| 4	| 27	| 1	| 8	| 10	| 16	| 11	|: page requested: 1 :  hit
107:	| 28	| 4	| 27	| 1	| 8	| 10	| 16	| 11	|: page requested: 11 :  hit
108:	| 28	| 4	| 27	| 1	| 8	| 10	| 16	| 11	|: page requested: 1 :  hit
109:	| 28	| 4	| 27	| 1	| 8	| 10	| 16	| 11	|: page requested: 11 :  hit
110:	| 28	| 4	| 27	| 1	| 8	| 10	| 16	| 11	|: page requested: 11 :  hit
111:	| 28	| 4	| 27	| 1	| 8	| 10	| 16	| 11	|: page requested: 1 :  hit
112:	| 28	| 4	| 27	| 1	| 8	| 10	| 16	| 11	|: page requested: 11 :  hit
113:	| 28	| 4	| 27	| 1	| 8	| 10	| 16	| 11	|: page requested: 1 :  hit
114:	| 28	| 4	| 27	| 1	| 8	| 10	| 16	| 11	|: page requested: 11 :  hit
115:	| 28	| 4	| 27	| 1	| 8	| 10	| 16	| 11	|: page requested: 1 :  hit
116:	| 28	| 4	| 27	| 1	| 8	| 10	| 16	| 11	|: page requested: 12 :  miss
117:	| 28	| 4	| 12	| 1	| 8	| 10	| 16	| 11	|: page requested: 11 :  hit
118:	| 28	| 4	| 12	| 1	| 8	| 10	| 16	| 11	|: page requested: 11 :  hit
119:	| 28	| 4	| 12	| 1	| 8	| 10	| 16	| 11	|: page requested: 12 :  hit
120:	| 28	| 4	| 12	| 1	| 8	| 10	| 16	| 11	|: page requested: 12 :  hit
121:	| 28	| 4	| 12	| 1	| 8	| 10	| 16	| 11	|: page requested: 11 :  hit
122:	| 28	| 4	| 12	| 1	| 8	| 10	| 16	| 11	|: page requested: 11 :  hit
123:	| 28	| 4	| 12	| 1	| 8	| 10	| 16	| 11	|: page requested: 11 :  hit
124:	| 28	| 4	| 12	| 1	| 8	| 10	| 16	| 11	|: page requested: 7 :  miss
125:	| 28	| 4	| 12	| 1	| 8	| 7	| 16	| 11	|: page requested: 12 :  hit
126:	| 28	| 4	| 12	| 1	| 8	| 7	| 16	| 11	|: page requested: 25 :  miss
127:	| 25	| 4	| 12	| 1	| 8	| 7	| 16	| 11	|: page requested: 11 :  hit
128:	| 25	| 4	| 12	| 1	| 8	| 7	| 16	| 11	|: page requested: 11 :  hit
129:	| 25	| 4	| 12	| 1	| 8	| 7	| 16	| 11	|: page requested: 25 :  hit
130:	| 25	| 4	| 12	| 1	| 8	| 7	| 16	| 11	|: page requested: 11 :  hit
131:	| 25	| 4	| 12	| 1	| 8	| 7	| 16	| 11	|: page requested: 25 :  hit
132:	| 25	| 4	| 12	| 1	| 8	| 7	| 16	| 11	|: page requested: 11 :  hit
133:	| 25	| 4	| 12	| 1	| 8	| 7	| 16	| 11	|: page requested: 25 :  hit
134:	| 25	| 4	| 12	| 1	| 8	| 7	| 16	| 11	|: page requested: 11 :  hit
135:	| 25	| 4	| 12	| 1	| 8	| 7	| 16	| 11	|: page requested: 25 :  hit
136:	| 25	| 4	| 12	| 1	| 8	| 7	| 16	| 11	|: page requested: 11 :  hit
137:	| 25	| 4	| 12	| 1	| 8	| 7	| 16	| 11	|: page requested: 28 :  miss
138:	| 25	| 4	| 12	| 1	| 28	| 7	| 16	| 11	|: page requested: 11 :  hit
139:	| 25	| 4	| 12	| 1	| 28	| 7	| 16	| 11	|: page requested: 22 :  miss
140:	| 25	| 22	| 12	| 1	| 28	| 7	| 16	| 11	|: page requested: 11 :  hit
141:	| 25	| 22	| 12	| 1	| 28	| 7	| 16	| 11	|: page requested: 22 :  hit
142:	| 25	| 22	| 12	| 1	| 28	| 7	| 16	| 11	|: page requested: 9 :  miss
143:	| 25	| 22	| 12	| 1	| 28	| 7	| 9	| 11	|: page requested: 9 :  hit
144:	| 25	| 22	| 12	| 1	| 28	| 7	| 9	| 11	|: page requested: 9 :  hit
145:	| 25	| 22	| 12	| 1	| 28	| 7	| 9	| 11	|: page requested: 9 :  hit
146:	| 25	| 22	| 12	| 1	| 28	| 7	| 9	| 11	|: page requested: 11 :  hit
147:	| 25	| 22	| 12	| 1	| 28	| 7	| 9	| 11	|: page requested: 9 :  hit
148:	| 25	| 22	| 12	| 1	| 28	| 7	| 9	| 11	|: page requested: 9 :  hit
149:	| 25	| 22	| 12	| 1	| 28	| 7	| 9	| 11	|: page requested: 9 :  hit
150:	| 25	| 22	| 12	| 1	| 28	| 7	| 9	| 11	|: page requested: 9 :  hit
151:	| 25	| 22	| 12	| 1	| 28	| 7	| 9	| 11	|: page requested: 25 :  hit
152:	| 25	| 22	| 12	| 1	| 28	| 7	| 9	| 11	|: page requested: 9 :  hit
153:	| 25	| 22	| 12	| 1	| 28	| 7	| 9	| 11	|: page requested: 9 :  hit
154:	| 25	| 22	| 12	| 1	| 28	| 7	| 9	| 11	|: page requested: 25 :  hit
155:	| 25	| 22	| 12	| 1	| 28	| 7	| 9	| 11	|: page requested: 25 :  hit
156:	| 25	| 22	| 12	| 1	| 28	| 7	| 9	| 11	|: page requested: 29 :  miss
157:	| 25	| 22	| 12	| 29	| 28	| 7	| 9	| 11	|: page requested: 29 :  hit
158:	| 25	| 22	| 12	| 29	| 28	| 7	| 9	| 11	|: page requested: 25 :  hit
159:	| 25	| 22	| 12	| 29	| 28	| 7	| 9	| 11	|: page requested: 25 :  hit
160:	| 25	| 22	| 12	| 29	| 28	| 7	| 9	| 11	|: page requested: 25 :  hit
161:	| 25	| 22	| 12	| 29	| 28	| 7	| 9	| 11	|: page requested: 21 :  miss
162:	| 25	| 22	| 12	| 29	| 28	| 21	| 9	| 11	|: page requested: 23 :  miss
163:	| 25	| 22	| 23	| 29	| 28	| 21	| 9	| 11	|: page requested: 25 :  hit
164:	| 25	| 22	| 23	| 29	| 28	| 21	| 9	| 11	|: page requested: 17 :  miss
165:	| 25	| 22	| 23	| 29	| 17	| 21	| 9	| 11	|: page requested: 25 :  hit
166:	| 25	| 22	| 23	| 29	| 17	| 21	| 9	| 11	|: page requested: 23 :  hit
167:	| 25	| 22	| 23	| 29	| 17	| 21	| 9	| 11	|: page requested: 17 :  hit
168:	| 25	| 22	| 23	| 29	| 17	| 21	| 9	| 11	|: page requested: 25 :  hit
169:	| 25	| 22	| 23	| 29	| 17	| 21	| 9	| 11	|: page requested: 26 :  miss
170:	| 25	| 26	| 23	| 29	| 17	| 21	| 9	| 11	|: page requested: 25 :  hit
171:	| 25	| 26	| 23	| 29	| 17	| 21	| 9	| 11	|: page requested: 25 :  hit
172:	| 25	| 26	| 23	| 29	| 17	| 21	| 9	| 11	|: page requested: 25 :  hit
173:	| 25	| 26	| 23	| 29	| 17	| 21	| 9	| 11	|: page requested: 26 :  hit
174:	| 25	| 26	| 23	| 29	| 17	| 21	| 9	| 11	|: page requested: 25 :  hit
175:	| 25	| 26	| 23	| 29	| 17	| 21	| 9	| 11	|: page requested: 31 :  miss
176:	| 25	| 26	| 23	| 29	| 17	| 21	| 9	| 31	|: page requested: 24 :  miss
177:	| 25	| 26	| 23	| 29	| 17	| 21	| 24	| 31	|: page requested: 26 :  hit
178:	| 25	| 26	| 23	| 29	| 17	| 21	| 24	| 31	|: page requested: 25 :  hit
179:	| 25	| 26	| 23	| 29	| 17	| 21	| 24	| 31	|: page requested: 13 :  miss
180:	| 25	| 26	| 23	| 13	| 17	| 21	| 24	| 31	|: page requested: 25 :  hit
181:	| 25	| 26	| 23	| 13	| 17	| 21	| 24	| 31	|: page requested: 15 :  miss
182:	| 25	| 26	| 23	| 13	| 17	| 15	| 24	| 31	|: page requested: 13 :  hit
183:	| 25	| 26	| 23	| 13	| 17	| 15	| 24	| 31	|: page requested: 28 :  miss
184:	| 25	| 26	| 28	| 13	| 17	| 15	| 24	| 31	|: page requested: 25 :  hit
185:	| 25	| 26	| 28	| 13	| 17	| 15	| 24	| 31	|: page requested: 15 :  hit
186:	| 25	| 26	| 28	| 13	| 17	| 15	| 24	| 31	|: page requested: 15 :  hit
187:	| 25	| 26	| 28	| 13	| 17	| 15	| 24	| 31	|: page requested: 28 :  hit
188:	| 25	| 26	| 28	| 13	| 17	| 15	| 24	| 31	|: page requested: 31 :  hit
189:	| 25	| 26	| 28	| 13	| 17	| 15	| 24	| 31	|: page requested: 22 :  miss
190:	| 25	| 26	| 28	| 13	| 22	| 15	| 24	| 31	|: page requested: 15 :  hit
191:	| 25	| 26	| 28	| 13	| 22	| 15	| 24	| 31	|: page requested: 15 :  hit
192:	| 25	| 26	| 28	| 13	| 22	| 15	| 24	| 31	|: page requested: 28 :  hit
193:	| 25	| 26	| 28	| 13	| 22	| 15	| 24	| 31	|: page requested: 22 :  hit
194:	| 25	| 26	| 28	| 13	| 22	| 15	| 24	| 31	|: page requested: 10 :  miss
195:	| 25	| 26	| 28	| 13	| 22	| 15	| 10	| 31	|: page requested: 10 :  hit
196:	| 25	| 26	| 28	| 13	| 22	| 15	| 10	| 31	|: page requested: 10 :  hit
197:	| 25	| 26	| 28	| 13	| 22	| 15	| 10	| 31	|: page requested: 10 :  hit
198:	| 25	| 26	| 28	| 13	| 22	| 15	| 10	| 31	|: page requested: 10 :  hit
199:	| 25	| 26	| 28	| 13	| 22	| 15	| 10	| 31	|: page requested: 10 :  hit
200:	| 25	| 26	| 28	| 13	| 22	| 15	| 10	| 31	|: page requested: 10 :  hit
201:	| 25	| 26	| 28	| 13	| 22	| 15	| 10	| 31	|: page requested: 0 :  miss
202:	| 25	| 0	| 28	| 13	| 22	| 15	| 10	| 31	|: page requested: 10 :  hit
203:	| 25	| 0	| 28	| 13	| 22	| 15	| 10	| 31	|: page requested: 10 :  hit
204:	| 25	| 0	| 28	| 13	| 22	| 15	| 10	| 31	|: page requested: 10 :  hit
205:	| 25	| 0	| 28	| 13	| 22	| 15	| 10	| 31	|: page requested: 0 :  hit
206:	| 25	| 0	| 28	| 13	| 22	| 15	| 10	| 31	|: page requested: 10 :  hit
207:	| 25	| 0	| 28	| 13	| 22	| 15	| 10	| 31	|: page requested: 10 :  hit
208:	| 25	| 0	| 28	| 13	| 22	| 15	| 10	| 31	|: page requested: 10 :  hit
209:	| 25	| 0	| 28	| 13	| 22	| 15	| 10	| 31	|: page requested: 10 :  hit
210:	| 25	| 0	| 28	| 13	| 22	| 15	| 10	| 31	|: page requested: 10 :  hit
211:	| 25	| 0	| 28	| 13	| 22	| 15	| 10	| 31	|: page requested: 10 :  hit
212:	| 25	| 0	| 28	| 13	| 22	| 15	| 10	| 31	|: page requested: 10 :  hit
213:	| 25	| 0	| 28	| 13	| 22	| 15	| 10	| 31	|: page requested: 10 :  hit
214:	| 25	| 0	| 28	| 13	| 22	| 15	| 10	| 31	|: page requested: 10 :  hit
215:	| 25	| 0	| 28	| 13	| 22	| 15	| 10	| 31	|: page requested: 10 :  hit
216:	| 25	| 0	| 28	| 13	| 22	| 15	| 10	| 31	|: page requested: 10 :  hit
217:	| 25	| 0	| 28	| 13	| 22	| 15	| 10	| 31	|: page requested: 10 :  hit
218:	| 25	| 0	| 28	| 13	| 22	| 15	| 10	| 31	|: page requested: 10 :  hit
219:	| 25	| 0	| 28	| 13	| 22	| 15	| 10	| 31	|: page requested: 10 :  hit
220:	| 25	| 0	| 28	| 13	| 22	| 15	| 10	| 31	|: page requested: 9 :  miss
221:	| 25	| 0	| 28	| 9	| 22	| 15	| 10	| 31	|: page requested: 10 :  hit
222:	| 25	| 0	| 28	| 9	| 22	| 15	| 10	| 31	|: page requested: 9 :  hit
223:	| 25	| 0	| 28	| 9	| 22	| 15	| 10	| 31	|: page requested: 9 :  hit
224:	| 25	| 0	| 28	| 9	| 22	| 15	| 10	| 31	|: page requested: 10 :  hit
225:	| 25	| 0	| 28	| 9	| 22	| 15	| 10	| 31	|: page requested: 10 :  hit
226:	| 25	| 0	| 28	| 9	| 22	| 15	| 10	| 31	|: page requested: 10 :  hit
227:	| 25	| 0	| 28	| 9	| 22	| 15	| 10	| 31	|: page requested: 10 :  hit
228:	| 25	| 0	| 28	| 9	| 22	| 15	| 10	| 31	|: page requested: 29 :  miss
229:	| 29	| 0	| 28	| 9	| 22	| 15	| 10	| 31	|: page requested: 10 :  hit
230:	| 29	| 0	| 28	| 9	| 22	| 15	| 10	| 31	|: page requested: 29 :  hit
231:	| 29	| 0	| 28	| 9	| 22	| 15	| 10	| 31	|: page requested: 10 :  hit
232:	| 29	| 0	| 28	| 9	| 22	| 15	| 10	| 31	|: page requested: 10 :  hit
233:	| 29	| 0	| 28	| 9	| 22	| 15	| 10	| 31	|: page requested: 10 :  hit
234:	| 29	| 0	| 28	| 9	| 22	| 15	| 10	| 31	|: page requested: 29 :  hit
235:	| 29	| 0	| 28	| 9	| 22	| 15	| 10	| 31	|: page requested: 25 :  miss
236:	| 29	| 0	| 28	| 9	| 22	| 15	| 10	| 25	|: page requested: 23 :  miss
237:	| 29	| 0	| 28	| 9	| 22	| 23	| 10	| 25	|: page requested: 6 :  miss
238:	| 29	| 0	| 6	| 9	| 22	| 23	| 10	| 25	|: page requested: 6 :  hit
239:	| 29	| 0	| 6	| 9	| 22	| 23	| 10	| 25	|: page requested: 29 :  hit
240:	| 29	| 0	| 6	| 9	| 22	| 23	| 10	| 25	|: page requested: 0 :  hit
241:	| 29	| 0	| 6	| 9	| 22	| 23	| 10	| 25	|: page requested: 17 :  miss
242:	| 29	| 0	| 6	| 9	| 17	| 23	| 10	| 25	|: page requested: 0 :  hit
243:	| 29	| 0	| 6	| 9	| 17	| 23	| 10	| 25	|: page requested: 17 :  hit
244:	| 29	| 0	| 6	| 9	| 17	| 23	| 10	| 25	|: page requested: 17 :  hit
245:	| 29	| 0	| 6	| 9	| 17	| 23	| 10	| 25	|: page requested: 0 :  hit
246:	| 29	| 0	| 6	| 9	| 17	| 23	| 10	| 25	|: page requested: 24 :  miss
247:	| 29	| 0	| 6	| 24	| 17	| 23	| 10	| 25	|: page requested: 17 :  hit
248:	| 29	| 0	| 6	| 24	| 17	| 23	| 10	| 25	|: page requested: 17 :  hit
249:	| 29	| 0	| 6	| 24	| 17	| 23	| 10	| 25	|: page requested: 24 :  hit
250:	| 29	| 0	| 6	| 24	| 17	| 23	| 10	| 25	|: page requested: 24 :  hit
251:	| 29	| 0	| 6	| 24	| 17	| 23	| 10	| 25	|: page requested: 10 :  hit
252:	| 29	| 0	| 6	| 24	| 17	| 23	| 10	| 25	|: page requested: 16 :  miss
253:	| 29	| 0	| 6	| 24	| 17	| 23	| 10	| 16	|: page requested: 24 :  hit
254:	| 29	| 0	| 6	| 24	| 17	| 23	| 10	| 16	|: page requested: 24 :  hit
255:	| 29	| 0	| 6	| 24	| 17	| 23	| 10	| 16	|: page requested: 24 :  hit
256:	| 29	| 0	| 6	| 24	| 17	| 23	| 10	| 16	|: page requested: 24 :  hit
257:	| 29	| 0	| 6	| 24	| 17	| 23	| 10	| 16	|: page requested: 24 :  hit
258:	| 29	| 0	| 6	| 24	| 17	| 23	| 10	| 16	|: page requested: 24 :  hit
259:	| 29	| 0	| 6	| 24	| 17	| 23	| 10	| 16	|: page requested: 22 :  miss
260:	| 29	| 0	| 6	| 24	| 17	| 22	| 10	| 16	|: page requested: 24 :  hit
261:	| 29	| 0	| 6	| 24	| 17	| 22	| 10	| 16	|: page requested: 10 :  hit
262:	| 29	| 0	| 6	| 24	| 17	| 22	| 10	| 16	|: page requested: 22 :  hit
263:	| 29	| 0	| 6	| 24	| 17	| 22	| 10	| 16	|: page requested: 10 :  hit
264:	| 29	| 0	| 6	| 24	| 17	| 22	| 10	| 16	|: page requested: 10 :  hit
265:	| 29	| 0	| 6	| 24	| 17	| 22	| 10	| 16	|: page requested: 24 :  hit
266:	| 29	| 0	| 6	| 24	| 17	| 22	| 10	| 16	|: page requested: 10 :  hit
267:	| 29	| 0	| 6	| 24	| 17	| 22	| 10	| 16	|: page requested: 10 :  hit
268:	| 29	| 0	| 6	| 24	| 17	| 22	| 10	| 16	|: page requested: 2 :  miss
269:	| 29	| 0	| 2	| 24	| 17	| 22	| 10	| 16	|: page requested: 16 :  hit
270:	| 29	| 0	| 2	| 24	| 17	| 22	| 10	| 16	|: page requested: 24 :  hit
271:	| 29	| 0	| 2	| 24	| 17	| 22	| 10	| 16	|: page requested: 10 :  hit
272:	| 29	| 0	| 2	| 24	| 17	| 22	| 10	| 16	|: page requested: 10 :  hit
273:	| 29	| 0	| 2	| 24	| 17	| 22	| 10	| 16	|: page requested: 10 :  hit
274:	| 29	| 0	| 2	| 24	| 17	| 22	| 10	| 16	|: page requested: 10 :  hit
275:	| 29	| 0	| 2	| 24	| 17	| 22	| 10	| 16	|: page requested: 10 :  hit
276:	| 29	| 0	| 2	| 24	| 17	| 22	| 10	| 16	|: page requested: 10 :  hit
277:	| 29	| 0	| 2	| 24	| 17	| 22	| 10	| 16	|: page requested: 10 :  hit
278:	| 29	| 0	| 2	| 24	| 17	| 22	| 10	| 16	|: page requested: 10 :  hit
279:	| 29	| 0	| 2	| 24	| 17	| 22	| 10	| 16	|: page requested: 30 :  miss
280:	| 30	| 0	| 2	| 24	| 17	| 22	| 10	| 16	|: page requested: 9 :  miss
281:	| 30	| 9	| 2	| 24	| 17	| 22	| 10	| 16	|: page requested: 30 :  hit
282:	| 30	| 9	| 2	| 24	| 17	| 22	| 10	| 16	|: page requested: 10 :  hit
283:	| 30	| 9	| 2	| 24	| 17	| 22	| 10	| 16	|: page requested: 10 :  hit
284:	| 30	| 9	| 2	| 24	| 17	| 22	| 10	| 16	|: page requested: 10 :  hit
285:	| 30	| 9	| 2	| 24	| 17	| 22	| 10	| 16	|: page requested: 9 :  hit
286:	| 30	| 9	| 2	| 24	| 17	| 22	| 10	| 16	|: page requested: 10 :  hit
287:	| 30	| 9	| 2	| 24	| 17	| 22	| 10	| 16	|: page requested: 14 :  miss
288:	| 30	| 9	| 2	| 24	| 14	| 22	| 10	| 16	|: page requested: 10 :  hit
289:	| 30	| 9	| 2	| 24	| 14	| 22	| 10	| 16	|: page requested: 9 :  hit
290:	| 30	| 9	| 2	| 24	| 14	| 22	| 10	| 16	|: page requested: 17 :  miss
291:	| 30	| 9	| 2	| 24	| 14	| 17	| 10	| 16	|: page requested: 10 :  hit
292:	| 30	| 9	| 2	| 24	| 14	| 17	| 10	| 16	|: page requested: 20 :  miss
293:	| 30	| 9	| 20	| 24	| 14	| 17	| 10	| 16	|: page requested: 10 :  hit
294:	| 30	| 9	| 20	| 24	| 14	| 17	| 10	| 16	|: page requested: 9 :  hit
295:	| 30	| 9	| 20	| 24	| 14	| 17	| 10	| 16	|: page requested: 3 :  miss
296:	| 30	| 9	| 20	| 24	| 14	| 17	| 10	| 3	|: page requested: 3 :  hit
297:	| 30	| 9	| 20	| 24	| 14	| 17	| 10	| 3	|: page requested: 9 :  hit
298:	| 30	| 9	| 20	| 24	| 14	| 17	| 10	| 3	|: page requested: 3 :  hit
299:	| 30	| 9	| 20	| 24	| 14	| 17	| 10	| 3	|: page requested: 9 :  hit
300:	| 30	| 9	| 20	| 24	| 14	| 17	| 10	| 3	|: page requested: 9 :  hit
301:	| 30	| 9	| 20	| 24	| 14	| 17	| 10	| 3	|: page requested: 9 :  hit
302:	| 30	| 9	| 20	| 24	| 14	| 17	| 10	| 3	|: page requested: 3 :  hit
303:	| 30	| 9	| 20	| 24	| 14	| 17	| 10	| 3	|: page requested: 9 :  hit
304:	| 30	| 9	| 20	| 24	| 14	| 17	| 10	| 3	|: page requested: 3 :  hit
305:	| 30	| 9	| 20	| 24	| 14	| 17	| 10	| 3	|: page requested: 3 :  hit
306:	| 30	| 9	| 20	| 24	| 14	| 17	| 10	| 3	|: page requested: 3 :  hit
307:	| 30	| 9	| 20	| 24	| 14	| 17	| 10	| 3	|: page requested: 3 :  hit
308:	| 30	| 9	| 20	| 24	| 14	| 17	| 10	| 3	|: page requested: 9 :  hit
309:	| 30	| 9	| 20	| 24	| 14	| 17	| 10	| 3	|: page requested: 9 :  hit
310:	| 30	| 9	| 20	| 24	| 14	| 17	| 10	| 3	|: page requested: 3 :  hit
311:	| 30	| 9	| 20	| 24	| 14	| 17	| 10	| 3	|: page requested: 3 :  hit
312:	| 30	| 9	| 20	| 24	| 14	| 17	| 10	| 3	|: page requested: 3 :  hit
313:	| 30	| 9	| 20	| 24	| 14	| 17	| 10	| 3	|: page requested: 22 :  miss
314:	| 30	| 9	| 20	| 22	| 14	| 17	| 10	| 3	|: page requested: 3 :  hit
315:	| 30	| 9	| 20	| 22	| 14	| 17	| 10	| 3	|: page requested: 22 :  hit
316:	| 30	| 9	| 20	| 22	| 14	| 17	| 10	| 3	|: page requested: 22 :  hit
317:	| 30	| 9	| 20	| 22	| 14	| 17	| 10	| 3	|: page requested: 22 :  hit
318:	| 30	| 9	| 20	| 22	| 14	| 17	| 10	| 3	|: page requested: 15 :  miss
319:	| 15	| 9	| 20	| 22	| 14	| 17	| 10	| 3	|: page requested: 3 :  hit
320:	| 15	| 9	| 20	| 22	| 14	| 17	| 10	| 3	|: page requested: 22 :  hit
321:	| 15	| 9	| 20	| 22	| 14	| 17	| 10	| 3	|: page requested: 22 :  hit
322:	| 15	| 9	| 20	| 22	| 14	| 17	| 10	| 3	|: page requested: 22 :  hit
323:	| 15	| 9	| 20	| 22	| 14	| 17	| 10	| 3	|: page requested: 22 :  hit
324:	| 15	| 9	| 20	| 22	| 14	| 17	| 10	| 3	|: page requested: 22 :  hit
325:	| 15	| 9	| 20	| 22	| 14	| 17	| 10	| 3	|: page requested: 22 :  hit
326:	| 15	| 9	| 20	| 22	| 14	| 17	| 10	| 3	|: page requested: 22 :  hit
327:	| 15	| 9	| 20	| 22	| 14	| 17	| 10	| 3	|: page requested: 22 :  hit
328:	| 15	| 9	| 20	| 22	| 14	| 17	| 10	| 3	|: page requested: 22 :  hit
329:	| 15	| 9	| 20	| 22	| 14	| 17	| 10	| 3	|: page requested: 30 :  miss
330:	| 15	| 9	| 20	| 22	| 30	| 17	| 10	| 3	|: page requested: 22 :  hit
331:	| 15	| 9	| 20	| 22	| 30	| 17	| 10	| 3	|: page requested: 22 :  hit
332:	| 15	| 9	| 20	| 22	| 30	| 17	| 10	| 3	|: page requested: 30 :  hit
333:	| 15	| 9	| 20	| 22	| 30	| 17	| 10	| 3	|: page requested: 22 :  hit
334:	| 15	| 9	| 20	| 22	| 30	| 17	| 10	| 3	|: page requested: 6 :  miss
335:	| 15	| 9	| 20	| 22	| 30	| 6	| 10	| 3	|: page requested: 22 :  hit
336:	| 15	| 9	| 20	| 22	| 30	| 6	| 10	| 3	|: page requested: 22 :  hit
337:	| 15	| 9	| 20	| 22	| 30	| 6	| 10	| 3	|: page requested: 30 :  hit
338:	| 15	| 9	| 20	| 22	| 30	| 6	| 10	| 3	|: page requested: 30 :  hit
339:	| 15	| 9	| 20	| 22	| 30	| 6	| 10	| 3	|: page requested: 22 :  hit
340:	| 15	| 9	| 20	| 22	| 30	| 6	| 10	| 3	|: page requested: 6 :  hit
341:	| 15	| 9	| 20	| 22	| 30	| 6	| 10	| 3	|: page requested: 30 :  hit
342:	| 15	| 9	| 20	| 22	| 30	| 6	| 10	| 3	|: page requested: 6 :  hit
343:	| 15	| 9	| 20	| 22	| 30	| 6	| 10	| 3	|: page requested: 6 :  hit
344:	| 15	| 9	| 20	| 22	| 30	| 6	| 10	| 3	|: page requested: 6 :  hit
345:	| 15	| 9	| 20	| 22	| 30	| 6	| 10	| 3	|: page requested: 6 :  hit
346:	| 15	| 9	| 20	| 22	| 30	| 6	| 10	| 3	|: page requested: 30 :  hit
347:	| 15	| 9	| 20	| 22	| 30	| 6	| 10	| 3	|: page requested: 6 :  hit
348:	| 15	| 9	| 20	| 22	| 30	| 6	| 10	| 3	|: page requested: 6 :  hit
349:	| 15	| 9	| 20	| 22	| 30	| 6	| 10	| 3	|: page requested: 6 :  hit
350:	| 15	| 9	| 20	| 22	| 30	| 6	| 10	| 3	|: page requested: 6 :  hit
351:	| 15	| 9	| 20	| 22	| 30	| 6	| 10	| 3	|: page requested: 6 :  hit
352:	| 15	| 9	| 20	| 22	| 30	| 6	| 10	| 3	|: page requested: 6 :  hit
353:	| 15	| 9	| 20	| 22	| 30	| 6	| 10	| 3	|: page requested: 20 :  hit
354:	| 15	| 9	| 20	| 22	| 30	| 6	| 10	| 3	|: page requested: 6 :  hit
355:	| 15	| 9	| 20	| 22	| 30	| 6	| 10	| 3	|: page requested: 6 :  hit
356:	| 15	| 9	| 20	| 22	| 30	| 6	| 10	| 3	|: page requested: 6 :  hit
357:	| 15	| 9	| 20	| 22	| 30	| 6	| 10	| 3	|: page requested: 20 :  hit
358:	| 15	| 9	| 20	| 22	| 30	| 6	| 10	| 3	|: page requested: 6 :  hit
359:	| 15	| 9	| 20	| 22	| 30	| 6	| 10	| 3	|: page requested: 24 :  miss
360:	| 15	| 9	| 20	| 22	| 30	| 6	| 24	| 3	|: page requested: 6 :  hit
361:	| 15	| 9	| 20	| 22	| 30	| 6	| 24	| 3	|: page requested: 1 :  miss
362:	| 15	| 1	| 20	| 22	| 30	| 6	| 24	| 3	|: page requested: 20 :  hit
363:	| 15	| 1	| 20	| 22	| 30	| 6	| 24	| 3	|: page requested: 10 :  miss
364:	| 10	| 1	| 20	| 22	| 30	| 6	| 24	| 3	|: page requested: 6 :  hit
365:	| 10	| 1	| 20	| 22	| 30	| 6	| 24	| 3	|: page requested: 10 :  hit
366:	| 10	| 1	| 20	| 22	| 30	| 6	| 24	| 3	|: page requested: 8 :  miss
367:	| 10	| 1	| 20	| 22	| 30	| 6	| 24	| 8	|: page requested: 10 :  hit
368:	| 10	| 1	| 20	| 22	| 30	| 6	| 24	| 8	|: page requested: 10 :  hit
369:	| 10	| 1	| 20	| 22	| 30	| 6	| 24	| 8	|: page requested: 10 :  hit
370:	| 10	| 1	| 20	| 22	| 30	| 6	| 24	| 8	|: page requested: 10 :  hit
371:	| 10	| 1	| 20	| 22	| 30	| 6	| 24	| 8	|: page requested: 10 :  hit
372:	| 10	| 1	| 20	| 22	| 30	| 6	| 24	| 8	|: page requested: 9 :  miss
373:	| 10	| 1	| 20	| 9	| 30	| 6	| 24	| 8	|: page requested: 9 :  hit
374:	| 10	| 1	| 20	| 9	| 30	| 6	| 24	| 8	|: page requested: 10 :  hit
375:	| 10	| 1	| 20	| 9	| 30	| 6	| 24	| 8	|: page requested: 10 :  hit
376:	| 10	| 1	| 20	| 9	| 30	| 6	| 24	| 8	|: page requested: 9 :  hit
377:	| 10	| 1	| 20	| 9	| 30	| 6	| 24	| 8	|: page requested: 9 :  hit
378:	| 10	| 1	| 20	| 9	| 30	| 6	| 24	| 8	|: page requested: 9 :  hit
379:	| 10	| 1	| 20	| 9	| 30	| 6	| 24	| 8	|: page requested: 9 :  hit
380:	| 10	| 1	| 20	| 9	| 30	| 6	| 24	| 8	|: page requested: 9 :  hit
381:	| 10	| 1	| 20	| 9	| 30	| 6	| 24	| 8	|: page requested: 12 :  miss
382:	| 10	| 1	| 20	| 9	| 12	| 6	| 24	| 8	|: page requested: 22 :  miss
383:	| 10	| 1	| 20	| 9	| 12	| 6	| 22	| 8	|: page requested: 22 :  hit
384:	| 10	| 1	| 20	| 9	| 12	| 6	| 22	| 8	|: page requested: 12 :  hit
385:	| 10	| 1	| 20	| 9	| 12	| 6	| 22	| 8	|: page requested: 9 :  hit
386:	| 10	| 1	| 20	| 9	| 12	| 6	| 22	| 8	|: page requested: 12 :  hit
387:	| 10	| 1	| 20	| 9	| 12	| 6	| 22	| 8	|: page requested: 22 :  hit
388:	| 10	| 1	| 20	| 9	| 12	| 6	| 22	| 8	|: page requested: 12 :  hit
389:	| 10	| 1	| 20	| 9	| 12	| 6	| 22	| 8	|: page requested: 12 :  hit
390:	| 10	| 1	| 20	| 9	| 12	| 6	| 22	| 8	|: page requested: 12 :  hit
391:	| 10	| 1	| 20	| 9	| 12	| 6	| 22	| 8	|: page requested: 12 :  hit
392:	| 10	| 1	| 20	| 9	| 12	| 6	| 22	| 8	|: page requested: 22 :  hit
393:	| 10	| 1	| 20	| 9	| 12	| 6	| 22	| 8	|: page requested: 22 :  hit
394:	| 10	| 1	| 20	| 9	| 12	| 6	| 22	| 8	|: page requested: 12 :  hit
395:	| 10	| 1	| 20	| 9	| 12	| 6	| 22	| 8	|: page requested: 12 :  hit
396:	| 10	| 1	| 20	| 9	| 12	| 6	| 22	| 8	|: page requested: 12 :  hit
397:	| 10	| 1	| 20	| 9	| 12	| 6	| 22	| 8	|: page requested: 12 :  hit
398:	| 10	| 1	| 20	| 9	| 12	| 6	| 22	| 8	|: page requested: 12 :  hit
399:	| 10	| 1	| 20	| 9	| 12	| 6	| 22	| 8	|: page requested: 0 :  miss
400:	| 10	| 0	| 20	| 9	| 12	| 6	| 22	| 8	|: page requested: 30 :  miss
401:	| 10	| 0	| 30	| 9	| 12	| 6	| 22	| 8	|: page requested: 0 :  hit
402:	| 10	| 0	| 30	| 9	| 12	| 6	| 22	| 8	|: page requested: 0 :  hit
403:	| 10	| 0	| 30	| 9	| 12	| 6	| 22	| 8	|: page requested: 0 :  hit
404:	| 10	| 0	| 30	| 9	| 12	| 6	| 22	| 8	|: page requested: 16 :  miss
405:	| 10	| 0	| 30	| 9	| 12	| 16	| 22	| 8	|: page requested: 16 :  hit
406:	| 10	| 0	| 30	| 9	| 12	| 16	| 22	| 8	|: page requested: 0 :  hit
407:	| 10	| 0	| 30	| 9	| 12	| 16	| 22	| 8	|: page requested: 16 :  hit
408:	| 10	| 0	| 30	| 9	| 12	| 16	| 22	| 8	|: page requested: 29 :  miss
409:	| 10	| 0	| 30	| 9	| 12	| 16	| 22	| 29	|: page requested: 16 :  hit
410:	| 10	| 0	| 30	| 9	| 12	| 16	| 22	| 29	|: page requested: 16 :  hit
411:	| 10	| 0	| 30	| 9	| 12	| 16	| 22	| 29	|: page requested: 0 :  hit
412:	| 10	| 0	| 30	| 9	| 12	| 16	| 22	| 29	|: page requested: 0 :  hit
413:	| 10	| 0	| 30	| 9	| 12	| 16	| 22	| 29	|: page requested: 16 :  hit
414:	| 10	| 0	| 30	| 9	| 12	| 16	| 22	| 29	|: page requested: 16 :  hit
415:	| 10	| 0	| 30	| 9	| 12	| 16	| 22	| 29	|: page requested: 16 :  hit
416:	| 10	| 0	| 30	| 9	| 12	| 16	| 22	| 29	|: page requested: 0 :  hit
417:	| 10	| 0	| 30	| 9	| 12	| 16	| 22	| 29	|: page requested: 16 :  hit
418:	| 10	| 0	| 30	| 9	| 12	| 16	| 22	| 29	|: page requested: 14 :  miss
419:	| 14	| 0	| 30	| 9	| 12	| 16	| 22	| 29	|: page requested: 14 :  hit
420:	| 14	| 0	| 30	| 9	| 12	| 16	| 22	| 29	|: page requested: 14 :  hit
421:	| 14	| 0	| 30	| 9	| 12	| 16	| 22	| 29	|: page requested: 0 :  hit
422:	| 14	| 0	| 30	| 9	| 12	| 16	| 22	| 29	|: page requested: 14 :  hit
423:	| 14	| 0	| 30	| 9	| 12	| 16	| 22	| 29	|: page requested: 14 :  hit
424:	| 14	| 0	| 30	| 9	| 12	| 16	| 22	| 29	|: page requested: 14 :  hit
425:	| 14	| 0	| 30	| 9	| 12	| 16	| 22	| 29	|: page requested: 0 :  hit
426:	| 14	| 0	| 30	| 9	| 12	| 16	| 22	| 29	|: page requested: 0 :  hit
427:	| 14	| 0	| 30	| 9	| 12	| 16	| 22	| 29	|: page requested: 0 :  hit
428:	| 14	| 0	| 30	| 9	| 12	| 16	| 22	| 29	|: page requested: 0 :  hit
429:	| 14	| 0	| 30	| 9	| 12	| 16	| 22	| 29	|: page requested: 14 :  hit
430:	| 14	| 0	| 30	| 9	| 12	| 16	| 22	| 29	|: page requested: 0 :  hit
431:	| 14	| 0	| 30	| 9	| 12	| 16	| 22	| 29	|: page requested: 29 :  hit
432:	| 14	| 0	| 30	| 9	| 12	| 16	| 22	| 29	|: page requested: 30 :  hit
433:	| 14	| 0	| 30	| 9	| 12	| 16	| 22	| 29	|: page requested: 0 :  hit
434:	| 14	| 0	| 30	| 9	| 12	| 16	| 22	| 29	|: page requested: 29 :  hit
435:	| 14	| 0	| 30	| 9	| 12	| 16	| 22	| 29	|: page requested: 29 :  hit
436:	| 14	| 0	| 30	| 9	| 12	| 16	| 22	| 29	|: page requested: 29 :  hit
437:	| 14	| 0	| 30	| 9	| 12	| 16	| 22	| 29	|: page requested: 29 :  hit
438:	| 14	| 0	| 30	| 9	| 12	| 16	| 22	| 29	|: page requested: 29 :  hit
439:	| 14	| 0	| 30	| 9	| 12	| 16	| 22	| 29	|: page requested: 2 :  miss
440:	| 14	| 0	| 30	| 2	| 12	| 16	| 22	| 29	|: page requested: 2 :  hit
441:	| 14	| 0	| 30	| 2	| 12	| 16	| 22	| 29	|: page requested: 29 :  hit
442:	| 14	| 0	| 30	| 2	| 12	| 16	| 22	| 29	|: page requested: 29 :  hit
443:	| 14	| 0	| 30	| 2	| 12	| 16	| 22	| 29	|: page requested: 2 :  hit
444:	| 14	| 0	| 30	| 2	| 12	| 16	| 22	| 29	|: page requested: 2 :  hit
445:	| 14	| 0	| 30	| 2	| 12	| 16	| 22	| 29	|: page requested: 7 :  miss
446:	| 14	| 0	| 30	| 2	| 12	| 16	| 7	| 29	|: page requested: 29 :  hit
447:	| 14	| 0	| 30	| 2	| 12	| 16	| 7	| 29	|: page requested: 2 :  hit
448:	| 14	| 0	| 30	| 2	| 12	| 16	| 7	| 29	|: page requested: 2 :  hit
449:	| 14	| 0	| 30	| 2	| 12	| 16	| 7	| 29	|: page requested: 7 :  hit
450:	| 14	| 0	| 30	| 2	| 12	| 16	| 7	| 29	|: page requested: 2 :  hit
451:	| 14	| 0	| 30	| 2	| 12	| 16	| 7	| 29	|: page requested: 7 :  hit
452:	| 14	| 0	| 30	| 2	| 12	| 16	| 7	| 29	|: page requested: 7 :  hit
453:	| 14	| 0	| 30	| 2	| 12	| 16	| 7	| 29	|: page requested: 7 :  hit
454:	| 14	| 0	| 30	| 2	| 12	| 16	| 7	| 29	|: page requested: 7 :  hit
455:	| 14	| 0	| 30	| 2	| 12	| 16	| 7	| 29	|: page requested: 2 :  hit
456:	| 14	| 0	| 30	| 2	| 12	| 16	| 7	| 29	|: page requested: 7 :  hit
457:	| 14	| 0	| 30	| 2	| 12	| 16	| 7	| 29	|: page requested: 7 :  hit
458:	| 14	| 0	| 30	| 2	| 12	| 16	| 7	| 29	|: page requested: 7 :  hit
459:	| 14	| 0	| 30	| 2	| 12	| 16	| 7	| 29	|: page requested: 2 :  hit
460:	| 14	| 0	| 30	| 2	| 12	| 16	| 7	| 29	|: page requested: 7 :  hit
461:	| 14	| 0	| 30	| 2	| 12	| 16	| 7	| 29	|: page requested: 7 :  hit
462:	| 14	| 0	| 30	| 2	| 12	| 16	| 7	| 29	|: page requested: 7 :  hit
463:	| 14	| 0	| 30	| 2	| 12	| 16	| 7	| 29	|: page requested: 7 :  hit
464:	| 14	| 0	| 30	| 2	| 12	| 16	| 7	| 29	|: page requested: 7 :  hit
465:	| 14	| 0	| 30	| 2	| 12	| 16	| 7	| 29	|: page requested: 7 :  hit
466:	| 14	| 0	| 30	| 2	| 12	| 16	| 7	| 29	|: page requested: 0 :  hit
467:	| 14	| 0	| 30	| 2	| 12	| 16	| 7	| 29	|: page requested: 16 :  hit
468:	| 14	| 0	| 30	| 2	| 12	| 16	| 7	| 29	|: page requested: 7 :  hit
469:	| 14	| 0	| 30	| 2	| 12	| 16	| 7	| 29	|: page requested: 7 :  hit
470:	| 14	| 0	| 30	| 2	| 12	| 16	| 7	| 29	|: page requested: 7 :  hit
471:	| 14	| 0	| 30	| 2	| 12	| 16	| 7	| 29	|: page requested: 7 :  hit
472:	| 14	| 0	| 30	| 2	| 12	| 16	| 7	| 29	|: page requested: 7 :  hit
473:	| 14	| 0	| 30	| 2	| 12	| 16	| 7	| 29	|: page requested: 7 :  hit
474:	| 14	| 0	| 30	| 2	| 12	| 16	| 7	| 29	|: page requested: 7 :  hit
475:	| 14	| 0	| 30	| 2	| 12	| 16	| 7	| 29	|: page requested: 7 :  hit
476:	| 14	| 0	| 30	| 2	| 12	| 16	| 7	| 29	|: page requested: 7 :  hit
477:	| 14	| 0	| 30	| 2	| 12	| 16	| 7	| 29	|: page requested: 13 :  miss
478:	| 14	| 0	| 30	| 2	| 13	| 16	| 7	| 29	|: page requested: 7 :  hit
479:	| 14	| 0	| 30	| 2	| 13	| 16	| 7	| 29	|: page requested: 7 :  hit
480:	| 14	| 0	| 30	| 2	| 13	| 16	| 7	| 29	|: page requested: 13 :  hit
481:	| 14	| 0	| 30	| 2	| 13	| 16	| 7	| 29	|: page requested: 7 :  hit
482:	| 14	| 0	| 30	| 2	| 13	| 16	| 7	| 29	|: page requested: 7 :  hit
483:	| 14	| 0	| 30	| 2	| 13	| 16	| 7	| 29	|: page requested: 7 :  hit
484:	| 14	| 0	| 30	| 2	| 13	| 16	| 7	| 29	|: page requested: 7 :  hit
485:	| 14	| 0	| 30	| 2	| 13	| 16	| 7	| 29	|: page requested: 7 :  hit
486:	| 14	| 0	| 30	| 2	| 13	| 16	| 7	| 29	|: page requested: 7 :  hit
487:	| 14	| 0	| 30	| 2	| 13	| 16	| 7	| 29	|: page requested: 7 :  hit
488:	| 14	| 0	| 30	| 2	| 13	| 16	| 7	| 29	|: page requested: 7 :  hit
489:	| 14	| 0	| 30	| 2	| 13	| 16	| 7	| 29	|: page requested: 7 :  hit
490:	| 14	| 0	| 30	| 2	| 13	| 16	| 7	| 29	|: page requested: 1 :  miss
491:	| 1	| 0	| 30	| 2	| 13	| 16	| 7	| 29	|: page requested: 7 :  hit
492:	| 1	| 0	| 30	| 2	| 13	| 16	| 7	| 29	|: page requested: 7 :  hit
493:	| 1	| 0	| 30	| 2	| 13	| 16	| 7	| 29	|: page requested: 1 :  hit
494:	| 1	| 0	| 30	| 2	| 13	| 16	| 7	| 29	|: page requested: 7 :  hit
495:	| 1	| 0	| 30	| 2	| 13	| 16	| 7	| 29	|: page requested: 7 :  hit
496:	| 1	| 0	| 30	| 2	| 13	| 16	| 7	| 29	|: page requested: 7 :  hit
497:	| 1	| 0	| 30	| 2	| 13	| 16	| 7	| 29	|: page requested: 7 :  hit
498:	| 1	| 0	| 30	| 2	| 13	| 16	| 7	| 29	|: page requested: 7 :  hit
499:	| 1	| 0	| 30	| 2	| 13	| 16	| 7	| 29	|: page requested: 7 :  hit
500:	| 1	| 0	| 30	| 2	| 13	| 16	| 7	| 29	|: page requested: 11 :  miss
501:	| 1	| 0	| 11	| 2	| 13	| 16	| 7	| 29	|: page requested: 9 :  miss
502:	| 1	| 0	| 11	| 2	| 13	| 16	| 7	| 9	|: page requested: 7 :  hit
503:	| 1	| 0	| 11	| 2	| 13	| 16	| 7	| 9	|: page requested: 7 :  hit
504:	| 1	| 0	| 11	| 2	| 13	| 16	| 7	| 9	|: page requested: 7 :  hit
505:	| 1	| 0	| 11	| 2	| 13	| 16	| 7	| 9	|: page requested: 7 :  hit
506:	| 1	| 0	| 11	| 2	| 13	| 16	| 7	| 9	|: page requested: 7 :  hit
507:	| 1	| 0	| 11	| 2	| 13	| 16	| 7	| 9	|: page requested: 7 :  hit
508:	| 1	| 0	| 11	| 2	| 13	| 16	| 7	| 9	|: page requested: 7 :  hit
509:	| 1	| 0	| 11	| 2	| 13	| 16	| 7	| 9	|: page requested: 31 :  miss
510:	| 1	| 0	| 11	| 31	| 13	| 16	| 7	| 9	|: page requested: 7 :  hit
511:	| 1	| 0	| 11	| 31	| 13	| 16	| 7	| 9	|: page requested: 7 :  hit
512:	| 1	| 0	| 11	| 31	| 13	| 16	| 7	| 9	|: page requested: 13 :  hit
513:	| 1	| 0	| 11	| 31	| 13	| 16	| 7	| 9	|: page requested: 7 :  hit
514:	| 1	| 0	| 11	| 31	| 13	| 16	| 7	| 9	|: page requested: 31 :  hit
515:	| 1	| 0	| 11	| 31	| 13	| 16	| 7	| 9	|: page requested: 13 :  hit
516:	| 1	| 0	| 11	| 31	| 13	| 16	| 7	| 9	|: page requested: 11 :  hit
517:	| 1	| 0	| 11	| 31	| 13	| 16	| 7	| 9	|: page requested: 8 :  miss
518:	| 1	| 8	| 11	| 31	| 13	| 16	| 7	| 9	|: page requested: 31 :  hit
519:	| 1	| 8	| 11	| 31	| 13	| 16	| 7	| 9	|: page requested: 31 :  hit
520:	| 1	| 8	| 11	| 31	| 13	| 16	| 7	| 9	|: page requested: 11 :  hit
521:	| 1	| 8	| 11	| 31	| 13	| 16	| 7	| 9	|: page requested: 11 :  hit
522:	| 1	| 8	| 11	| 31	| 13	| 16	| 7	| 9	|: page requested: 29 :  miss
523:	| 1	| 8	| 11	| 31	| 13	| 29	| 7	| 9	|: page requested: 19 :  miss
524:	| 19	| 8	| 11	| 31	| 13	| 29	| 7	| 9	|: page requested: 31 :  hit
525:	| 19	| 8	| 11	| 31	| 13	| 29	| 7	| 9	|: page requested: 31 :  hit
526:	| 19	| 8	| 11	| 31	| 13	| 29	| 7	| 9	|: page requested: 11 :  hit
527:	| 19	| 8	| 11	| 31	| 13	| 29	| 7	| 9	|: page requested: 29 :  hit
528:	| 19	| 8	| 11	| 31	| 13	| 29	| 7	| 9	|: page requested: 31 :  hit
529:	| 19	| 8	| 11	| 31	| 13	| 29	| 7	| 9	|: page requested: 11 :  hit
530:	| 19	| 8	| 11	| 31	| 13	| 29	| 7	| 9	|: page requested: 31 :  hit
531:	| 19	| 8	| 11	| 31	| 13	| 29	| 7	| 9	|: page requested: 31 :  hit
532:	| 19	| 8	| 11	| 31	| 13	| 29	| 7	| 9	|: page requested: 31 :  hit
533:	| 19	| 8	| 11	| 31	| 13	| 29	| 7	| 9	|: page requested: 31 :  hit
534:	| 19	| 8	| 11	| 31	| 13	| 29	| 7	| 9	|: page requested: 31 :  hit
535:	| 19	| 8	| 11	| 31	| 13	| 29	| 7	| 9	|: page requested: 11 :  hit
536:	| 19	| 8	| 11	| 31	| 13	| 29	| 7	| 9	|: page requested: 7 :  hit
537:	| 19	| 8	| 11	| 31	| 13	| 29	| 7	| 9	|: page requested: 11 :  hit
538:	| 19	| 8	| 11	| 31	| 13	| 29	| 7	| 9	|: page requested: 11 :  hit
539:	| 19	| 8	| 11	| 31	| 13	| 29	| 7	| 9	|: page requested: 11 :  hit
540:	| 19	| 8	| 11	| 31	| 13	| 29	| 7	| 9	|: page requested: 11 :  hit
541:	| 19	| 8	| 11	| 31	| 13	| 29	| 7	| 9	|: page requested: 11 :  hit
542:	| 19	| 8	| 11	| 31	| 13	| 29	| 7	| 9	|: page requested: 11 :  hit
543:	| 19	| 8	| 11	| 31	| 13	| 29	| 7	| 9	|: page requested: 11 :  hit
544:	| 19	| 8	| 11	| 31	| 13	| 29	| 7	| 9	|: page requested: 11 :  hit
545:	| 19	| 8	| 11	| 31	| 13	| 29	| 7	| 9	|: page requested: 11 :  hit
546:	| 19	| 8	| 11	| 31	| 13	| 29	| 7	| 9	|: page requested: 11 :  hit
547:	| 19	| 8	| 11	| 31	| 13	| 29	| 7	| 9	|: page requested: 11 :  hit
548:	| 19	| 8	| 11	| 31	| 13	| 29	| 7	| 9	|: page requested: 11 :  hit
549:	| 19	| 8	| 11	| 31	| 13	| 29	| 7	| 9	|: page requested: 2 :  miss
550:	| 19	| 8	| 11	| 31	| 13	| 29	| 7	| 2	|: page requested: 17 :  miss
551:	| 19	| 8	| 11	| 31	| 17	| 29	| 7	| 2	|: page requested: 1 :  miss
552:	| 19	| 1	| 11	| 31	| 17	| 29	| 7	| 2	|: page requested: 17 :  hit
553:	| 19	| 1	| 11	| 31	| 17	| 29	| 7	| 2	|: page requested: 17 :  hit
554:	| 19	| 1	| 11	| 31	| 17	| 29	| 7	| 2	|: page requested: 1 :  hit
555:	| 19	| 1	| 11	| 31	| 17	| 29	| 7	| 2	|: page requested: 14 :  miss
556:	| 14	| 1	| 11	| 31	| 17	| 29	| 7	| 2	|: page requested: 6 :  miss
557:	| 14	| 1	| 11	| 31	| 17	| 6	| 7	| 2	|: page requested: 1 :  hit
558:	| 14	| 1	| 11	| 31	| 17	| 6	| 7	| 2	|: page requested: 14 :  hit
559:	| 14	| 1	| 11	| 31	| 17	| 6	| 7	| 2	|: page requested: 1 :  hit
560:	| 14	| 1	| 11	| 31	| 17	| 6	| 7	| 2	|: page requested: 27 :  miss
561:	| 14	| 1	| 11	| 27	| 17	| 6	| 7	| 2	|: page requested: 19 :  miss
562:	| 14	| 1	| 11	| 27	| 17	| 6	| 19	| 2	|: page requested: 1 :  hit
563:	| 14	| 1	| 11	| 27	| 17	| 6	| 19	| 2	|: page requested: 27 :  hit
564:	| 14	| 1	| 11	| 27	| 17	| 6	| 19	| 2	|: page requested: 19 :  hit
565:	| 14	| 1	| 11	| 27	| 17	| 6	| 19	| 2	|: page requested: 19 :  hit
566:	| 14	| 1	| 11	| 27	| 17	| 6	| 19	| 2	|: page requested: 19 :  hit
567:	| 14	| 1	| 11	| 27	| 17	| 6	| 19	| 2	|: page requested: 24 :  miss
568:	| 14	| 1	| 24	| 27	| 17	| 6	| 19	| 2	|: page requested: 30 :  miss
569:	| 14	| 1	| 24	| 27	| 17	| 6	| 19	| 30	|: page requested: 24 :  hit
570:	| 14	| 1	| 24	| 27	| 17	| 6	| 19	| 30	|: page requested: 13 :  miss
571:	| 14	| 1	| 24	| 27	| 13	| 6	| 19	| 30	|: page requested: 30 :  hit
572:	| 14	| 1	| 24	| 27	| 13	| 6	| 19	| 30	|: page requested: 30 :  hit
573:	| 14	| 1	| 24	| 27	| 13	| 6	| 19	| 30	|: page requested: 30 :  hit
574:	| 14	| 1	| 24	| 27	| 13	| 6	| 19	| 30	|: page requested: 13 :  hit
575:	| 14	| 1	| 24	| 27	| 13	| 6	| 19	| 30	|: page requested: 13 :  hit
576:	| 14	| 1	| 24	| 27	| 13	| 6	| 19	| 30	|: page requested: 13 :  hit
577:	| 14	| 1	| 24	| 27	| 13	| 6	| 19	| 30	|: page requested: 13 :  hit
578:	| 14	| 1	| 24	| 27	| 13	| 6	| 19	| 30	|: page requested: 13 :  hit
579:	| 14	| 1	| 24	| 27	| 13	| 6	| 19	| 30	|: page requested: 13 :  hit
580:	| 14	| 1	| 24	| 27	| 13	| 6	| 19	| 30	|: page requested: 13 :  hit
581:	| 14	| 1	| 24	| 27	| 13	| 6	| 19	| 30	|: page requested: 13 :  hit
582:	| 14	| 1	| 24	| 27	| 13	| 6	| 19	| 30	|: page requested: 13 :  hit
583:	| 14	| 1	| 24	| 27	| 13	| 6	| 19	| 30	|: page requested: 13 :  hit
584:	| 14	| 1	| 24	| 27	| 13	| 6	| 19	| 30	|: page requested: 13 :  hit
585:	| 14	| 1	| 24	| 27	| 13	| 6	| 19	| 30	|: page requested: 13 :  hit
586:	| 14	| 1	| 24	| 27	| 13	| 6	| 19	| 30	|: page requested: 13 :  hit
587:	| 14	| 1	| 24	| 27	| 13	| 6	| 19	| 30	|: page requested: 13 :  hit
588:	| 14	| 1	| 24	| 27	| 13	| 6	| 19	| 30	|: page requested: 13 :  hit
589:	| 14	| 1	| 24	| 27	| 13	| 6	| 19	| 30	|: page requested: 13 :  hit
590:	| 14	| 1	| 24	| 27	| 13	| 6	| 19	| 30	|: page requested: 13 :  hit
591:	| 14	| 1	| 24	| 27	| 13	| 6	| 19	| 30	|: page requested: 13 :  hit
592:	| 14	| 1	| 24	| 27	| 13	| 6	| 19	| 30	|: page requested: 13 :  hit
593:	| 14	| 1	| 24	| 27	| 13	| 6	| 19	| 30	|: page requested: 13 :  hit
594:	| 14	| 1	| 24	| 27	| 13	| 6	| 19	| 30	|: page requested: 13 :  hit
595:	| 14	| 1	| 24	| 27	| 13	| 6	| 19	| 30	|: page requested: 13 :  hit
596:	| 14	| 1	| 24	| 27	| 13	| 6	| 19	| 30	|: page requested: 13 :  hit
597:	| 14	| 1	| 24	| 27	| 13	| 6	| 19	| 30	|: page requested: 13 :  hit
598:	| 14	| 1	| 24	| 27	| 13	| 6	| 19	| 30	|: page requested: 13 :  hit
599:	| 14	| 1	| 24	| 27	| 13	| 6	| 19	| 30	|: page requested: 13 :  hit
600:	| 14	| 1	| 24	| 27	| 13	| 6	| 19	| 30	|: page requested: 13 :  hit
601:	| 14	| 1	| 24	| 27	| 13	| 6	| 19	| 30	|: page requested: 13 :  hit
602:	| 14	| 1	| 24	| 27	| 13	| 6	| 19	| 30	|: page requested: 13 :  hit
603:	| 14	| 1	| 24	| 27	| 13	| 6	| 19	| 30	|: page requested: 13 :  hit
604:	| 14	| 1	| 24	| 27	| 13	| 6	| 19	| 30	|: page requested: 13 :  hit
605:	| 14	| 1	| 24	| 27	| 13	| 6	| 19	| 30	|: page requested: 13 :  hit
606:	| 14	| 1	| 24	| 27	| 13	| 6	| 19	| 30	|: page requested: 13 :  hit
607:	| 14	| 1	| 24	| 27	| 13	| 6	| 19	| 30	|: page requested: 13 :  hit
608:	| 14	| 1	| 24	| 27	| 13	| 6	| 19	| 30	|: page requested: 13 :  hit
609:	| 14	| 1	| 24	| 27	| 13	| 6	| 19	| 30	|: page requested: 13 :  hit
610:	| 14	| 1	| 24	| 27	| 13	| 6	| 19	| 30	|: page requested: 13 :  hit
611:	| 14	| 1	| 24	| 27	| 13	| 6	| 19	| 30	|: page requested: 13 :  hit
612:	| 14	| 1	| 24	| 27	| 13	| 6	| 19	| 30	|: page requested: 13 :  hit
613:	| 14	| 1	| 24	| 27	| 13	| 6	| 19	| 30	|: page requested: 13 :  hit
614:	| 14	| 1	| 24	| 27	| 13	| 6	| 19	| 30	|: page requested: 13 :  hit
615:	| 14	| 1	| 24	| 27	| 13	| 6	| 19	| 30	|: page requested: 13 :  hit
616:	| 14	| 1	| 24	| 27	| 13	| 6	| 19	| 30	|: page requested: 13 :  hit
617:	| 14	| 1	| 24	| 27	| 13	| 6	| 19	| 30	|: page requested: 31 :  miss
618:	| 14	| 1	| 24	| 27	| 13	| 31	| 19	| 30	|: page requested: 13 :  hit
619:	| 14	| 1	| 24	| 27	| 13	| 31	| 19	| 30	|: page requested: 13 :  hit
620:	| 14	| 1	| 24	| 27	| 13	| 31	| 19	| 30	|: page requested: 13 :  hit
621:	| 14	| 1	| 24	| 27	| 13	| 31	| 19	| 30	|: page requested: 13 :  hit
622:	| 14	| 1	| 24	| 27	| 13	| 31	| 19	| 30	|: page requested: 13 :  hit
623:	| 14	| 1	| 24	| 27	| 13	| 31	| 19	| 30	|: page requested: 12 :  miss
624:	| 12	| 1	| 24	| 27	| 13	| 31	| 19	| 30	|: page requested: 13 :  hit
625:	| 12	| 1	| 24	| 27	| 13	| 31	| 19	| 30	|: page requested: 13 :  hit
626:	| 12	| 1	| 24	| 27	| 13	| 31	| 19	| 30	|: page requested: 5 :  miss
627:	| 12	| 5	| 24	| 27	| 13	| 31	| 19	| 30	|: page requested: 5 :  hit
628:	| 12	| 5	| 24	| 27	| 13	| 31	| 19	| 30	|: page requested: 15 :  miss
629:	| 12	| 5	| 24	| 15	| 13	| 31	| 19	| 30	|: page requested: 15 :  hit
630:	| 12	| 5	| 24	| 15	| 13	| 31	| 19	| 30	|: page requested: 5 :  hit
631:	| 12	| 5	| 24	| 15	| 13	| 31	| 19	| 30	|: page requested: 18 :  miss
632:	| 12	| 5	| 24	| 15	| 13	| 31	| 18	| 30	|: page requested: 5 :  hit
633:	| 12	| 5	| 24	| 15	| 13	| 31	| 18	| 30	|: page requested: 5 :  hit
634:	| 12	| 5	| 24	| 15	| 13	| 31	| 18	| 30	|: page requested: 5 :  hit
635:	| 12	| 5	| 24	| 15	| 13	| 31	| 18	| 30	|: page requested: 5 :  hit
636:	| 12	| 5	| 24	| 15	| 13	| 31	| 18	| 30	|: page requested: 5 :  hit
637:	| 12	| 5	| 24	| 15	| 13	| 31	| 18	| 30	|: page requested: 5 :  hit
638:	| 12	| 5	| 24	| 15	| 13	| 31	| 18	| 30	|: page requested: 5 :  hit
639:	| 12	| 5	| 24	| 15	| 13	| 31	| 18	| 30	|: page requested: 5 :  hit
640:	| 12	| 5	| 24	| 15	| 13	| 31	| 18	| 30	|: page requested: 5 :  hit
641:	| 12	| 5	| 24	| 15	| 13	| 31	| 18	| 30	|: page requested: 5 :  hit
642:	| 12	| 5	| 24	| 15	| 13	| 31	| 18	| 30	|: page requested: 5 :  hit
643:	| 12	| 5	| 24	| 15	| 13	| 31	| 18	| 30	|: page requested: 5 :  hit
644:	| 12	| 5	| 24	| 15	| 13	| 31	| 18	| 30	|: page requested: 5 :  hit
645:	| 12	| 5	| 24	| 15	| 13	| 31	| 18	| 30	|: page requested: 5 :  hit
646:	| 12	| 5	| 24	| 15	| 13	| 31	| 18	| 30	|: page requested: 5 :  hit
647:	| 12	| 5	| 24	| 15	| 13	| 31	| 18	| 30	|: page requested: 5 :  hit
648:	| 12	| 5	| 24	| 15	| 13	| 31	| 18	| 30	|: page requested: 5 :  hit
649:	| 12	| 5	| 24	| 15	| 13	| 31	| 18	| 30	|: page requested: 23 :  miss
650:	| 12	| 5	| 23	| 15	| 13	| 31	| 18	| 30	|: page requested: 5 :  hit
651:	| 12	| 5	| 23	| 15	| 13	| 31	| 18	| 30	|: page requested: 5 :  hit
652:	| 12	| 5	| 23	| 15	| 13	| 31	| 18	| 30	|: page requested: 5 :  hit
653:	| 12	| 5	| 23	| 15	| 13	| 31	| 18	| 30	|: page requested: 5 :  hit
654:	| 12	| 5	| 23	| 15	| 13	| 31	| 18	| 30	|: page requested: 5 :  hit
655:	| 12	| 5	| 23	| 15	| 13	| 31	| 18	| 30	|: page requested: 5 :  hit
656:	| 12	| 5	| 23	| 15	| 13	| 31	| 18	| 30	|: page requested: 12 :  hit
657:	| 12	| 5	| 23	| 15	| 13	| 31	| 18	| 30	|: page requested: 5 :  hit
658:	| 12	| 5	| 23	| 15	| 13	| 31	| 18	| 30	|: page requested: 5 :  hit
659:	| 12	| 5	| 23	| 15	| 13	| 31	| 18	| 30	|: page requested: 5 :  hit
660:	| 12	| 5	| 23	| 15	| 13	| 31	| 18	| 30	|: page requested: 12 :  hit
661:	| 12	| 5	| 23	| 15	| 13	| 31	| 18	| 30	|: page requested: 5 :  hit
662:	| 12	| 5	| 23	| 15	| 13	| 31	| 18	| 30	|: page requested: 5 :  hit
663:	| 12	| 5	| 23	| 15	| 13	| 31	| 18	| 30	|: page requested: 5 :  hit
664:	| 12	| 5	| 23	| 15	| 13	| 31	| 18	| 30	|: page requested: 5 :  hit
665:	| 12	| 5	| 23	| 15	| 13	| 31	| 18	| 30	|: page requested: 5 :  hit
666:	| 12	| 5	| 23	| 15	| 13	| 31	| 18	| 30	|: page requested: 5 :  hit
667:	| 12	| 5	| 23	| 15	| 13	| 31	| 18	| 30	|: page requested: 5 :  hit
668:	| 12	| 5	| 23	| 15	| 13	| 31	| 18	| 30	|: page requested: 5 :  hit
669:	| 12	| 5	| 23	| 15	| 13	| 31	| 18	| 30	|: page requested: 5 :  hit
670:	| 12	| 5	| 23	| 15	| 13	| 31	| 18	| 30	|: page requested: 5 :  hit
671:	| 12	| 5	| 23	| 15	| 13	| 31	| 18	| 30	|: page requested: 20 :  miss
672:	| 12	| 5	| 23	| 15	| 13	| 31	| 18	| 20	|: page requested: 28 :  miss
673:	| 12	| 5	| 23	| 15	| 13	| 28	| 18	| 20	|: page requested: 5 :  hit
674:	| 12	| 5	| 23	| 15	| 13	| 28	| 18	| 20	|: page requested: 5 :  hit
675:	| 12	| 5	| 23	| 15	| 13	| 28	| 18	| 20	|: page requested: 5 :  hit
676:	| 12	| 5	| 23	| 15	| 13	| 28	| 18	| 20	|: page requested: 28 :  hit
677:	| 12	| 5	| 23	| 15	| 13	| 28	| 18	| 20	|: page requested: 5 :  hit
678:	| 12	| 5	| 23	| 15	| 13	| 28	| 18	| 20	|: page requested: 12 :  hit
679:	| 12	| 5	| 23	| 15	| 13	| 28	| 18	| 20	|: page requested: 5 :  hit
680:	| 12	| 5	| 23	| 15	| 13	| 28	| 18	| 20	|: page requested: 5 :  hit
681:	| 12	| 5	| 23	| 15	| 13	| 28	| 18	| 20	|: page requested: 5 :  hit
682:	| 12	| 5	| 23	| 15	| 13	| 28	| 18	| 20	|: page requested: 5 :  hit
683:	| 12	| 5	| 23	| 15	| 13	| 28	| 18	| 20	|: page requested: 12 :  hit
684:	| 12	| 5	| 23	| 15	| 13	| 28	| 18	| 20	|: page requested: 5 :  hit
685:	| 12	| 5	| 23	| 15	| 13	| 28	| 18	| 20	|: page requested: 5 :  hit
686:	| 12	| 5	| 23	| 15	| 13	| 28	| 18	| 20	|: page requested: 5 :  hit
687:	| 12	| 5	| 23	| 15	| 13	| 28	| 18	| 20	|: page requested: 14 :  miss
688:	| 12	| 5	| 23	| 15	| 14	| 28	| 18	| 20	|: page requested: 5 :  hit
689:	| 12	| 5	| 23	| 15	| 14	| 28	| 18	| 20	|: page requested: 13 :  miss
690:	| 12	| 5	| 23	| 13	| 14	| 28	| 18	| 20	|: page requested: 31 :  miss
691:	| 12	| 5	| 23	| 13	| 14	| 28	| 31	| 20	|: page requested: 14 :  hit
692:	| 12	| 5	| 23	| 13	| 14	| 28	| 31	| 20	|: page requested: 14 :  hit
693:	| 12	| 5	| 23	| 13	| 14	| 28	| 31	| 20	|: page requested: 13 :  hit
694:	| 12	| 5	| 23	| 13	| 14	| 28	| 31	| 20	|: page requested: 2 :  miss
695:	| 12	| 5	| 2	| 13	| 14	| 28	| 31	| 20	|: page requested: 21 :  miss
696:	| 12	| 5	| 2	| 13	| 14	| 28	| 31	| 21	|: page requested: 2 :  hit
697:	| 12	| 5	| 2	| 13	| 14	| 28	| 31	| 21	|: page requested: 13 :  hit
698:	| 12	| 5	| 2	| 13	| 14	| 28	| 31	| 21	|: page requested: 13 :  hit
699:	| 12	| 5	| 2	| 13	| 14	| 28	| 31	| 21	|: page requested: 13 :  hit
700:	| 12	| 5	| 2	| 13	| 14	| 28	| 31	| 21	|: page requested: 2 :  hit
701:	| 12	| 5	| 2	| 13	| 14	| 28	| 31	| 21	|: page requested: 9 :  miss
702:	| 12	| 5	| 2	| 13	| 14	| 9	| 31	| 21	|: page requested: 19 :  miss
703:	| 19	| 5	| 2	| 13	| 14	| 9	| 31	| 21	|: page requested: 9 :  hit
704:	| 19	| 5	| 2	| 13	| 14	| 9	| 31	| 21	|: page requested: 2 :  hit
705:	| 19	| 5	| 2	| 13	| 14	| 9	| 31	| 21	|: page requested: 2 :  hit
706:	| 19	| 5	| 2	| 13	| 14	| 9	| 31	| 21	|: page requested: 20 :  miss
707:	| 19	| 20	| 2	| 13	| 14	| 9	| 31	| 21	|: page requested: 2 :  hit
708:	| 19	| 20	| 2	| 13	| 14	| 9	| 31	| 21	|: page requested: 2 :  hit
709:	| 19	| 20	| 2	| 13	| 14	| 9	| 31	| 21	|: page requested: 2 :  hit
710:	| 19	| 20	| 2	| 13	| 14	| 9	| 31	| 21	|: page requested: 2 :  hit
711:	| 19	| 20	| 2	| 13	| 14	| 9	| 31	| 21	|: page requested: 19 :  hit
712:	| 19	| 20	| 2	| 13	| 14	| 9	| 31	| 21	|: page requested: 2 :  hit
713:	| 19	| 20	| 2	| 13	| 14	| 9	| 31	| 21	|: page requested: 2 :  hit
714:	| 19	| 20	| 2	| 13	| 14	| 9	| 31	| 21	|: page requested: 2 :  hit
715:	| 19	| 20	| 2	| 13	| 14	| 9	| 31	| 21	|: page requested: 19 :  hit
716:	| 19	| 20	| 2	| 13	| 14	| 9	| 31	| 21	|: page requested: 28 :  miss
717:	| 19	| 20	| 2	| 13	| 14	| 9	| 28	| 21	|: page requested: 13 :  hit
718:	| 19	| 20	| 2	| 13	| 14	| 9	| 28	| 21	|: page requested: 7 :  miss
719:	| 19	| 20	| 2	| 13	| 7	| 9	| 28	| 21	|: page requested: 2 :  hit
720:	| 19	| 20	| 2	| 13	| 7	| 9	| 28	| 21	|: page requested: 13 :  hit
721:	| 19	| 20	| 2	| 13	| 7	| 9	| 28	| 21	|: page requested: 2 :  hit
722:	| 19	| 20	| 2	| 13	| 7	| 9	| 28	| 21	|: page requested: 22 :  miss
723:	| 19	| 20	| 2	| 13	| 7	| 9	| 28	| 22	|: page requested: 22 :  hit
724:	| 19	| 20	| 2	| 13	| 7	| 9	| 28	| 22	|: page requested: 22 :  hit
725:	| 19	| 20	| 2	| 13	| 7	| 9	| 28	| 22	|: page requested: 2 :  hit
726:	| 19	| 20	| 2	| 13	| 7	| 9	| 28	| 22	|: page requested: 22 :  hit
727:	| 19	| 20	| 2	| 13	| 7	| 9	| 28	| 22	|: page requested: 22 :  hit
728:	| 19	| 20	| 2	| 13	| 7	| 9	| 28	| 22	|: page requested: 31 :  miss
729:	| 19	| 20	| 2	| 13	| 7	| 31	| 28	| 22	|: page requested: 22 :  hit
730:	| 19	| 20	| 2	| 13	| 7	| 31	| 28	| 22	|: page requested: 22 :  hit
731:	| 19	| 20	| 2	| 13	| 7	| 31	| 28	| 22	|: page requested: 22 :  hit
732:	| 19	| 20	| 2	| 13	| 7	| 31	| 28	| 22	|: page requested: 22 :  hit
733:	| 19	| 20	| 2	| 13	| 7	| 31	| 28	| 22	|: page requested: 2 :  hit
734:	| 19	| 20	| 2	| 13	| 7	| 31	| 28	| 22	|: page requested: 2 :  hit
735:	| 19	| 20	| 2	| 13	| 7	| 31	| 28	| 22	|: page requested: 22 :  hit
736:	| 19	| 20	| 2	| 13	| 7	| 31	| 28	| 22	|: page requested: 26 :  miss
737:	| 19	| 26	| 2	| 13	| 7	| 31	| 28	| 22	|: page requested: 2 :  hit
738:	| 19	| 26	| 2	| 13	| 7	| 31	| 28	| 22	|: page requested: 14 :  miss
739:	| 14	| 26	| 2	| 13	| 7	| 31	| 28	| 22	|: page requested: 26 :  hit
740:	| 14	| 26	| 2	| 13	| 7	| 31	| 28	| 22	|: page requested: 0 :  miss
741:	| 14	| 26	| 2	| 13	| 7	| 31	| 0	| 22	|: page requested: 26 :  hit
742:	| 14	| 26	| 2	| 13	| 7	| 31	| 0	| 22	|: page requested: 0 :  hit
743:	| 14	| 26	| 2	| 13	| 7	| 31	| 0	| 22	|: page requested: 26 :  hit
744:	| 14	| 26	| 2	| 13	| 7	| 31	| 0	| 22	|: page requested: 0 :  hit
745:	| 14	| 26	| 2	| 13	| 7	| 31	| 0	| 22	|: page requested: 0 :  hit
746:	| 14	| 26	| 2	| 13	| 7	| 31	| 0	| 22	|: page requested: 26 :  hit
747:	| 14	| 26	| 2	| 13	| 7	| 31	| 0	| 22	|: page requested: 26 :  hit
748:	| 14	| 26	| 2	| 13	| 7	| 31	| 0	| 22	|: page requested: 26 :  hit
749:	| 14	| 26	| 2	| 13	| 7	| 31	| 0	| 22	|: page requested: 26 :  hit
750:	| 14	| 26	| 2	| 13	| 7	| 31	| 0	| 22	|: page requested: 26 :  hit
751:	| 14	| 26	| 2	| 13	| 7	| 31	| 0	| 22	|: page requested: 26 :  hit
752:	| 14	| 26	| 2	| 13	| 7	| 31	| 0	| 22	|: page requested: 26 :  hit
753:	| 14	| 26	| 2	| 13	| 7	| 31	| 0	| 22	|: page requested: 26 :  hit
754:	| 14	| 26	| 2	| 13	| 7	| 31	| 0	| 22	|: page requested: 26 :  hit
755:	| 14	| 26	| 2	| 13	| 7	| 31	| 0	| 22	|: page requested: 26 :  hit
756:	| 14	| 26	| 2	| 13	| 7	| 31	| 0	| 22	|: page requested: 26 :  hit
757:	| 14	| 26	| 2	| 13	| 7	| 31	| 0	| 22	|: page requested: 12 :  miss
758:	| 14	| 26	| 2	| 13	| 12	| 31	| 0	| 22	|: page requested: 26 :  hit
759:	| 14	| 26	| 2	| 13	| 12	| 31	| 0	| 22	|: page requested: 26 :  hit
760:	| 14	| 26	| 2	| 13	| 12	| 31	| 0	| 22	|: page requested: 26 :  hit
761:	| 14	| 26	| 2	| 13	| 12	| 31	| 0	| 22	|: page requested: 26 :  hit
762:	| 14	| 26	| 2	| 13	| 12	| 31	| 0	| 22	|: page requested: 26 :  hit
763:	| 14	| 26	| 2	| 13	| 12	| 31	| 0	| 22	|: page requested: 26 :  hit
764:	| 14	| 26	| 2	| 13	| 12	| 31	| 0	| 22	|: page requested: 26 :  hit
765:	| 14	| 26	| 2	| 13	| 12	| 31	| 0	| 22	|: page requested: 26 :  hit
766:	| 14	| 26	| 2	| 13	| 12	| 31	| 0	| 22	|: page requested: 18 :  miss
767:	| 14	| 26	| 2	| 18	| 12	| 31	| 0	| 22	|: page requested: 26 :  hit
768:	| 14	| 26	| 2	| 18	| 12	| 31	| 0	| 22	|: page requested: 3 :  miss
769:	| 14	| 26	| 2	| 18	| 12	| 3	| 0	| 22	|: page requested: 26 :  hit
770:	| 14	| 26	| 2	| 18	| 12	| 3	| 0	| 22	|: page requested: 26 :  hit
771:	| 14	| 26	| 2	| 18	| 12	| 3	| 0	| 22	|: page requested: 21 :  miss
772:	| 14	| 26	| 2	| 18	| 12	| 3	| 0	| 21	|: page requested: 26 :  hit
773:	| 14	| 26	| 2	| 18	| 12	| 3	| 0	| 21	|: page requested: 9 :  miss
774:	| 14	| 26	| 9	| 18	| 12	| 3	| 0	| 21	|: page requested: 26 :  hit
775:	| 14	| 26	| 9	| 18	| 12	| 3	| 0	| 21	|: page requested: 26 :  hit
776:	| 14	| 26	| 9	| 18	| 12	| 3	| 0	| 21	|: page requested: 26 :  hit
777:	| 14	| 26	| 9	| 18	| 12	| 3	| 0	| 21	|: page requested: 7 :  miss
778:	| 7	| 26	| 9	| 18	| 12	| 3	| 0	| 21	|: page requested: 26 :  hit
779:	| 7	| 26	| 9	| 18	| 12	| 3	| 0	| 21	|: page requested: 26 :  hit
780:	| 7	| 26	| 9	| 18	| 12	| 3	| 0	| 21	|: page requested: 27 :  miss
781:	| 7	| 26	| 9	| 18	| 12	| 3	| 27	| 21	|: page requested: 27 :  hit
782:	| 7	| 26	| 9	| 18	| 12	| 3	| 27	| 21	|: page requested: 26 :  hit
783:	| 7	| 26	| 9	| 18	| 12	| 3	| 27	| 21	|: page requested: 9 :  hit
784:	| 7	| 26	| 9	| 18	| 12	| 3	| 27	| 21	|: page requested: 20 :  miss
785:	| 7	| 26	| 9	| 18	| 20	| 3	| 27	| 21	|: page requested: 27 :  hit
786:	| 7	| 26	| 9	| 18	| 20	| 3	| 27	| 21	|: page requested: 27 :  hit
787:	| 7	| 26	| 9	| 18	| 20	| 3	| 27	| 21	|: page requested: 9 :  hit
788:	| 7	| 26	| 9	| 18	| 20	| 3	| 27	| 21	|: page requested: 20 :  hit
789:	| 7	| 26	| 9	| 18	| 20	| 3	| 27	| 21	|: page requested: 20 :  hit
790:	| 7	| 26	| 9	| 18	| 20	| 3	| 27	| 21	|: page requested: 9 :  hit
791:	| 7	| 26	| 9	| 18	| 20	| 3	| 27	| 21	|: page requested: 9 :  hit
792:	| 7	| 26	| 9	| 18	| 20	| 3	| 27	| 21	|: page requested: 6 :  miss
793:	| 7	| 26	| 9	| 6	| 20	| 3	| 27	| 21	|: page requested: 30 :  miss
794:	| 7	| 26	| 9	| 6	| 20	| 30	| 27	| 21	|: page requested: 6 :  hit
795:	| 7	| 26	| 9	| 6	| 20	| 30	| 27	| 21	|: page requested: 6 :  hit
796:	| 7	| 26	| 9	| 6	| 20	| 30	| 27	| 21	|: page requested: 30 :  hit
797:	| 7	| 26	| 9	| 6	| 20	| 30	| 27	| 21	|: page requested: 30 :  hit
798:	| 7	| 26	| 9	| 6	| 20	| 30	| 27	| 21	|: page requested: 30 :  hit
799:	| 7	| 26	| 9	| 6	| 20	| 30	| 27	| 21	|: page requested: 30 :  hit
800:	| 7	| 26	| 9	| 6	| 20	| 30	| 27	| 21	|: page requested: 6 :  hit
801:	| 7	| 26	| 9	| 6	| 20	| 30	| 27	| 21	|: page requested: 30 :  hit
802:	| 7	| 26	| 9	| 6	| 20	| 30	| 27	| 21	|: page requested: 6 :  hit
803:	| 7	| 26	| 9	| 6	| 20	| 30	| 27	| 21	|: page requested: 6 :  hit
804:	| 7	| 26	| 9	| 6	| 20	| 30	| 27	| 21	|: page requested: 30 :  hit
805:	| 7	| 26	| 9	| 6	| 20	| 30	| 27	| 21	|: page requested: 30 :  hit
806:	| 7	| 26	| 9	| 6	| 20	| 30	| 27	| 21	|: page requested: 4 :  miss
807:	| 7	| 26	| 9	| 6	| 20	| 30	| 27	| 4	|: page requested: 6 :  hit
808:	| 7	| 26	| 9	| 6	| 20	| 30	| 27	| 4	|: page requested: 4 :  hit
809:	| 7	| 26	| 9	| 6	| 20	| 30	| 27	| 4	|: page requested: 24 :  miss
810:	| 24	| 26	| 9	| 6	| 20	| 30	| 27	| 4	|: page requested: 29 :  miss
811:	| 24	| 29	| 9	| 6	| 20	| 30	| 27	| 4	|: page requested: 4 :  hit
812:	| 24	| 29	| 9	| 6	| 20	| 30	| 27	| 4	|: page requested: 24 :  hit
813:	| 24	| 29	| 9	| 6	| 20	| 30	| 27	| 4	|: page requested: 29 :  hit
814:	| 24	| 29	| 9	| 6	| 20	| 30	| 27	| 4	|: page requested: 24 :  hit
815:	| 24	| 29	| 9	| 6	| 20	| 30	| 27	| 4	|: page requested: 24 :  hit
816:	| 24	| 29	| 9	| 6	| 20	| 30	| 27	| 4	|: page requested: 24 :  hit
817:	| 24	| 29	| 9	| 6	| 20	| 30	| 27	| 4	|: page requested: 24 :  hit
818:	| 24	| 29	| 9	| 6	| 20	| 30	| 27	| 4	|: page requested: 24 :  hit
819:	| 24	| 29	| 9	| 6	| 20	| 30	| 27	| 4	|: page requested: 24 :  hit
820:	| 24	| 29	| 9	| 6	| 20	| 30	| 27	| 4	|: page requested: 24 :  hit
821:	| 24	| 29	| 9	| 6	| 20	| 30	| 27	| 4	|: page requested: 24 :  hit
822:	| 24	| 29	| 9	| 6	| 20	| 30	| 27	| 4	|: page requested: 12 :  miss
823:	| 24	| 29	| 9	| 6	| 20	| 30	| 12	| 4	|: page requested: 4 :  hit
824:	| 24	| 29	| 9	| 6	| 20	| 30	| 12	| 4	|: page requested: 24 :  hit
825:	| 24	| 29	| 9	| 6	| 20	| 30	| 12	| 4	|: page requested: 24 :  hit
826:	| 24	| 29	| 9	| 6	| 20	| 30	| 12	| 4	|: page requested: 12 :  hit
827:	| 24	| 29	| 9	| 6	| 20	| 30	| 12	| 4	|: page requested: 12 :  hit
828:	| 24	| 29	| 9	| 6	| 20	| 30	| 12	| 4	|: page requested: 12 :  hit
829:	| 24	| 29	| 9	| 6	| 20	| 30	| 12	| 4	|: page requested: 12 :  hit
830:	| 24	| 29	| 9	| 6	| 20	| 30	| 12	| 4	|: page requested: 12 :  hit
831:	| 24	| 29	| 9	| 6	| 20	| 30	| 12	| 4	|: page requested: 4 :  hit
832:	| 24	| 29	| 9	| 6	| 20	| 30	| 12	| 4	|: page requested: 4 :  hit
833:	| 24	| 29	| 9	| 6	| 20	| 30	| 12	| 4	|: page requested: 4 :  hit
834:	| 24	| 29	| 9	| 6	| 20	| 30	| 12	| 4	|: page requested: 11 :  miss
835:	| 24	| 29	| 9	| 6	| 11	| 30	| 12	| 4	|: page requested: 6 :  hit
836:	| 24	| 29	| 9	| 6	| 11	| 30	| 12	| 4	|: page requested: 4 :  hit
837:	| 24	| 29	| 9	| 6	| 11	| 30	| 12	| 4	|: page requested: 11 :  hit
838:	| 24	| 29	| 9	| 6	| 11	| 30	| 12	| 4	|: page requested: 21 :  miss
839:	| 24	| 29	| 21	| 6	| 11	| 30	| 12	| 4	|: page requested: 4 :  hit
840:	| 24	| 29	| 21	| 6	| 11	| 30	| 12	| 4	|: page requested: 25 :  miss
841:	| 24	| 29	| 21	| 6	| 11	| 25	| 12	| 4	|: page requested: 31 :  miss
842:	| 24	| 31	| 21	| 6	| 11	| 25	| 12	| 4	|: page requested: 31 :  hit
843:	| 24	| 31	| 21	| 6	| 11	| 25	| 12	| 4	|: page requested: 31 :  hit
844:	| 24	| 31	| 21	| 6	| 11	| 25	| 12	| 4	|: page requested: 31 :  hit
845:	| 24	| 31	| 21	| 6	| 11	| 25	| 12	| 4	|: page requested: 28 :  miss
846:	| 28	| 31	| 21	| 6	| 11	| 25	| 12	| 4	|: page requested: 31 :  hit
847:	| 28	| 31	| 21	| 6	| 11	| 25	| 12	| 4	|: page requested: 31 :  hit
848:	| 28	| 31	| 21	| 6	| 11	| 25	| 12	| 4	|: page requested: 25 :  hit
849:	| 28	| 31	| 21	| 6	| 11	| 25	| 12	| 4	|: page requested: 31 :  hit
850:	| 28	| 31	| 21	| 6	| 11	| 25	| 12	| 4	|: page requested: 0 :  miss
851:	| 28	| 31	| 21	| 6	| 11	| 25	| 0	| 4	|: page requested: 31 :  hit
852:	| 28	| 31	| 21	| 6	| 11	| 25	| 0	| 4	|: page requested: 31 :  hit
853:	| 28	| 31	| 21	| 6	| 11	| 25	| 0	| 4	|: page requested: 20 :  miss
854:	| 28	| 31	| 21	| 20	| 11	| 25	| 0	| 4	|: page requested: 0 :  hit
855:	| 28	| 31	| 21	| 20	| 11	| 25	| 0	| 4	|: page requested: 31 :  hit
856:	| 28	| 31	| 21	| 20	| 11	| 25	| 0	| 4	|: page requested: 20 :  hit
857:	| 28	| 31	| 21	| 20	| 11	| 25	| 0	| 4	|: page requested: 20 :  hit
858:	| 28	| 31	| 21	| 20	| 11	| 25	| 0	| 4	|: page requested: 20 :  hit
859:	| 28	| 31	| 21	| 20	| 11	| 25	| 0	| 4	|: page requested: 20 :  hit
860:	| 28	| 31	| 21	| 20	| 11	| 25	| 0	| 4	|: page requested: 20 :  hit
861:	| 28	| 31	| 21	| 20	| 11	| 25	| 0	| 4	|: page requested: 20 :  hit
862:	| 28	| 31	| 21	| 20	| 11	| 25	| 0	| 4	|: page requested: 15 :  miss
863:	| 28	| 31	| 21	| 20	| 15	| 25	| 0	| 4	|: page requested: 20 :  hit
864:	| 28	| 31	| 21	| 20	| 15	| 25	| 0	| 4	|: page requested: 20 :  hit
865:	| 28	| 31	| 21	| 20	| 15	| 25	| 0	| 4	|: page requested: 13 :  miss
866:	| 28	| 31	| 13	| 20	| 15	| 25	| 0	| 4	|: page requested: 20 :  hit
867:	| 28	| 31	| 13	| 20	| 15	| 25	| 0	| 4	|: page requested: 27 :  miss
868:	| 28	| 31	| 13	| 20	| 15	| 25	| 0	| 27	|: page requested: 20 :  hit
869:	| 28	| 31	| 13	| 20	| 15	| 25	| 0	| 27	|: page requested: 27 :  hit
870:	| 28	| 31	| 13	| 20	| 15	| 25	| 0	| 27	|: page requested: 13 :  hit
871:	| 28	| 31	| 13	| 20	| 15	| 25	| 0	| 27	|: page requested: 27 :  hit
872:	| 28	| 31	| 13	| 20	| 15	| 25	| 0	| 27	|: page requested: 13 :  hit
873:	| 28	| 31	| 13	| 20	| 15	| 25	| 0	| 27	|: page requested: 13 :  hit
874:	| 28	| 31	| 13	| 20	| 15	| 25	| 0	| 27	|: page requested: 20 :  hit
875:	| 28	| 31	| 13	| 20	| 15	| 25	| 0	| 27	|: page requested: 11 :  miss
876:	| 11	| 31	| 13	| 20	| 15	| 25	| 0	| 27	|: page requested: 13 :  hit
877:	| 11	| 31	| 13	| 20	| 15	| 25	| 0	| 27	|: page requested: 13 :  hit
878:	| 11	| 31	| 13	| 20	| 15	| 25	| 0	| 27	|: page requested: 20 :  hit
879:	| 11	| 31	| 13	| 20	| 15	| 25	| 0	| 27	|: page requested: 25 :  hit
880:	| 11	| 31	| 13	| 20	| 15	| 25	| 0	| 27	|: page requested: 11 :  hit
881:	| 11	| 31	| 13	| 20	| 15	| 25	| 0	| 27	|: page requested: 13 :  hit
882:	| 11	| 31	| 13	| 20	| 15	| 25	| 0	| 27	|: page requested: 11 :  hit
883:	| 11	| 31	| 13	| 20	| 15	| 25	| 0	| 27	|: page requested: 13 :  hit
884:	| 11	| 31	| 13	| 20	| 15	| 25	| 0	| 27	|: page requested: 22 :  miss
885:	| 11	| 31	| 13	| 20	| 15	| 25	| 22	| 27	|: page requested: 22 :  hit
886:	| 11	| 31	| 13	| 20	| 15	| 25	| 22	| 27	|: page requested: 13 :  hit
887:	| 11	| 31	| 13	| 20	| 15	| 25	| 22	| 27	|: page requested: 22 :  hit
888:	| 11	| 31	| 13	| 20	| 15	| 25	| 22	| 27	|: page requested: 8 :  miss
889:	| 11	| 8	| 13	| 20	| 15	| 25	| 22	| 27	|: page requested: 0 :  miss
890:	| 11	| 8	| 13	| 20	| 0	| 25	| 22	| 27	|: page requested: 13 :  hit
891:	| 11	| 8	| 13	| 20	| 0	| 25	| 22	| 27	|: page requested: 13 :  hit
892:	| 11	| 8	| 13	| 20	| 0	| 25	| 22	| 27	|: page requested: 0 :  hit
893:	| 11	| 8	| 13	| 20	| 0	| 25	| 22	| 27	|: page requested: 16 :  miss
894:	| 11	| 8	| 13	| 20	| 0	| 25	| 22	| 16	|: page requested: 13 :  hit
895:	| 11	| 8	| 13	| 20	| 0	| 25	| 22	| 16	|: page requested: 13 :  hit
896:	| 11	| 8	| 13	| 20	| 0	| 25	| 22	| 16	|: page requested: 0 :  hit
897:	| 11	| 8	| 13	| 20	| 0	| 25	| 22	| 16	|: page requested: 0 :  hit
898:	| 11	| 8	| 13	| 20	| 0	| 25	| 22	| 16	|: page requested: 13 :  hit
899:	| 11	| 8	| 13	| 20	| 0	| 25	| 22	| 16	|: page requested: 15 :  miss
900:	| 11	| 8	| 13	| 15	| 0	| 25	| 22	| 16	|: page requested: 0 :  hit
901:	| 11	| 8	| 13	| 15	| 0	| 25	| 22	| 16	|: page requested: 15 :  hit
902:	| 11	| 8	| 13	| 15	| 0	| 25	| 22	| 16	|: page requested: 0 :  hit
903:	| 11	| 8	| 13	| 15	| 0	| 25	| 22	| 16	|: page requested: 0 :  hit
904:	| 11	| 8	| 13	| 15	| 0	| 25	| 22	| 16	|: page requested: 15 :  hit
905:	| 11	| 8	| 13	| 15	| 0	| 25	| 22	| 16	|: page requested: 0 :  hit
906:	| 11	| 8	| 13	| 15	| 0	| 25	| 22	| 16	|: page requested: 15 :  hit
907:	| 11	| 8	| 13	| 15	| 0	| 25	| 22	| 16	|: page requested: 15 :  hit
908:	| 11	| 8	| 13	| 15	| 0	| 25	| 22	| 16	|: page requested: 25 :  hit
909:	| 11	| 8	| 13	| 15	| 0	| 25	| 22	| 16	|: page requested: 0 :  hit
910:	| 11	| 8	| 13	| 15	| 0	| 25	| 22	| 16	|: page requested: 0 :  hit
911:	| 11	| 8	| 13	| 15	| 0	| 25	| 22	| 16	|: page requested: 15 :  hit
912:	| 11	| 8	| 13	| 15	| 0	| 25	| 22	| 16	|: page requested: 25 :  hit
913:	| 11	| 8	| 13	| 15	| 0	| 25	| 22	| 16	|: page requested: 0 :  hit
914:	| 11	| 8	| 13	| 15	| 0	| 25	| 22	| 16	|: page requested: 25 :  hit
915:	| 11	| 8	| 13	| 15	| 0	| 25	| 22	| 16	|: page requested: 26 :  miss
916:	| 26	| 8	| 13	| 15	| 0	| 25	| 22	| 16	|: page requested: 0 :  hit
917:	| 26	| 8	| 13	| 15	| 0	| 25	| 22	| 16	|: page requested: 25 :  hit
918:	| 26	| 8	| 13	| 15	| 0	| 25	| 22	| 16	|: page requested: 25 :  hit
919:	| 26	| 8	| 13	| 15	| 0	| 25	| 22	| 16	|: page requested: 25 :  hit
920:	| 26	| 8	| 13	| 15	| 0	| 25	| 22	| 16	|: page requested: 26 :  hit
921:	| 26	| 8	| 13	| 15	| 0	| 25	| 22	| 16	|: page requested: 0 :  hit
922:	| 26	| 8	| 13	| 15	| 0	| 25	| 22	| 16	|: page requested: 25 :  hit
923:	| 26	| 8	| 13	| 15	| 0	| 25	| 22	| 16	|: page requested: 26 :  hit
924:	| 26	| 8	| 13	| 15	| 0	| 25	| 22	| 16	|: page requested: 25 :  hit
925:	| 26	| 8	| 13	| 15	| 0	| 25	| 22	| 16	|: page requested: 26 :  hit
926:	| 26	| 8	| 13	| 15	| 0	| 25	| 22	| 16	|: page requested: 23 :  miss
927:	| 26	| 8	| 13	| 15	| 0	| 25	| 23	| 16	|: page requested: 25 :  hit
928:	| 26	| 8	| 13	| 15	| 0	| 25	| 23	| 16	|: page requested: 19 :  miss
929:	| 26	| 19	| 13	| 15	| 0	| 25	| 23	| 16	|: page requested: 26 :  hit
930:	| 26	| 19	| 13	| 15	| 0	| 25	| 23	| 16	|: page requested: 0 :  hit
931:	| 26	| 19	| 13	| 15	| 0	| 25	| 23	| 16	|: page requested: 23 :  hit
932:	| 26	| 19	| 13	| 15	| 0	| 25	| 23	| 16	|: page requested: 25 :  hit
933:	| 26	| 19	| 13	| 15	| 0	| 25	| 23	| 16	|: page requested: 23 :  hit
934:	| 26	| 19	| 13	| 15	| 0	| 25	| 23	| 16	|: page requested: 23 :  hit
935:	| 26	| 19	| 13	| 15	| 0	| 25	| 23	| 16	|: page requested: 29 :  miss
936:	| 26	| 19	| 13	| 15	| 0	| 25	| 23	| 29	|: page requested: 23 :  hit
937:	| 26	| 19	| 13	| 15	| 0	| 25	| 23	| 29	|: page requested: 23 :  hit
938:	| 26	| 19	| 13	| 15	| 0	| 25	| 23	| 29	|: page requested: 23 :  hit
939:	| 26	| 19	| 13	| 15	| 0	| 25	| 23	| 29	|: page requested: 23 :  hit
940:	| 26	| 19	| 13	| 15	| 0	| 25	| 23	| 29	|: page requested: 23 :  hit
941:	| 26	| 19	| 13	| 15	| 0	| 25	| 23	| 29	|: page requested: 2 :  miss
942:	| 26	| 19	| 2	| 15	| 0	| 25	| 23	| 29	|: page requested: 23 :  hit
943:	| 26	| 19	| 2	| 15	| 0	| 25	| 23	| 29	|: page requested: 23 :  hit
944:	| 26	| 19	| 2	| 15	| 0	| 25	| 23	| 29	|: page requested: 23 :  hit
945:	| 26	| 19	| 2	| 15	| 0	| 25	| 23	| 29	|: page requested: 23 :  hit
946:	| 26	| 19	| 2	| 15	| 0	| 25	| 23	| 29	|: page requested: 23 :  hit
947:	| 26	| 19	| 2	| 15	| 0	| 25	| 23	| 29	|: page requested: 23 :  hit
948:	| 26	| 19	| 2	| 15	| 0	| 25	| 23	| 29	|: page requested: 23 :  hit
949:	| 26	| 19	| 2	| 15	| 0	| 25	| 23	| 29	|: page requested: 23 :  hit
950:	| 26	| 19	| 2	| 15	| 0	| 25	| 23	| 29	|: page requested: 23 :  hit
951:	| 26	| 19	| 2	| 15	| 0	| 25	| 23	| 29	|: page requested: 23 :  hit
952:	| 26	| 19	| 2	| 15	| 0	| 25	| 23	| 29	|: page requested: 4 :  miss
953:	| 26	| 19	| 2	| 4	| 0	| 25	| 23	| 29	|: page requested: 4 :  hit
954:	| 26	| 19	| 2	| 4	| 0	| 25	| 23	| 29	|: page requested: 4 :  hit
955:	| 26	| 19	| 2	| 4	| 0	| 25	| 23	| 29	|: page requested: 23 :  hit
956:	| 26	| 19	| 2	| 4	| 0	| 25	| 23	| 29	|: page requested: 4 :  hit
957:	| 26	| 19	| 2	| 4	| 0	| 25	| 23	| 29	|: page requested: 4 :  hit
958:	| 26	| 19	| 2	| 4	| 0	| 25	| 23	| 29	|: page requested: 23 :  hit
959:	| 26	| 19	| 2	| 4	| 0	| 25	| 23	| 29	|: page requested: 4 :  hit
960:	| 26	| 19	| 2	| 4	| 0	| 25	| 23	| 29	|: page requested: 4 :  hit
961:	| 26	| 19	| 2	| 4	| 0	| 25	| 23	| 29	|: page requested: 23 :  hit
962:	| 26	| 19	| 2	| 4	| 0	| 25	| 23	| 29	|: page requested: 4 :  hit
963:	| 26	| 19	| 2	| 4	| 0	| 25	| 23	| 29	|: page requested: 23 :  hit
964:	| 26	| 19	| 2	| 4	| 0	| 25	| 23	| 29	|: page requested: 23 :  hit
965:	| 26	| 19	| 2	| 4	| 0	| 25	| 23	| 29	|: page requested: 4 :  hit
966:	| 26	| 19	| 2	| 4	| 0	| 25	| 23	| 29	|: page requested: 4 :  hit
967:	| 26	| 19	| 2	| 4	| 0	| 25	| 23	| 29	|: page requested: 23 :  hit
968:	| 26	| 19	| 2	| 4	| 0	| 25	| 23	| 29	|: page requested: 23 :  hit
969:	| 26	| 19	| 2	| 4	| 0	| 25	| 23	| 29	|: page requested: 23 :  hit
970:	| 26	| 19	| 2	| 4	| 0	| 25	| 23	| 29	|: page requested: 20 :  miss
971:	| 26	| 20	| 2	| 4	| 0	| 25	| 23	| 29	|: page requested: 22 :  miss
972:	| 22	| 20	| 2	| 4	| 0	| 25	| 23	| 29	|: page requested: 20 :  hit
973:	| 22	| 20	| 2	| 4	| 0	| 25	| 23	| 29	|: page requested: 24 :  miss
974:	| 22	| 20	| 2	| 4	| 24	| 25	| 23	| 29	|: page requested: 20 :  hit
975:	| 22	| 20	| 2	| 4	| 24	| 25	| 23	| 29	|: page requested: 20 :  hit
976:	| 22	| 20	| 2	| 4	| 24	| 25	| 23	| 29	|: page requested: 24 :  hit
977:	| 22	| 20	| 2	| 4	| 24	| 25	| 23	| 29	|: page requested: 9 :  miss
978:	| 22	| 20	| 2	| 4	| 24	| 9	| 23	| 29	|: page requested: 24 :  hit
979:	| 22	| 20	| 2	| 4	| 24	| 9	| 23	| 29	|: page requested: 9 :  hit
980:	| 22	| 20	| 2	| 4	| 24	| 9	| 23	| 29	|: page requested: 20 :  hit
981:	| 22	| 20	| 2	| 4	| 24	| 9	| 23	| 29	|: page requested: 4 :  hit
982:	| 22	| 20	| 2	| 4	| 24	| 9	| 23	| 29	|: page requested: 4 :  hit
983:	| 22	| 20	| 2	| 4	| 24	| 9	| 23	| 29	|: page requested: 4 :  hit
984:	| 22	| 20	| 2	| 4	| 24	| 9	| 23	| 29	|: page requested: 9 :  hit
985:	| 22	| 20	| 2	| 4	| 24	| 9	| 23	| 29	|: page requested: 9 :  hit
986:	| 22	| 20	| 2	| 4	| 24	| 9	| 23	| 29	|: page requested: 9 :  hit
987:	| 22	| 20	| 2	| 4	| 24	| 9	| 23	| 29	|: page requested: 1 :  miss
988:	| 22	| 20	| 2	| 4	| 24	| 9	| 23	| 1	|: page requested: 13 :  miss
989:	| 22	| 20	| 13	| 4	| 24	| 9	| 23	| 1	|: page requested: 9 :  hit
990:	| 22	| 20	| 13	| 4	| 24	| 9	| 23	| 1	|: page requested: 2 :  miss
991:	| 22	| 20	| 13	| 4	| 24	| 9	| 2	| 1	|: page requested: 9 :  hit
992:	| 22	| 20	| 13	| 4	| 24	| 9	| 2	| 1	|: page requested: 1 :  hit
993:	| 22	| 20	| 13	| 4	| 24	| 9	| 2	| 1	|: page requested: 25 :  miss
994:	| 25	| 20	| 13	| 4	| 24	| 9	| 2	| 1	|: page requested: 9 :  hit
995:	| 25	| 20	| 13	| 4	| 24	| 9	| 2	| 1	|: page requested: 25 :  hit
996:	| 25	| 20	| 13	| 4	| 24	| 9	| 2	| 1	|: page requested: 1 :  hit
997:	| 25	| 20	| 13	| 4	| 24	| 9	| 2	| 1	|: page requested: 29 :  miss
998:	| 25	| 20	| 13	| 4	| 29	| 9	| 2	| 1	|: page requested: 25 :  hit
999:	| 25	| 20	| 13	| 4	| 29	| 9	| 2	| 1	|: page requested: 25 :  hit
Of the 1000 memory access requests, 161 were misses, making it a hit rate of 0.839000
