Task A arrived at 0
Task A finished at 3
Task B arrived at 7
Task C arrived at 10
Task D arrived at 10
Task C blocked at 11
Task D blocked at 14
Task B blocked at 15
Task C unblocked at 15
Task C blocked at 18
Task B unblocked at 18
Task B blocked at 20
Task E arrived at 20
Task E finished at 21
Task C unblocked at 26
Task C blocked at 29
Task D unblocked at 29
Task D blocked at 30
Task B unblocked at 30
Task B blocked at 31
Task F arrived at 33
Task C unblocked at 35
Task C blocked at 39
Task F blocked at 41
Task G arrived at 42
Task H arrived at 45
Task G blocked at 46
Task D unblocked at 47
Task F unblocked at 48
Task G unblocked at 49
Task C unblocked at 50
Task B unblocked at 51
Task C blocked at 52
Task F blocked at 54
Task D blocked at 57
Task I arrived at 58
Task J arrived at 58
Task C unblocked at 59
Task C finished at 61
Task J blocked at 63
Task F unblocked at 63
Task F blocked at 66
Task J unblocked at 66
Task J blocked at 68
Task K arrived at 68
Task K blocked at 69
Task G blocked at 72
Task I blocked at 74
Task D unblocked at 76
Task L arrived at 76
Task D finished at 79
Task H blocked at 80
Task J unblocked at 80
Task F unblocked at 81
Task M arrived at 81
Task K unblocked at 83
Task H unblocked at 84
Task M blocked at 85
Task G unblocked at 87
Task J blocked at 88
Task M unblocked at 88
Task M blocked at 89
Task N arrived at 92
Task K finished at 93
Task J unblocked at 93
Task J blocked at 95
Task I unblocked at 98
Task J unblocked at 98
Task J blocked at 102
Task M unblocked at 102
Task O arrived at 103
Task M blocked at 104
Task G blocked at 105
Task F blocked at 107
Task N blocked at 109
Task P arrived at 110
Task P blocked at 114
Task G unblocked at 114
Task Q arrived at 114
Task J unblocked at 115
Task F unblocked at 116
Task M unblocked at 116
Task R arrived at 116
Task M blocked at 117
Task J finished at 119
Task S arrived at 119
Task S finished at 122
Task P unblocked at 123
Task P blocked at 124
Task M unblocked at 125
Task N unblocked at 126
Task T arrived at 127
Task M blocked at 128
Task F blocked at 130
Task U arrived at 132
Task P unblocked at 133
Task P blocked at 137
Task M unblocked at 138
Task M blocked at 139
Task V arrived at 139
Task U blocked at 140
Task F unblocked at 140
Task P unblocked at 140
Task P blocked at 144
Task T blocked at 146
Task U unblocked at 149
Task U blocked at 150
Task P unblocked at 150
Task W arrived at 152
Task M unblocked at 153
Task W blocked at 156
Task T unblocked at 156
Task U unblocked at 156
Task P blocked at 158
Task M blocked at 159
Task W unblocked at 159
Task X arrived at 159
Task W finished at 160
Task U blocked at 162
Task F blocked at 163
Task T blocked at 164
Task N blocked at 168
Task U unblocked at 168
Task P unblocked at 169
Task P finished at 171
Task M unblocked at 171
Task Y arrived at 171
Task M blocked at 175
Task U blocked at 178
Task F unblocked at 178
Task F finished at 179
Task M unblocked at 179
Task M finished at 180
Task G blocked at 181
Task I blocked at 182
Task T unblocked at 183
Task Z arrived at 183
Task I unblocked at 184
Task U unblocked at 184
Task U blocked at 185
Task N unblocked at 186
Task N blocked at 187
Task T blocked at 189
Task U unblocked at 190
Task U blocked at 194
Task G unblocked at 195
Task T unblocked at 196
Task T blocked at 199
Task G finished at 200
Task Y blocked at 201
Task Z blocked at 204
Task N unblocked at 204
Task N blocked at 206
Task U unblocked at 207
Task U blocked at 210
Task Z unblocked at 210
Task U unblocked at 211
Task U blocked at 213
Task Y unblocked at 213
Task V blocked at 214
Task T unblocked at 214
Task T blocked at 218
Task N unblocked at 218
Task N blocked at 219
Task Z blocked at 222
Task I blocked at 225
Task U unblocked at 225
Task N unblocked at 228
Task V unblocked at 228
Task U finished at 229
Task T unblocked at 229
Task T blocked at 231
Task N blocked at 232
Task Y blocked at 233
Task I unblocked at 234
Task T unblocked at 236
Task T blocked at 237
Task H blocked at 238
Task V blocked at 239
Task Z unblocked at 239
Task Z blocked at 242
Task I blocked at 245
Task T unblocked at 245
Task N unblocked at 247
Task I unblocked at 248
Task N blocked at 249
Task Z unblocked at 249
Task T blocked at 251
Task Z blocked at 253
Task Y unblocked at 255
Task Y finished at 256
Task I blocked at 257
Task L blocked at 258
Task H unblocked at 261
Task V unblocked at 262
Task V blocked at 265
Task N unblocked at 265
Task T unblocked at 265
Task T finished at 269
Task V unblocked at 269
Task N finished at 271
Task V blocked at 275
Task Z unblocked at 275
Task I unblocked at 278
Task Z blocked at 279
Task L unblocked at 279
Task H blocked at 280
Task I blocked at 282
Task Z unblocked at 282
Task Z blocked at 283
Task Q blocked at 284
Task X blocked at 288
Task X unblocked at 289
Task L blocked at 290
Task R finished at 291
Task B blocked at 292
Task X finished at 294
Task O blocked at 295
Task H unblocked at 296
Task L unblocked at 297
Task V unblocked at 297
Task V blocked at 298
Task I unblocked at 298
Task I blocked at 300
Task H blocked at 301
Task Z unblocked at 301
Task Z blocked at 303
Task Q unblocked at 306
Task I unblocked at 307
Task I blocked at 308
Task O unblocked at 308
Task H unblocked at 309
Task V unblocked at 309
Task V blocked at 310
Task H blocked at 311
Task I unblocked at 311
Task Z unblocked at 312
Task Z blocked at 314
Task B unblocked at 314
Task I finished at 315
Task Q blocked at 316
Task B blocked at 317
Task O blocked at 321
Task L blocked at 322
Task Z unblocked at 323
Task B unblocked at 325
Task O unblocked at 326
Task Z finished at 327
Task H unblocked at 329
Task H blocked at 330
Task O blocked at 332
Task V unblocked at 333
Task V finished at 334
Task B blocked at 337
Task H unblocked at 341
Task L unblocked at 341
Task H blocked at 343
Task Q unblocked at 343
Task O unblocked at 344
Task Q finished at 347
Task L blocked at 348
Task O blocked at 352
Task H unblocked at 357
Task H blocked at 359
Task H unblocked at 360
Task H finished at 363
Task O unblocked at 364
Task O blocked at 365
Task B unblocked at 365
Task B finished at 366
Task L unblocked at 366
Task L blocked at 370
Task L unblocked at 378
Task L blocked at 382
Task L unblocked at 390
Task O unblocked at 390
Task O blocked at 393
Task L finished at 397
Task O unblocked at 405
Task O blocked at 406
Task O unblocked at 426
Task O finished at 427
Task A: priority=3, start=0, finish=3, deadline=3, runtime=3, blocktime=0, switches=1, bursts=1
Task B: priority=0, start=7, finish=366, deadline=133, runtime=14, blocktime=91, switches=15, bursts=7
Task C: priority=3, start=10, finish=61, deadline=71, runtime=15, blocktime=36, switches=11, bursts=6
Task D: priority=2, start=10, finish=79, deadline=84, runtime=11, blocktime=51, switches=8, bursts=4
Task E: priority=1, start=20, finish=21, deadline=21, runtime=1, blocktime=0, switches=1, bursts=1
Task F: priority=2, start=33, finish=179, deadline=137, runtime=22, blocktime=65, switches=18, bursts=7
Task G: priority=2, start=42, finish=200, deadline=110, runtime=16, blocktime=41, switches=13, bursts=5
Task H: priority=1, start=45, finish=363, deadline=184, runtime=21, blocktime=95, switches=22, bursts=9
Task I: priority=1, start=58, finish=315, deadline=184, runtime=20, blocktime=85, switches=20, bursts=9
Task J: priority=3, start=58, finish=119, deadline=122, runtime=18, blocktime=36, switches=14, bursts=6
Task K: priority=3, start=68, finish=93, deadline=90, runtime=5, blocktime=14, switches=3, bursts=2
Task L: priority=0, start=76, finish=397, deadline=197, runtime=20, blocktime=81, switches=14, bursts=7
Task M: priority=3, start=81, finish=180, deadline=193, runtime=18, blocktime=76, switches=17, bursts=9
Task N: priority=2, start=92, finish=271, deadline=234, runtime=15, blocktime=104, switches=15, bursts=8
Task O: priority=0, start=103, finish=427, deadline=244, runtime=19, blocktime=99, switches=16, bursts=8
Task P: priority=3, start=110, finish=171, deadline=178, runtime=19, blocktime=38, switches=12, bursts=6
Task Q: priority=0, start=114, finish=347, deadline=186, runtime=11, blocktime=49, switches=8, bursts=3
Task R: priority=0, start=116, finish=291, deadline=117, runtime=1, blocktime=0, switches=1, bursts=1
Task S: priority=3, start=119, finish=122, deadline=122, runtime=3, blocktime=0, switches=1, bursts=1
Task T: priority=2, start=127, finish=269, deadline=266, runtime=27, blocktime=89, switches=21, bursts=9
Task U: priority=3, start=132, finish=229, deadline=230, runtime=24, blocktime=58, switches=20, bursts=9
Task V: priority=1, start=139, finish=334, deadline=272, runtime=14, blocktime=97, switches=15, bursts=7
Task W: priority=3, start=152, finish=160, deadline=161, runtime=5, blocktime=3, switches=3, bursts=2
Task X: priority=0, start=159, finish=294, deadline=167, runtime=6, blocktime=1, switches=3, bursts=2
Task Y: priority=1, start=171, finish=256, deadline=219, runtime=6, blocktime=34, switches=8, bursts=3
Task Z: priority=1, start=183, finish=327, deadline=321, runtime=24, blocktime=91, switches=17, bursts=9
