Task A arrived at 0
Task A finished at 3
Task B arrived at 7
Task C arrived at 10
Task D arrived at 10
Task C blocked at 11
Task D blocked at 14
Task B blocked at 15
Task C unblocked at 15
Task C blocked at 18
Task B unblocked at 18
Task B blocked at 20
Task E arrived at 20
Task E finished at 21
Task C unblocked at 26
Task C blocked at 29
Task D unblocked at 29
Task D blocked at 30
Task B unblocked at 30
Task B blocked at 31
Task F arrived at 33
Task C unblocked at 35
Task C blocked at 39
Task F blocked at 41
Task G arrived at 42
Task H arrived at 45
Task G blocked at 46
Task D unblocked at 47
Task F unblocked at 48
Task G unblocked at 49
Task C unblocked at 50
Task D blocked at 51
Task B unblocked at 51
Task B blocked at 52
Task C blocked at 54
Task F blocked at 58
Task I arrived at 58
Task J arrived at 58
Task J blocked at 61
Task C unblocked at 61
Task C finished at 63
Task J unblocked at 64
Task J blocked at 66
Task F unblocked at 67
Task K arrived at 68
Task K blocked at 69
Task G blocked at 70
Task D unblocked at 70
Task D finished at 73
Task B unblocked at 74
Task B blocked at 75
Task L arrived at 76
Task F blocked at 77
Task J unblocked at 78
Task M arrived at 81
Task J blocked at 82
Task B unblocked at 83
Task K unblocked at 83
Task G unblocked at 85
Task B blocked at 87
Task J unblocked at 87
Task K finished at 91
Task F unblocked at 92
Task N arrived at 92
Task M blocked at 94
Task J blocked at 96
Task M unblocked at 97
Task F blocked at 98
Task M blocked at 99
Task J unblocked at 99
Task J blocked at 103
Task O arrived at 103
Task N blocked at 105
Task F unblocked at 107
Task P arrived at 110
Task F blocked at 111
Task M unblocked at 112
Task M blocked at 114
Task Q arrived at 114
Task B unblocked at 115
Task J unblocked at 116
Task R arrived at 116
Task P blocked at 117
Task B finished at 118
Task S arrived at 119
Task F unblocked at 121
Task S finished at 122
Task N unblocked at 122
Task N blocked at 126
Task M unblocked at 126
Task P unblocked at 126
Task M blocked at 127
Task T arrived at 127
Task J finished at 129
Task U arrived at 132
Task U blocked at 135
Task M unblocked at 135
Task M blocked at 138
Task F blocked at 139
Task V arrived at 139
Task P blocked at 140
Task T blocked at 144
Task N unblocked at 144
Task U unblocked at 144
Task U blocked at 145
Task N blocked at 146
Task G blocked at 148
Task M unblocked at 148
Task M blocked at 149
Task P unblocked at 149
Task U unblocked at 151
Task W arrived at 152
Task P blocked at 153
Task F unblocked at 154
Task T unblocked at 154
Task U blocked at 155
Task P unblocked at 156
Task G unblocked at 157
Task W blocked at 159
Task X arrived at 159
Task F finished at 160
Task U unblocked at 161
Task W unblocked at 162
Task M unblocked at 163
Task N unblocked at 163
Task U blocked at 165
Task M blocked at 166
Task N blocked at 168
Task P blocked at 171
Task U unblocked at 171
Task Y arrived at 171
Task W finished at 172
Task U blocked at 173
Task G blocked at 175
Task T blocked at 176
Task P unblocked at 177
Task M unblocked at 178
Task U unblocked at 178
Task N unblocked at 180
Task M blocked at 182
Task Z arrived at 183
Task U blocked at 186
Task M unblocked at 186
Task N blocked at 187
Task G unblocked at 189
Task G finished at 191
Task P blocked at 192
Task M finished at 193
Task T unblocked at 195
Task N unblocked at 196
Task T blocked at 199
Task U unblocked at 199
Task N blocked at 200
Task U blocked at 203
Task P unblocked at 203
Task U unblocked at 204
Task P finished at 205
Task T unblocked at 206
Task U blocked at 207
Task T blocked at 210
Task Y blocked at 211
Task H blocked at 213
Task I blocked at 215
Task N unblocked at 215
Task N blocked at 217
Task H unblocked at 217
Task U unblocked at 219
Task U finished at 223
Task Y unblocked at 223
Task H blocked at 225
Task T unblocked at 225
Task T blocked at 229
Task Y blocked at 230
Task V blocked at 233
Task N unblocked at 233
Task N finished at 235
Task Z blocked at 238
Task L blocked at 239
Task I unblocked at 239
Task T unblocked at 240
Task I blocked at 241
Task T blocked at 243
Task I unblocked at 243
Task Z unblocked at 244
Task I blocked at 246
Task V unblocked at 247
Task H unblocked at 248
Task T unblocked at 248
Task T blocked at 249
Task Z blocked at 250
Task V blocked at 251
Task Y unblocked at 252
Task Y finished at 253
Task H blocked at 254
Task I unblocked at 255
Task T unblocked at 257
Task L unblocked at 260
Task T blocked at 261
Task I blocked at 262
Task L blocked at 264
Task I unblocked at 265
Task Z unblocked at 267
Task I blocked at 268
Task H unblocked at 270
Task L unblocked at 271
Task H blocked at 272
Task V unblocked at 274
Task T unblocked at 275
Task V blocked at 277
Task L blocked at 279
Task Z blocked at 280
Task H unblocked at 280
Task H blocked at 281
Task V unblocked at 281
Task V blocked at 285
Task Z unblocked at 287
Task T finished at 289
Task I unblocked at 289
Task I blocked at 291
Task Z blocked at 293
Task Q blocked at 295
Task R finished at 296
Task O blocked at 297
Task L unblocked at 298
Task L blocked at 299
Task H unblocked at 299
Task H blocked at 300
Task X blocked at 303
Task X unblocked at 304
Task X finished at 306
Task I unblocked at 307
Task V unblocked at 307
Task I blocked at 309
Task V blocked at 310
Task O unblocked at 310
Task H unblocked at 311
Task H blocked at 313
Task Z unblocked at 315
Task O blocked at 316
Task I unblocked at 316
Task L unblocked at 317
Task Q unblocked at 317
Task L blocked at 321
Task O unblocked at 321
Task V unblocked at 321
Task V blocked at 322
Task Z blocked at 325
Task I blocked at 326
Task H unblocked at 327
Task Z unblocked at 328
Task H blocked at 329
Task I unblocked at 329
Task L unblocked at 329
Task H unblocked at 330
Task I finished at 331
Task H finished at 334
Task O blocked at 337
Task Z blocked at 338
Task L blocked at 342
Task Q blocked at 345
Task V unblocked at 345
Task V finished at 346
Task O unblocked at 349
Task L unblocked at 350
Task O blocked at 353
Task Z unblocked at 356
Task Z blocked at 358
Task L finished at 359
Task O unblocked at 365
Task O blocked at 366
Task Z unblocked at 367
Task Z blocked at 369
Task Q unblocked at 372
Task Q finished at 376
Task Z unblocked at 378
Task Z finished at 382
Task O unblocked at 391
Task O blocked at 394
Task O unblocked at 406
Task O blocked at 407
Task O unblocked at 427
Task O finished at 428
Task A: priority=3, start=0, finish=3, deadline=3, runtime=3, blocktime=0, switches=1, bursts=1
Task B: priority=0, start=7, finish=118, deadline=133, runtime=14, blocktime=91, switches=14, bursts=7
Task C: priority=3, start=10, finish=63, deadline=71, runtime=15, blocktime=36, switches=11, bursts=6
Task D: priority=2, start=10, finish=73, deadline=84, runtime=11, blocktime=51, switches=7, bursts=4
Task E: priority=1, start=20, finish=21, deadline=21, runtime=1, blocktime=0, switches=1, bursts=1
Task F: priority=2, start=33, finish=160, deadline=137, runtime=22, blocktime=65, switches=16, bursts=7
Task G: priority=2, start=42, finish=191, deadline=110, runtime=16, blocktime=41, switches=12, bursts=5
Task H: priority=1, start=45, finish=334, deadline=184, runtime=21, blocktime=95, switches=21, bursts=9
Task I: priority=1, start=58, finish=331, deadline=184, runtime=20, blocktime=85, switches=18, bursts=9
Task J: priority=3, start=58, finish=129, deadline=122, runtime=18, blocktime=36, switches=12, bursts=6
Task K: priority=3, start=68, finish=91, deadline=90, runtime=5, blocktime=14, switches=3, bursts=2
Task L: priority=0, start=76, finish=359, deadline=197, runtime=20, blocktime=81, switches=15, bursts=7
Task M: priority=3, start=81, finish=193, deadline=193, runtime=18, blocktime=76, switches=18, bursts=9
Task N: priority=2, start=92, finish=235, deadline=234, runtime=15, blocktime=104, switches=15, bursts=8
Task O: priority=0, start=103, finish=428, deadline=244, runtime=19, blocktime=99, switches=17, bursts=8
Task P: priority=3, start=110, finish=205, deadline=178, runtime=19, blocktime=38, switches=15, bursts=6
Task Q: priority=0, start=114, finish=376, deadline=186, runtime=11, blocktime=49, switches=7, bursts=3
Task R: priority=0, start=116, finish=296, deadline=117, runtime=1, blocktime=0, switches=1, bursts=1
Task S: priority=3, start=119, finish=122, deadline=122, runtime=3, blocktime=0, switches=1, bursts=1
Task T: priority=2, start=127, finish=289, deadline=266, runtime=27, blocktime=89, switches=17, bursts=9
Task U: priority=3, start=132, finish=223, deadline=230, runtime=24, blocktime=58, switches=17, bursts=9
Task V: priority=1, start=139, finish=346, deadline=272, runtime=14, blocktime=97, switches=13, bursts=7
Task W: priority=3, start=152, finish=172, deadline=161, runtime=5, blocktime=3, switches=3, bursts=2
Task X: priority=0, start=159, finish=306, deadline=167, runtime=6, blocktime=1, switches=4, bursts=2
Task Y: priority=1, start=171, finish=253, deadline=219, runtime=6, blocktime=34, switches=7, bursts=3
Task Z: priority=1, start=183, finish=382, deadline=321, runtime=24, blocktime=91, switches=20, bursts=9
